INFO - 2024-11-08 17:16:57 --> Session: Class initialized using 'CodeIgniter\Session\Handlers\FileHandler' driver.
INFO - 2024-11-08 17:17:04 --> Session: Class initialized using 'CodeIgniter\Session\Handlers\FileHandler' driver.
CRITICAL - 2024-11-08 17:17:04 --> ErrorException: foreach() argument must be of type array|object, string given
[Method: GET, Route: consultorio/add]
in APPPATH\Views\consultorio\add.php on line 38.
 1 APPPATH\Views\consultorio\add.php(38): CodeIgniter\Debug\Exceptions->errorHandler(2, 'foreach() argument must be of type array|object, string given', 'C:\\xampp\\htdocs\\Consultorio\\app\\Views\\consultorio\\add.php', 38)
 2 SYSTEMPATH\View\View.php(234): include('C:\\xampp\\htdocs\\Consultorio\\app\\Views\\consultorio\\add.php')
 3 SYSTEMPATH\View\View.php(237): CodeIgniter\View\View->CodeIgniter\View\{closure}()
 4 SYSTEMPATH\Common.php(1169): CodeIgniter\View\View->render('consultorio/add', [], true)
 5 APPPATH\Controllers\Consultorio.php(52): view('consultorio/add', [...])
 6 SYSTEMPATH\CodeIgniter.php(933): App\Controllers\Consultorio->add()
 7 SYSTEMPATH\CodeIgniter.php(509): CodeIgniter\CodeIgniter->runController(Object(App\Controllers\Consultorio))
 8 SYSTEMPATH\CodeIgniter.php(355): CodeIgniter\CodeIgniter->handleRequest(null, Object(Config\Cache), false)
 9 SYSTEMPATH\Boot.php(325): CodeIgniter\CodeIgniter->run()
10 SYSTEMPATH\Boot.php(67): CodeIgniter\Boot::runCodeIgniter(Object(CodeIgniter\CodeIgniter))
11 FCPATH\index.php(56): CodeIgniter\Boot::bootWeb(Object(Config\Paths))
12 SYSTEMPATH\rewrite.php(44): require_once('C:\\xampp\\htdocs\\Consultorio\\public\\index.php')
INFO - 2024-11-08 17:20:01 --> Session: Class initialized using 'CodeIgniter\Session\Handlers\FileHandler' driver.
CRITICAL - 2024-11-08 17:20:02 --> ErrorException: foreach() argument must be of type array|object, string given
[Method: GET, Route: consultorio/add]
in APPPATH\Views\consultorio\add.php on line 38.
 1 APPPATH\Views\consultorio\add.php(38): CodeIgniter\Debug\Exceptions->errorHandler(2, 'foreach() argument must be of type array|object, string given', 'C:\\xampp\\htdocs\\Consultorio\\app\\Views\\consultorio\\add.php', 38)
 2 SYSTEMPATH\View\View.php(234): include('C:\\xampp\\htdocs\\Consultorio\\app\\Views\\consultorio\\add.php')
 3 SYSTEMPATH\View\View.php(237): CodeIgniter\View\View->CodeIgniter\View\{closure}()
 4 SYSTEMPATH\Common.php(1169): CodeIgniter\View\View->render('consultorio/add', [], true)
 5 APPPATH\Controllers\Consultorio.php(52): view('consultorio/add', [...])
 6 SYSTEMPATH\CodeIgniter.php(933): App\Controllers\Consultorio->add()
 7 SYSTEMPATH\CodeIgniter.php(509): CodeIgniter\CodeIgniter->runController(Object(App\Controllers\Consultorio))
 8 SYSTEMPATH\CodeIgniter.php(355): CodeIgniter\CodeIgniter->handleRequest(null, Object(Config\Cache), false)
 9 SYSTEMPATH\Boot.php(325): CodeIgniter\CodeIgniter->run()
10 SYSTEMPATH\Boot.php(67): CodeIgniter\Boot::runCodeIgniter(Object(CodeIgniter\CodeIgniter))
11 FCPATH\index.php(56): CodeIgniter\Boot::bootWeb(Object(Config\Paths))
12 SYSTEMPATH\rewrite.php(44): require_once('C:\\xampp\\htdocs\\Consultorio\\public\\index.php')
INFO - 2024-11-08 17:20:03 --> Session: Class initialized using 'CodeIgniter\Session\Handlers\FileHandler' driver.
CRITICAL - 2024-11-08 17:20:03 --> ErrorException: foreach() argument must be of type array|object, string given
[Method: GET, Route: consultorio/add]
in APPPATH\Views\consultorio\add.php on line 38.
 1 APPPATH\Views\consultorio\add.php(38): CodeIgniter\Debug\Exceptions->errorHandler(2, 'foreach() argument must be of type array|object, string given', 'C:\\xampp\\htdocs\\Consultorio\\app\\Views\\consultorio\\add.php', 38)
 2 SYSTEMPATH\View\View.php(234): include('C:\\xampp\\htdocs\\Consultorio\\app\\Views\\consultorio\\add.php')
 3 SYSTEMPATH\View\View.php(237): CodeIgniter\View\View->CodeIgniter\View\{closure}()
 4 SYSTEMPATH\Common.php(1169): CodeIgniter\View\View->render('consultorio/add', [], true)
 5 APPPATH\Controllers\Consultorio.php(52): view('consultorio/add', [...])
 6 SYSTEMPATH\CodeIgniter.php(933): App\Controllers\Consultorio->add()
 7 SYSTEMPATH\CodeIgniter.php(509): CodeIgniter\CodeIgniter->runController(Object(App\Controllers\Consultorio))
 8 SYSTEMPATH\CodeIgniter.php(355): CodeIgniter\CodeIgniter->handleRequest(null, Object(Config\Cache), false)
 9 SYSTEMPATH\Boot.php(325): CodeIgniter\CodeIgniter->run()
10 SYSTEMPATH\Boot.php(67): CodeIgniter\Boot::runCodeIgniter(Object(CodeIgniter\CodeIgniter))
11 FCPATH\index.php(56): CodeIgniter\Boot::bootWeb(Object(Config\Paths))
12 SYSTEMPATH\rewrite.php(44): require_once('C:\\xampp\\htdocs\\Consultorio\\public\\index.php')
INFO - 2024-11-08 17:20:04 --> Session: Class initialized using 'CodeIgniter\Session\Handlers\FileHandler' driver.
INFO - 2024-11-08 17:20:06 --> Session: Class initialized using 'CodeIgniter\Session\Handlers\FileHandler' driver.
CRITICAL - 2024-11-08 17:20:06 --> ErrorException: foreach() argument must be of type array|object, string given
[Method: GET, Route: consultorio/add]
in APPPATH\Views\consultorio\add.php on line 38.
 1 APPPATH\Views\consultorio\add.php(38): CodeIgniter\Debug\Exceptions->errorHandler(2, 'foreach() argument must be of type array|object, string given', 'C:\\xampp\\htdocs\\Consultorio\\app\\Views\\consultorio\\add.php', 38)
 2 SYSTEMPATH\View\View.php(234): include('C:\\xampp\\htdocs\\Consultorio\\app\\Views\\consultorio\\add.php')
 3 SYSTEMPATH\View\View.php(237): CodeIgniter\View\View->CodeIgniter\View\{closure}()
 4 SYSTEMPATH\Common.php(1169): CodeIgniter\View\View->render('consultorio/add', [], true)
 5 APPPATH\Controllers\Consultorio.php(52): view('consultorio/add', [...])
 6 SYSTEMPATH\CodeIgniter.php(933): App\Controllers\Consultorio->add()
 7 SYSTEMPATH\CodeIgniter.php(509): CodeIgniter\CodeIgniter->runController(Object(App\Controllers\Consultorio))
 8 SYSTEMPATH\CodeIgniter.php(355): CodeIgniter\CodeIgniter->handleRequest(null, Object(Config\Cache), false)
 9 SYSTEMPATH\Boot.php(325): CodeIgniter\CodeIgniter->run()
10 SYSTEMPATH\Boot.php(67): CodeIgniter\Boot::runCodeIgniter(Object(CodeIgniter\CodeIgniter))
11 FCPATH\index.php(56): CodeIgniter\Boot::bootWeb(Object(Config\Paths))
12 SYSTEMPATH\rewrite.php(44): require_once('C:\\xampp\\htdocs\\Consultorio\\public\\index.php')
INFO - 2024-11-08 17:20:38 --> Session: Class initialized using 'CodeIgniter\Session\Handlers\FileHandler' driver.
CRITICAL - 2024-11-08 17:20:38 --> ErrorException: foreach() argument must be of type array|object, string given
[Method: GET, Route: consultorio/add]
in APPPATH\Views\consultorio\add.php on line 37.
 1 APPPATH\Views\consultorio\add.php(37): CodeIgniter\Debug\Exceptions->errorHandler(2, 'foreach() argument must be of type array|object, string given', 'C:\\xampp\\htdocs\\Consultorio\\app\\Views\\consultorio\\add.php', 37)
 2 SYSTEMPATH\View\View.php(234): include('C:\\xampp\\htdocs\\Consultorio\\app\\Views\\consultorio\\add.php')
 3 SYSTEMPATH\View\View.php(237): CodeIgniter\View\View->CodeIgniter\View\{closure}()
 4 SYSTEMPATH\Common.php(1169): CodeIgniter\View\View->render('consultorio/add', [], true)
 5 APPPATH\Controllers\Consultorio.php(52): view('consultorio/add', [...])
 6 SYSTEMPATH\CodeIgniter.php(933): App\Controllers\Consultorio->add()
 7 SYSTEMPATH\CodeIgniter.php(509): CodeIgniter\CodeIgniter->runController(Object(App\Controllers\Consultorio))
 8 SYSTEMPATH\CodeIgniter.php(355): CodeIgniter\CodeIgniter->handleRequest(null, Object(Config\Cache), false)
 9 SYSTEMPATH\Boot.php(325): CodeIgniter\CodeIgniter->run()
10 SYSTEMPATH\Boot.php(67): CodeIgniter\Boot::runCodeIgniter(Object(CodeIgniter\CodeIgniter))
11 FCPATH\index.php(56): CodeIgniter\Boot::bootWeb(Object(Config\Paths))
12 SYSTEMPATH\rewrite.php(44): require_once('C:\\xampp\\htdocs\\Consultorio\\public\\index.php')
INFO - 2024-11-08 17:20:40 --> Session: Class initialized using 'CodeIgniter\Session\Handlers\FileHandler' driver.
CRITICAL - 2024-11-08 17:20:40 --> ErrorException: foreach() argument must be of type array|object, string given
[Method: GET, Route: consultorio/add]
in APPPATH\Views\consultorio\add.php on line 37.
 1 APPPATH\Views\consultorio\add.php(37): CodeIgniter\Debug\Exceptions->errorHandler(2, 'foreach() argument must be of type array|object, string given', 'C:\\xampp\\htdocs\\Consultorio\\app\\Views\\consultorio\\add.php', 37)
 2 SYSTEMPATH\View\View.php(234): include('C:\\xampp\\htdocs\\Consultorio\\app\\Views\\consultorio\\add.php')
 3 SYSTEMPATH\View\View.php(237): CodeIgniter\View\View->CodeIgniter\View\{closure}()
 4 SYSTEMPATH\Common.php(1169): CodeIgniter\View\View->render('consultorio/add', [], true)
 5 APPPATH\Controllers\Consultorio.php(52): view('consultorio/add', [...])
 6 SYSTEMPATH\CodeIgniter.php(933): App\Controllers\Consultorio->add()
 7 SYSTEMPATH\CodeIgniter.php(509): CodeIgniter\CodeIgniter->runController(Object(App\Controllers\Consultorio))
 8 SYSTEMPATH\CodeIgniter.php(355): CodeIgniter\CodeIgniter->handleRequest(null, Object(Config\Cache), false)
 9 SYSTEMPATH\Boot.php(325): CodeIgniter\CodeIgniter->run()
10 SYSTEMPATH\Boot.php(67): CodeIgniter\Boot::runCodeIgniter(Object(CodeIgniter\CodeIgniter))
11 FCPATH\index.php(56): CodeIgniter\Boot::bootWeb(Object(Config\Paths))
12 SYSTEMPATH\rewrite.php(44): require_once('C:\\xampp\\htdocs\\Consultorio\\public\\index.php')
INFO - 2024-11-08 17:22:05 --> Session: Class initialized using 'CodeIgniter\Session\Handlers\FileHandler' driver.
CRITICAL - 2024-11-08 17:22:05 --> ErrorException: foreach() argument must be of type array|object, string given
[Method: GET, Route: consultorio/add]
in APPPATH\Views\consultorio\add.php on line 37.
 1 APPPATH\Views\consultorio\add.php(37): CodeIgniter\Debug\Exceptions->errorHandler(2, 'foreach() argument must be of type array|object, string given', 'C:\\xampp\\htdocs\\Consultorio\\app\\Views\\consultorio\\add.php', 37)
 2 SYSTEMPATH\View\View.php(234): include('C:\\xampp\\htdocs\\Consultorio\\app\\Views\\consultorio\\add.php')
 3 SYSTEMPATH\View\View.php(237): CodeIgniter\View\View->CodeIgniter\View\{closure}()
 4 SYSTEMPATH\Common.php(1169): CodeIgniter\View\View->render('consultorio/add', [], true)
 5 APPPATH\Controllers\Consultorio.php(52): view('consultorio/add', [...])
 6 SYSTEMPATH\CodeIgniter.php(933): App\Controllers\Consultorio->add()
 7 SYSTEMPATH\CodeIgniter.php(509): CodeIgniter\CodeIgniter->runController(Object(App\Controllers\Consultorio))
 8 SYSTEMPATH\CodeIgniter.php(355): CodeIgniter\CodeIgniter->handleRequest(null, Object(Config\Cache), false)
 9 SYSTEMPATH\Boot.php(325): CodeIgniter\CodeIgniter->run()
10 SYSTEMPATH\Boot.php(67): CodeIgniter\Boot::runCodeIgniter(Object(CodeIgniter\CodeIgniter))
11 FCPATH\index.php(56): CodeIgniter\Boot::bootWeb(Object(Config\Paths))
12 SYSTEMPATH\rewrite.php(44): require_once('C:\\xampp\\htdocs\\Consultorio\\public\\index.php')
CRITICAL - 2024-11-08 17:22:21 --> ParseError: syntax error, unexpected end of file
[Method: GET, Route: consultorio/add]
in APPPATH\Views\consultorio\add.php on line 59.
 1 SYSTEMPATH\View\View.php(237): CodeIgniter\View\View->CodeIgniter\View\{closure}()
 2 SYSTEMPATH\Common.php(1169): CodeIgniter\View\View->render('consultorio/add', [], true)
 3 APPPATH\Controllers\Consultorio.php(52): view('consultorio/add', [...])
 4 SYSTEMPATH\CodeIgniter.php(933): App\Controllers\Consultorio->add()
 5 SYSTEMPATH\CodeIgniter.php(509): CodeIgniter\CodeIgniter->runController(Object(App\Controllers\Consultorio))
 6 SYSTEMPATH\CodeIgniter.php(355): CodeIgniter\CodeIgniter->handleRequest(null, Object(Config\Cache), false)
 7 SYSTEMPATH\Boot.php(325): CodeIgniter\CodeIgniter->run()
 8 SYSTEMPATH\Boot.php(67): CodeIgniter\Boot::runCodeIgniter(Object(CodeIgniter\CodeIgniter))
 9 FCPATH\index.php(56): CodeIgniter\Boot::bootWeb(Object(Config\Paths))
10 SYSTEMPATH\rewrite.php(44): require_once('C:\\xampp\\htdocs\\Consultorio\\public\\index.php')
INFO - 2024-11-08 17:23:11 --> Session: Class initialized using 'CodeIgniter\Session\Handlers\FileHandler' driver.
CRITICAL - 2024-11-08 17:23:11 --> ErrorException: Undefined variable $direccion
[Method: GET, Route: consultorio/add]
in APPPATH\Views\consultorio\add.php on line 38.
 1 APPPATH\Views\consultorio\add.php(38): CodeIgniter\Debug\Exceptions->errorHandler(2, 'Undefined variable $direccion', 'C:\\xampp\\htdocs\\Consultorio\\app\\Views\\consultorio\\add.php', 38)
 2 SYSTEMPATH\View\View.php(234): include('C:\\xampp\\htdocs\\Consultorio\\app\\Views\\consultorio\\add.php')
 3 SYSTEMPATH\View\View.php(237): CodeIgniter\View\View->CodeIgniter\View\{closure}()
 4 SYSTEMPATH\Common.php(1169): CodeIgniter\View\View->render('consultorio/add', [], true)
 5 APPPATH\Controllers\Consultorio.php(52): view('consultorio/add', [...])
 6 SYSTEMPATH\CodeIgniter.php(933): App\Controllers\Consultorio->add()
 7 SYSTEMPATH\CodeIgniter.php(509): CodeIgniter\CodeIgniter->runController(Object(App\Controllers\Consultorio))
 8 SYSTEMPATH\CodeIgniter.php(355): CodeIgniter\CodeIgniter->handleRequest(null, Object(Config\Cache), false)
 9 SYSTEMPATH\Boot.php(325): CodeIgniter\CodeIgniter->run()
10 SYSTEMPATH\Boot.php(67): CodeIgniter\Boot::runCodeIgniter(Object(CodeIgniter\CodeIgniter))
11 FCPATH\index.php(56): CodeIgniter\Boot::bootWeb(Object(Config\Paths))
12 SYSTEMPATH\rewrite.php(44): require_once('C:\\xampp\\htdocs\\Consultorio\\public\\index.php')
INFO - 2024-11-08 17:23:25 --> Session: Class initialized using 'CodeIgniter\Session\Handlers\FileHandler' driver.
