INFO - 2024-09-25 01:42:10 --> Session: Class initialized using 'CodeIgniter\Session\Handlers\FileHandler' driver.
CRITICAL - 2024-09-25 01:42:10 --> ErrorException: Undefined array key "nombre"
[Method: GET, Route: paciente]
in APPPATH\Views\menu.php on line 28.
 1 APPPATH\Views\menu.php(28): CodeIgniter\Debug\Exceptions->errorHandler(2, 'Undefined array key "nombre"', 'C:\\xampp\\htdocs\\Consultorio\\app\\Views\\menu.php', 28)
 2 SYSTEMPATH\View\View.php(234): include('C:\\xampp\\htdocs\\Consultorio\\app\\Views\\menu.php')
 3 SYSTEMPATH\View\View.php(237): CodeIgniter\View\View->CodeIgniter\View\{closure}()
 4 SYSTEMPATH\Common.php(1169): CodeIgniter\View\View->render('menu', [], true)
 5 APPPATH\Controllers\Paciente.php(28): view('menu')
 6 SYSTEMPATH\CodeIgniter.php(933): App\Controllers\Paciente->index()
 7 SYSTEMPATH\CodeIgniter.php(509): CodeIgniter\CodeIgniter->runController(Object(App\Controllers\Paciente))
 8 SYSTEMPATH\CodeIgniter.php(355): CodeIgniter\CodeIgniter->handleRequest(null, Object(Config\Cache), false)
 9 SYSTEMPATH\Boot.php(325): CodeIgniter\CodeIgniter->run()
10 SYSTEMPATH\Boot.php(67): CodeIgniter\Boot::runCodeIgniter(Object(CodeIgniter\CodeIgniter))
11 FCPATH\index.php(56): CodeIgniter\Boot::bootWeb(Object(Config\Paths))
12 SYSTEMPATH\rewrite.php(44): require_once('C:\\xampp\\htdocs\\Consultorio\\public\\index.php')
INFO - 2024-09-25 01:42:10 --> Session: Class initialized using 'CodeIgniter\Session\Handlers\FileHandler' driver.
CRITICAL - 2024-09-25 01:42:10 --> ErrorException: Undefined array key "nombre"
[Method: GET, Route: paciente]
in APPPATH\Views\menu.php on line 28.
 1 APPPATH\Views\menu.php(28): CodeIgniter\Debug\Exceptions->errorHandler(2, 'Undefined array key "nombre"', 'C:\\xampp\\htdocs\\Consultorio\\app\\Views\\menu.php', 28)
 2 SYSTEMPATH\View\View.php(234): include('C:\\xampp\\htdocs\\Consultorio\\app\\Views\\menu.php')
 3 SYSTEMPATH\View\View.php(237): CodeIgniter\View\View->CodeIgniter\View\{closure}()
 4 SYSTEMPATH\Common.php(1169): CodeIgniter\View\View->render('menu', [], true)
 5 APPPATH\Controllers\Paciente.php(28): view('menu')
 6 SYSTEMPATH\CodeIgniter.php(933): App\Controllers\Paciente->index()
 7 SYSTEMPATH\CodeIgniter.php(509): CodeIgniter\CodeIgniter->runController(Object(App\Controllers\Paciente))
 8 SYSTEMPATH\CodeIgniter.php(355): CodeIgniter\CodeIgniter->handleRequest(null, Object(Config\Cache), false)
 9 SYSTEMPATH\Boot.php(325): CodeIgniter\CodeIgniter->run()
10 SYSTEMPATH\Boot.php(67): CodeIgniter\Boot::runCodeIgniter(Object(CodeIgniter\CodeIgniter))
11 FCPATH\index.php(56): CodeIgniter\Boot::bootWeb(Object(Config\Paths))
12 SYSTEMPATH\rewrite.php(44): require_once('C:\\xampp\\htdocs\\Consultorio\\public\\index.php')
INFO - 2024-09-25 01:42:24 --> Session: Class initialized using 'CodeIgniter\Session\Handlers\FileHandler' driver.
INFO - 2024-09-25 01:42:25 --> Session: Class initialized using 'CodeIgniter\Session\Handlers\FileHandler' driver.
INFO - 2024-09-25 01:42:31 --> Session: Class initialized using 'CodeIgniter\Session\Handlers\FileHandler' driver.
INFO - 2024-09-25 01:42:34 --> Session: Class initialized using 'CodeIgniter\Session\Handlers\FileHandler' driver.
INFO - 2024-09-25 01:42:38 --> Session: Class initialized using 'CodeIgniter\Session\Handlers\FileHandler' driver.
INFO - 2024-09-25 01:50:10 --> Session: Class initialized using 'CodeIgniter\Session\Handlers\FileHandler' driver.
INFO - 2024-09-25 02:06:17 --> Session: Class initialized using 'CodeIgniter\Session\Handlers\FileHandler' driver.
INFO - 2024-09-25 02:15:29 --> Session: Class initialized using 'CodeIgniter\Session\Handlers\FileHandler' driver.
INFO - 2024-09-25 02:37:35 --> Session: Class initialized using 'CodeIgniter\Session\Handlers\FileHandler' driver.
INFO - 2024-09-25 02:37:38 --> Session: Class initialized using 'CodeIgniter\Session\Handlers\FileHandler' driver.
INFO - 2024-09-25 02:38:04 --> Session: Class initialized using 'CodeIgniter\Session\Handlers\FileHandler' driver.
INFO - 2024-09-25 02:46:07 --> Session: Class initialized using 'CodeIgniter\Session\Handlers\FileHandler' driver.
INFO - 2024-09-25 02:46:07 --> Session: Class initialized using 'CodeIgniter\Session\Handlers\FileHandler' driver.
INFO - 2024-09-25 02:46:11 --> Session: Class initialized using 'CodeIgniter\Session\Handlers\FileHandler' driver.
INFO - 2024-09-25 03:27:30 --> Session: Class initialized using 'CodeIgniter\Session\Handlers\FileHandler' driver.
INFO - 2024-09-25 03:40:26 --> Session: Class initialized using 'CodeIgniter\Session\Handlers\FileHandler' driver.
INFO - 2024-09-25 03:40:27 --> Session: Class initialized using 'CodeIgniter\Session\Handlers\FileHandler' driver.
INFO - 2024-09-25 03:40:56 --> Session: Class initialized using 'CodeIgniter\Session\Handlers\FileHandler' driver.
INFO - 2024-09-25 03:41:31 --> Session: Class initialized using 'CodeIgniter\Session\Handlers\FileHandler' driver.
INFO - 2024-09-25 03:43:34 --> Session: Class initialized using 'CodeIgniter\Session\Handlers\FileHandler' driver.
INFO - 2024-09-25 03:43:46 --> Session: Class initialized using 'CodeIgniter\Session\Handlers\FileHandler' driver.
INFO - 2024-09-25 03:44:46 --> Session: Class initialized using 'CodeIgniter\Session\Handlers\FileHandler' driver.
INFO - 2024-09-25 03:55:12 --> Session: Class initialized using 'CodeIgniter\Session\Handlers\FileHandler' driver.
INFO - 2024-09-25 03:55:14 --> Session: Class initialized using 'CodeIgniter\Session\Handlers\FileHandler' driver.
INFO - 2024-09-25 03:55:34 --> Session: Class initialized using 'CodeIgniter\Session\Handlers\FileHandler' driver.
INFO - 2024-09-25 03:55:36 --> Session: Class initialized using 'CodeIgniter\Session\Handlers\FileHandler' driver.
INFO - 2024-09-25 03:55:53 --> Session: Class initialized using 'CodeIgniter\Session\Handlers\FileHandler' driver.
INFO - 2024-09-25 03:56:14 --> Session: Class initialized using 'CodeIgniter\Session\Handlers\FileHandler' driver.
INFO - 2024-09-25 03:57:06 --> Session: Class initialized using 'CodeIgniter\Session\Handlers\FileHandler' driver.
INFO - 2024-09-25 03:57:08 --> Session: Class initialized using 'CodeIgniter\Session\Handlers\FileHandler' driver.
INFO - 2024-09-25 03:57:43 --> Session: Class initialized using 'CodeIgniter\Session\Handlers\FileHandler' driver.
INFO - 2024-09-25 03:57:44 --> Session: Class initialized using 'CodeIgniter\Session\Handlers\FileHandler' driver.
INFO - 2024-09-25 03:57:52 --> Session: Class initialized using 'CodeIgniter\Session\Handlers\FileHandler' driver.
INFO - 2024-09-25 03:57:59 --> Session: Class initialized using 'CodeIgniter\Session\Handlers\FileHandler' driver.
INFO - 2024-09-25 03:58:03 --> Session: Class initialized using 'CodeIgniter\Session\Handlers\FileHandler' driver.
INFO - 2024-09-25 03:58:25 --> Session: Class initialized using 'CodeIgniter\Session\Handlers\FileHandler' driver.
INFO - 2024-09-25 03:58:33 --> Session: Class initialized using 'CodeIgniter\Session\Handlers\FileHandler' driver.
INFO - 2024-09-25 04:01:01 --> Session: Class initialized using 'CodeIgniter\Session\Handlers\FileHandler' driver.
INFO - 2024-09-25 04:01:04 --> Session: Class initialized using 'CodeIgniter\Session\Handlers\FileHandler' driver.
INFO - 2024-09-25 04:01:06 --> Session: Class initialized using 'CodeIgniter\Session\Handlers\FileHandler' driver.
INFO - 2024-09-25 04:04:39 --> Session: Class initialized using 'CodeIgniter\Session\Handlers\FileHandler' driver.
INFO - 2024-09-25 04:05:55 --> Session: Class initialized using 'CodeIgniter\Session\Handlers\FileHandler' driver.
INFO - 2024-09-25 04:06:16 --> Session: Class initialized using 'CodeIgniter\Session\Handlers\FileHandler' driver.
INFO - 2024-09-25 04:07:09 --> Session: Class initialized using 'CodeIgniter\Session\Handlers\FileHandler' driver.
INFO - 2024-09-25 04:07:11 --> Session: Class initialized using 'CodeIgniter\Session\Handlers\FileHandler' driver.
INFO - 2024-09-25 04:07:24 --> Session: Class initialized using 'CodeIgniter\Session\Handlers\FileHandler' driver.
INFO - 2024-09-25 04:14:54 --> Session: Class initialized using 'CodeIgniter\Session\Handlers\FileHandler' driver.
INFO - 2024-09-25 04:15:01 --> Session: Class initialized using 'CodeIgniter\Session\Handlers\FileHandler' driver.
INFO - 2024-09-25 04:15:11 --> Session: Class initialized using 'CodeIgniter\Session\Handlers\FileHandler' driver.
INFO - 2024-09-25 04:15:12 --> Session: Class initialized using 'CodeIgniter\Session\Handlers\FileHandler' driver.
INFO - 2024-09-25 04:15:21 --> Session: Class initialized using 'CodeIgniter\Session\Handlers\FileHandler' driver.
INFO - 2024-09-25 04:15:40 --> Session: Class initialized using 'CodeIgniter\Session\Handlers\FileHandler' driver.
INFO - 2024-09-25 04:22:03 --> Session: Class initialized using 'CodeIgniter\Session\Handlers\FileHandler' driver.
CRITICAL - 2024-09-25 04:22:06 --> BadMethodCallException: Call to undefined method App\Models\DireccionM::getDireccion
[Method: GET, Route: direccion]
in SYSTEMPATH\Model.php on line 932.
 1 APPPATH\Controllers\Direccion.php(26): CodeIgniter\Model->__call('getDireccion', [])
 2 SYSTEMPATH\CodeIgniter.php(933): App\Controllers\Direccion->index()
 3 SYSTEMPATH\CodeIgniter.php(509): CodeIgniter\CodeIgniter->runController(Object(App\Controllers\Direccion))
 4 SYSTEMPATH\CodeIgniter.php(355): CodeIgniter\CodeIgniter->handleRequest(null, Object(Config\Cache), false)
 5 SYSTEMPATH\Boot.php(325): CodeIgniter\CodeIgniter->run()
 6 SYSTEMPATH\Boot.php(67): CodeIgniter\Boot::runCodeIgniter(Object(CodeIgniter\CodeIgniter))
 7 FCPATH\index.php(56): CodeIgniter\Boot::bootWeb(Object(Config\Paths))
 8 SYSTEMPATH\rewrite.php(44): require_once('C:\\xampp\\htdocs\\Consultorio\\public\\index.php')
INFO - 2024-09-25 04:22:47 --> Session: Class initialized using 'CodeIgniter\Session\Handlers\FileHandler' driver.
INFO - 2024-09-25 04:28:49 --> Session: Class initialized using 'CodeIgniter\Session\Handlers\FileHandler' driver.
CRITICAL - 2024-09-25 04:28:49 --> ErrorException: Undefined variable $consultorio
[Method: GET, Route: direccion/edit/1]
in APPPATH\Views\direccion\edit.php on line 16.
 1 APPPATH\Views\direccion\edit.php(16): CodeIgniter\Debug\Exceptions->errorHandler(2, 'Undefined variable $consultorio', 'C:\\xampp\\htdocs\\Consultorio\\app\\Views\\direccion\\edit.php', 16)
 2 SYSTEMPATH\View\View.php(234): include('C:\\xampp\\htdocs\\Consultorio\\app\\Views\\direccion\\edit.php')
 3 SYSTEMPATH\View\View.php(237): CodeIgniter\View\View->CodeIgniter\View\{closure}()
 4 SYSTEMPATH\Common.php(1169): CodeIgniter\View\View->render('direccion/edit', [], true)
 5 APPPATH\Controllers\Direccion.php(64): view('direccion/edit', [...])
 6 SYSTEMPATH\CodeIgniter.php(933): App\Controllers\Direccion->edit('1')
 7 SYSTEMPATH\CodeIgniter.php(509): CodeIgniter\CodeIgniter->runController(Object(App\Controllers\Direccion))
 8 SYSTEMPATH\CodeIgniter.php(355): CodeIgniter\CodeIgniter->handleRequest(null, Object(Config\Cache), false)
 9 SYSTEMPATH\Boot.php(325): CodeIgniter\CodeIgniter->run()
10 SYSTEMPATH\Boot.php(67): CodeIgniter\Boot::runCodeIgniter(Object(CodeIgniter\CodeIgniter))
11 FCPATH\index.php(56): CodeIgniter\Boot::bootWeb(Object(Config\Paths))
12 SYSTEMPATH\rewrite.php(44): require_once('C:\\xampp\\htdocs\\Consultorio\\public\\index.php')
INFO - 2024-09-25 04:32:40 --> Session: Class initialized using 'CodeIgniter\Session\Handlers\FileHandler' driver.
INFO - 2024-09-25 04:32:42 --> Session: Class initialized using 'CodeIgniter\Session\Handlers\FileHandler' driver.
INFO - 2024-09-25 04:38:54 --> Session: Class initialized using 'CodeIgniter\Session\Handlers\FileHandler' driver.
INFO - 2024-09-25 04:38:55 --> Session: Class initialized using 'CodeIgniter\Session\Handlers\FileHandler' driver.
INFO - 2024-09-25 04:38:57 --> Session: Class initialized using 'CodeIgniter\Session\Handlers\FileHandler' driver.
INFO - 2024-09-25 04:38:59 --> Session: Class initialized using 'CodeIgniter\Session\Handlers\FileHandler' driver.
INFO - 2024-09-25 04:39:01 --> Session: Class initialized using 'CodeIgniter\Session\Handlers\FileHandler' driver.
INFO - 2024-09-25 04:39:04 --> Session: Class initialized using 'CodeIgniter\Session\Handlers\FileHandler' driver.
CRITICAL - 2024-09-25 04:39:04 --> ErrorException: Undefined variable $doctor
[Method: POST, Route: doctor/update/]
in APPPATH\Views\doctor\edit.php on line 10.
 1 APPPATH\Views\doctor\edit.php(10): CodeIgniter\Debug\Exceptions->errorHandler(2, 'Undefined variable $doctor', 'C:\\xampp\\htdocs\\Consultorio\\app\\Views\\doctor\\edit.php', 10)
 2 SYSTEMPATH\View\View.php(234): include('C:\\xampp\\htdocs\\Consultorio\\app\\Views\\doctor\\edit.php')
 3 SYSTEMPATH\View\View.php(237): CodeIgniter\View\View->CodeIgniter\View\{closure}()
 4 SYSTEMPATH\Common.php(1169): CodeIgniter\View\View->render('doctor/edit', [], true)
 5 APPPATH\Controllers\Doctor.php(106): view('doctor/edit', [...])
 6 SYSTEMPATH\CodeIgniter.php(933): App\Controllers\Doctor->update()
 7 SYSTEMPATH\CodeIgniter.php(509): CodeIgniter\CodeIgniter->runController(Object(App\Controllers\Doctor))
 8 SYSTEMPATH\CodeIgniter.php(355): CodeIgniter\CodeIgniter->handleRequest(null, Object(Config\Cache), false)
 9 SYSTEMPATH\Boot.php(325): CodeIgniter\CodeIgniter->run()
10 SYSTEMPATH\Boot.php(67): CodeIgniter\Boot::runCodeIgniter(Object(CodeIgniter\CodeIgniter))
11 FCPATH\index.php(56): CodeIgniter\Boot::bootWeb(Object(Config\Paths))
12 SYSTEMPATH\rewrite.php(44): require_once('C:\\xampp\\htdocs\\Consultorio\\public\\index.php')
INFO - 2024-09-25 04:39:10 --> Session: Class initialized using 'CodeIgniter\Session\Handlers\FileHandler' driver.
INFO - 2024-09-25 04:39:59 --> Session: Class initialized using 'CodeIgniter\Session\Handlers\FileHandler' driver.
CRITICAL - 2024-09-25 04:39:59 --> ErrorException: Undefined variable $direccion
[Method: GET, Route: doctor/edit/1]
in APPPATH\Views\doctor\edit.php on line 66.
 1 APPPATH\Views\doctor\edit.php(66): CodeIgniter\Debug\Exceptions->errorHandler(2, 'Undefined variable $direccion', 'C:\\xampp\\htdocs\\Consultorio\\app\\Views\\doctor\\edit.php', 66)
 2 SYSTEMPATH\View\View.php(234): include('C:\\xampp\\htdocs\\Consultorio\\app\\Views\\doctor\\edit.php')
 3 SYSTEMPATH\View\View.php(237): CodeIgniter\View\View->CodeIgniter\View\{closure}()
 4 SYSTEMPATH\Common.php(1169): CodeIgniter\View\View->render('doctor/edit', [], true)
 5 APPPATH\Controllers\Doctor.php(72): view('doctor/edit', [...])
 6 SYSTEMPATH\CodeIgniter.php(933): App\Controllers\Doctor->edit('1')
 7 SYSTEMPATH\CodeIgniter.php(509): CodeIgniter\CodeIgniter->runController(Object(App\Controllers\Doctor))
 8 SYSTEMPATH\CodeIgniter.php(355): CodeIgniter\CodeIgniter->handleRequest(null, Object(Config\Cache), false)
 9 SYSTEMPATH\Boot.php(325): CodeIgniter\CodeIgniter->run()
10 SYSTEMPATH\Boot.php(67): CodeIgniter\Boot::runCodeIgniter(Object(CodeIgniter\CodeIgniter))
11 FCPATH\index.php(56): CodeIgniter\Boot::bootWeb(Object(Config\Paths))
12 SYSTEMPATH\rewrite.php(44): require_once('C:\\xampp\\htdocs\\Consultorio\\public\\index.php')
INFO - 2024-09-25 04:40:25 --> Session: Class initialized using 'CodeIgniter\Session\Handlers\FileHandler' driver.
CRITICAL - 2024-09-25 04:40:25 --> ErrorException: Undefined property: stdClass::$estado
[Method: GET, Route: doctor/edit/1]
in APPPATH\Views\doctor\edit.php on line 69.
 1 APPPATH\Views\doctor\edit.php(69): CodeIgniter\Debug\Exceptions->errorHandler(2, 'Undefined property: stdClass::$estado', 'C:\\xampp\\htdocs\\Consultorio\\app\\Views\\doctor\\edit.php', 69)
 2 SYSTEMPATH\View\View.php(234): include('C:\\xampp\\htdocs\\Consultorio\\app\\Views\\doctor\\edit.php')
 3 SYSTEMPATH\View\View.php(237): CodeIgniter\View\View->CodeIgniter\View\{closure}()
 4 SYSTEMPATH\Common.php(1169): CodeIgniter\View\View->render('doctor/edit', [], true)
 5 APPPATH\Controllers\Doctor.php(72): view('doctor/edit', [...])
 6 SYSTEMPATH\CodeIgniter.php(933): App\Controllers\Doctor->edit('1')
 7 SYSTEMPATH\CodeIgniter.php(509): CodeIgniter\CodeIgniter->runController(Object(App\Controllers\Doctor))
 8 SYSTEMPATH\CodeIgniter.php(355): CodeIgniter\CodeIgniter->handleRequest(null, Object(Config\Cache), false)
 9 SYSTEMPATH\Boot.php(325): CodeIgniter\CodeIgniter->run()
10 SYSTEMPATH\Boot.php(67): CodeIgniter\Boot::runCodeIgniter(Object(CodeIgniter\CodeIgniter))
11 FCPATH\index.php(56): CodeIgniter\Boot::bootWeb(Object(Config\Paths))
12 SYSTEMPATH\rewrite.php(44): require_once('C:\\xampp\\htdocs\\Consultorio\\public\\index.php')
INFO - 2024-09-25 04:41:49 --> Session: Class initialized using 'CodeIgniter\Session\Handlers\FileHandler' driver.
INFO - 2024-09-25 04:42:09 --> Session: Class initialized using 'CodeIgniter\Session\Handlers\FileHandler' driver.
INFO - 2024-09-25 04:42:11 --> Session: Class initialized using 'CodeIgniter\Session\Handlers\FileHandler' driver.
INFO - 2024-09-25 04:42:13 --> Session: Class initialized using 'CodeIgniter\Session\Handlers\FileHandler' driver.
CRITICAL - 2024-09-25 04:42:13 --> ErrorException: Undefined variable $doctor
[Method: POST, Route: doctor/update/]
in APPPATH\Views\doctor\edit.php on line 10.
 1 APPPATH\Views\doctor\edit.php(10): CodeIgniter\Debug\Exceptions->errorHandler(2, 'Undefined variable $doctor', 'C:\\xampp\\htdocs\\Consultorio\\app\\Views\\doctor\\edit.php', 10)
 2 SYSTEMPATH\View\View.php(234): include('C:\\xampp\\htdocs\\Consultorio\\app\\Views\\doctor\\edit.php')
 3 SYSTEMPATH\View\View.php(237): CodeIgniter\View\View->CodeIgniter\View\{closure}()
 4 SYSTEMPATH\Common.php(1169): CodeIgniter\View\View->render('doctor/edit', [], true)
 5 APPPATH\Controllers\Doctor.php(106): view('doctor/edit', [...])
 6 SYSTEMPATH\CodeIgniter.php(933): App\Controllers\Doctor->update()
 7 SYSTEMPATH\CodeIgniter.php(509): CodeIgniter\CodeIgniter->runController(Object(App\Controllers\Doctor))
 8 SYSTEMPATH\CodeIgniter.php(355): CodeIgniter\CodeIgniter->handleRequest(null, Object(Config\Cache), false)
 9 SYSTEMPATH\Boot.php(325): CodeIgniter\CodeIgniter->run()
10 SYSTEMPATH\Boot.php(67): CodeIgniter\Boot::runCodeIgniter(Object(CodeIgniter\CodeIgniter))
11 FCPATH\index.php(56): CodeIgniter\Boot::bootWeb(Object(Config\Paths))
12 SYSTEMPATH\rewrite.php(44): require_once('C:\\xampp\\htdocs\\Consultorio\\public\\index.php')
INFO - 2024-09-25 04:42:45 --> Session: Class initialized using 'CodeIgniter\Session\Handlers\FileHandler' driver.
CRITICAL - 2024-09-25 04:42:45 --> ErrorException: Undefined variable $doctor
[Method: POST, Route: doctor/update/]
in APPPATH\Views\doctor\edit.php on line 10.
 1 APPPATH\Views\doctor\edit.php(10): CodeIgniter\Debug\Exceptions->errorHandler(2, 'Undefined variable $doctor', 'C:\\xampp\\htdocs\\Consultorio\\app\\Views\\doctor\\edit.php', 10)
 2 SYSTEMPATH\View\View.php(234): include('C:\\xampp\\htdocs\\Consultorio\\app\\Views\\doctor\\edit.php')
 3 SYSTEMPATH\View\View.php(237): CodeIgniter\View\View->CodeIgniter\View\{closure}()
 4 SYSTEMPATH\Common.php(1169): CodeIgniter\View\View->render('doctor/edit', [], true)
 5 APPPATH\Controllers\Doctor.php(106): view('doctor/edit', [...])
 6 SYSTEMPATH\CodeIgniter.php(933): App\Controllers\Doctor->update()
 7 SYSTEMPATH\CodeIgniter.php(509): CodeIgniter\CodeIgniter->runController(Object(App\Controllers\Doctor))
 8 SYSTEMPATH\CodeIgniter.php(355): CodeIgniter\CodeIgniter->handleRequest(null, Object(Config\Cache), false)
 9 SYSTEMPATH\Boot.php(325): CodeIgniter\CodeIgniter->run()
10 SYSTEMPATH\Boot.php(67): CodeIgniter\Boot::runCodeIgniter(Object(CodeIgniter\CodeIgniter))
11 FCPATH\index.php(56): CodeIgniter\Boot::bootWeb(Object(Config\Paths))
12 SYSTEMPATH\rewrite.php(44): require_once('C:\\xampp\\htdocs\\Consultorio\\public\\index.php')
INFO - 2024-09-25 04:42:50 --> Session: Class initialized using 'CodeIgniter\Session\Handlers\FileHandler' driver.
CRITICAL - 2024-09-25 04:42:50 --> ErrorException: Undefined variable $doctor
[Method: POST, Route: doctor/update/]
in APPPATH\Views\doctor\edit.php on line 10.
 1 APPPATH\Views\doctor\edit.php(10): CodeIgniter\Debug\Exceptions->errorHandler(2, 'Undefined variable $doctor', 'C:\\xampp\\htdocs\\Consultorio\\app\\Views\\doctor\\edit.php', 10)
 2 SYSTEMPATH\View\View.php(234): include('C:\\xampp\\htdocs\\Consultorio\\app\\Views\\doctor\\edit.php')
 3 SYSTEMPATH\View\View.php(237): CodeIgniter\View\View->CodeIgniter\View\{closure}()
 4 SYSTEMPATH\Common.php(1169): CodeIgniter\View\View->render('doctor/edit', [], true)
 5 APPPATH\Controllers\Doctor.php(106): view('doctor/edit', [...])
 6 SYSTEMPATH\CodeIgniter.php(933): App\Controllers\Doctor->update()
 7 SYSTEMPATH\CodeIgniter.php(509): CodeIgniter\CodeIgniter->runController(Object(App\Controllers\Doctor))
 8 SYSTEMPATH\CodeIgniter.php(355): CodeIgniter\CodeIgniter->handleRequest(null, Object(Config\Cache), false)
 9 SYSTEMPATH\Boot.php(325): CodeIgniter\CodeIgniter->run()
10 SYSTEMPATH\Boot.php(67): CodeIgniter\Boot::runCodeIgniter(Object(CodeIgniter\CodeIgniter))
11 FCPATH\index.php(56): CodeIgniter\Boot::bootWeb(Object(Config\Paths))
12 SYSTEMPATH\rewrite.php(44): require_once('C:\\xampp\\htdocs\\Consultorio\\public\\index.php')
INFO - 2024-09-25 04:44:21 --> Session: Class initialized using 'CodeIgniter\Session\Handlers\FileHandler' driver.
CRITICAL - 2024-09-25 04:44:21 --> ErrorException: Undefined variable $doctor
[Method: POST, Route: doctor/update/]
in APPPATH\Views\doctor\edit.php on line 10.
 1 APPPATH\Views\doctor\edit.php(10): CodeIgniter\Debug\Exceptions->errorHandler(2, 'Undefined variable $doctor', 'C:\\xampp\\htdocs\\Consultorio\\app\\Views\\doctor\\edit.php', 10)
 2 SYSTEMPATH\View\View.php(234): include('C:\\xampp\\htdocs\\Consultorio\\app\\Views\\doctor\\edit.php')
 3 SYSTEMPATH\View\View.php(237): CodeIgniter\View\View->CodeIgniter\View\{closure}()
 4 SYSTEMPATH\Common.php(1169): CodeIgniter\View\View->render('doctor/edit', [], true)
 5 APPPATH\Controllers\Doctor.php(106): view('doctor/edit', [...])
 6 SYSTEMPATH\CodeIgniter.php(933): App\Controllers\Doctor->update()
 7 SYSTEMPATH\CodeIgniter.php(509): CodeIgniter\CodeIgniter->runController(Object(App\Controllers\Doctor))
 8 SYSTEMPATH\CodeIgniter.php(355): CodeIgniter\CodeIgniter->handleRequest(null, Object(Config\Cache), false)
 9 SYSTEMPATH\Boot.php(325): CodeIgniter\CodeIgniter->run()
10 SYSTEMPATH\Boot.php(67): CodeIgniter\Boot::runCodeIgniter(Object(CodeIgniter\CodeIgniter))
11 FCPATH\index.php(56): CodeIgniter\Boot::bootWeb(Object(Config\Paths))
12 SYSTEMPATH\rewrite.php(44): require_once('C:\\xampp\\htdocs\\Consultorio\\public\\index.php')
INFO - 2024-09-25 04:44:28 --> Session: Class initialized using 'CodeIgniter\Session\Handlers\FileHandler' driver.
CRITICAL - 2024-09-25 04:44:28 --> ErrorException: Undefined property: stdClass::$Nombre
[Method: GET, Route: doctor/edit/1]
in APPPATH\Views\doctor\edit.php on line 10.
 1 APPPATH\Views\doctor\edit.php(10): CodeIgniter\Debug\Exceptions->errorHandler(2, 'Undefined property: stdClass::$Nombre', 'C:\\xampp\\htdocs\\Consultorio\\app\\Views\\doctor\\edit.php', 10)
 2 SYSTEMPATH\View\View.php(234): include('C:\\xampp\\htdocs\\Consultorio\\app\\Views\\doctor\\edit.php')
 3 SYSTEMPATH\View\View.php(237): CodeIgniter\View\View->CodeIgniter\View\{closure}()
 4 SYSTEMPATH\Common.php(1169): CodeIgniter\View\View->render('doctor/edit', [], true)
 5 APPPATH\Controllers\Doctor.php(63): view('doctor/edit', [...])
 6 SYSTEMPATH\CodeIgniter.php(933): App\Controllers\Doctor->edit('1')
 7 SYSTEMPATH\CodeIgniter.php(509): CodeIgniter\CodeIgniter->runController(Object(App\Controllers\Doctor))
 8 SYSTEMPATH\CodeIgniter.php(355): CodeIgniter\CodeIgniter->handleRequest(null, Object(Config\Cache), false)
 9 SYSTEMPATH\Boot.php(325): CodeIgniter\CodeIgniter->run()
10 SYSTEMPATH\Boot.php(67): CodeIgniter\Boot::runCodeIgniter(Object(CodeIgniter\CodeIgniter))
11 FCPATH\index.php(56): CodeIgniter\Boot::bootWeb(Object(Config\Paths))
12 SYSTEMPATH\rewrite.php(44): require_once('C:\\xampp\\htdocs\\Consultorio\\public\\index.php')
INFO - 2024-09-25 04:44:29 --> Session: Class initialized using 'CodeIgniter\Session\Handlers\FileHandler' driver.
INFO - 2024-09-25 04:44:31 --> Session: Class initialized using 'CodeIgniter\Session\Handlers\FileHandler' driver.
CRITICAL - 2024-09-25 04:44:31 --> ErrorException: Undefined property: stdClass::$Nombre
[Method: GET, Route: doctor/edit/1]
in APPPATH\Views\doctor\edit.php on line 10.
 1 APPPATH\Views\doctor\edit.php(10): CodeIgniter\Debug\Exceptions->errorHandler(2, 'Undefined property: stdClass::$Nombre', 'C:\\xampp\\htdocs\\Consultorio\\app\\Views\\doctor\\edit.php', 10)
 2 SYSTEMPATH\View\View.php(234): include('C:\\xampp\\htdocs\\Consultorio\\app\\Views\\doctor\\edit.php')
 3 SYSTEMPATH\View\View.php(237): CodeIgniter\View\View->CodeIgniter\View\{closure}()
 4 SYSTEMPATH\Common.php(1169): CodeIgniter\View\View->render('doctor/edit', [], true)
 5 APPPATH\Controllers\Doctor.php(63): view('doctor/edit', [...])
 6 SYSTEMPATH\CodeIgniter.php(933): App\Controllers\Doctor->edit('1')
 7 SYSTEMPATH\CodeIgniter.php(509): CodeIgniter\CodeIgniter->runController(Object(App\Controllers\Doctor))
 8 SYSTEMPATH\CodeIgniter.php(355): CodeIgniter\CodeIgniter->handleRequest(null, Object(Config\Cache), false)
 9 SYSTEMPATH\Boot.php(325): CodeIgniter\CodeIgniter->run()
10 SYSTEMPATH\Boot.php(67): CodeIgniter\Boot::runCodeIgniter(Object(CodeIgniter\CodeIgniter))
11 FCPATH\index.php(56): CodeIgniter\Boot::bootWeb(Object(Config\Paths))
12 SYSTEMPATH\rewrite.php(44): require_once('C:\\xampp\\htdocs\\Consultorio\\public\\index.php')
INFO - 2024-09-25 04:44:47 --> Session: Class initialized using 'CodeIgniter\Session\Handlers\FileHandler' driver.
CRITICAL - 2024-09-25 04:44:47 --> ErrorException: Undefined property: stdClass::$estado
[Method: GET, Route: doctor/edit/1]
in APPPATH\Views\doctor\edit.php on line 69.
 1 APPPATH\Views\doctor\edit.php(69): CodeIgniter\Debug\Exceptions->errorHandler(2, 'Undefined property: stdClass::$estado', 'C:\\xampp\\htdocs\\Consultorio\\app\\Views\\doctor\\edit.php', 69)
 2 SYSTEMPATH\View\View.php(234): include('C:\\xampp\\htdocs\\Consultorio\\app\\Views\\doctor\\edit.php')
 3 SYSTEMPATH\View\View.php(237): CodeIgniter\View\View->CodeIgniter\View\{closure}()
 4 SYSTEMPATH\Common.php(1169): CodeIgniter\View\View->render('doctor/edit', [], true)
 5 APPPATH\Controllers\Doctor.php(63): view('doctor/edit', [...])
 6 SYSTEMPATH\CodeIgniter.php(933): App\Controllers\Doctor->edit('1')
 7 SYSTEMPATH\CodeIgniter.php(509): CodeIgniter\CodeIgniter->runController(Object(App\Controllers\Doctor))
 8 SYSTEMPATH\CodeIgniter.php(355): CodeIgniter\CodeIgniter->handleRequest(null, Object(Config\Cache), false)
 9 SYSTEMPATH\Boot.php(325): CodeIgniter\CodeIgniter->run()
10 SYSTEMPATH\Boot.php(67): CodeIgniter\Boot::runCodeIgniter(Object(CodeIgniter\CodeIgniter))
11 FCPATH\index.php(56): CodeIgniter\Boot::bootWeb(Object(Config\Paths))
12 SYSTEMPATH\rewrite.php(44): require_once('C:\\xampp\\htdocs\\Consultorio\\public\\index.php')
INFO - 2024-09-25 04:44:49 --> Session: Class initialized using 'CodeIgniter\Session\Handlers\FileHandler' driver.
CRITICAL - 2024-09-25 04:44:49 --> ErrorException: Undefined property: stdClass::$estado
[Method: GET, Route: doctor/edit/1]
in APPPATH\Views\doctor\edit.php on line 69.
 1 APPPATH\Views\doctor\edit.php(69): CodeIgniter\Debug\Exceptions->errorHandler(2, 'Undefined property: stdClass::$estado', 'C:\\xampp\\htdocs\\Consultorio\\app\\Views\\doctor\\edit.php', 69)
 2 SYSTEMPATH\View\View.php(234): include('C:\\xampp\\htdocs\\Consultorio\\app\\Views\\doctor\\edit.php')
 3 SYSTEMPATH\View\View.php(237): CodeIgniter\View\View->CodeIgniter\View\{closure}()
 4 SYSTEMPATH\Common.php(1169): CodeIgniter\View\View->render('doctor/edit', [], true)
 5 APPPATH\Controllers\Doctor.php(63): view('doctor/edit', [...])
 6 SYSTEMPATH\CodeIgniter.php(933): App\Controllers\Doctor->edit('1')
 7 SYSTEMPATH\CodeIgniter.php(509): CodeIgniter\CodeIgniter->runController(Object(App\Controllers\Doctor))
 8 SYSTEMPATH\CodeIgniter.php(355): CodeIgniter\CodeIgniter->handleRequest(null, Object(Config\Cache), false)
 9 SYSTEMPATH\Boot.php(325): CodeIgniter\CodeIgniter->run()
10 SYSTEMPATH\Boot.php(67): CodeIgniter\Boot::runCodeIgniter(Object(CodeIgniter\CodeIgniter))
11 FCPATH\index.php(56): CodeIgniter\Boot::bootWeb(Object(Config\Paths))
12 SYSTEMPATH\rewrite.php(44): require_once('C:\\xampp\\htdocs\\Consultorio\\public\\index.php')
INFO - 2024-09-25 04:45:05 --> Session: Class initialized using 'CodeIgniter\Session\Handlers\FileHandler' driver.
CRITICAL - 2024-09-25 04:45:05 --> ErrorException: Undefined variable $direccion
[Method: GET, Route: doctor/edit/1]
in APPPATH\Views\doctor\edit.php on line 66.
 1 APPPATH\Views\doctor\edit.php(66): CodeIgniter\Debug\Exceptions->errorHandler(2, 'Undefined variable $direccion', 'C:\\xampp\\htdocs\\Consultorio\\app\\Views\\doctor\\edit.php', 66)
 2 SYSTEMPATH\View\View.php(234): include('C:\\xampp\\htdocs\\Consultorio\\app\\Views\\doctor\\edit.php')
 3 SYSTEMPATH\View\View.php(237): CodeIgniter\View\View->CodeIgniter\View\{closure}()
 4 SYSTEMPATH\Common.php(1169): CodeIgniter\View\View->render('doctor/edit', [], true)
 5 APPPATH\Controllers\Doctor.php(63): view('doctor/edit', [...])
 6 SYSTEMPATH\CodeIgniter.php(933): App\Controllers\Doctor->edit('1')
 7 SYSTEMPATH\CodeIgniter.php(509): CodeIgniter\CodeIgniter->runController(Object(App\Controllers\Doctor))
 8 SYSTEMPATH\CodeIgniter.php(355): CodeIgniter\CodeIgniter->handleRequest(null, Object(Config\Cache), false)
 9 SYSTEMPATH\Boot.php(325): CodeIgniter\CodeIgniter->run()
10 SYSTEMPATH\Boot.php(67): CodeIgniter\Boot::runCodeIgniter(Object(CodeIgniter\CodeIgniter))
11 FCPATH\index.php(56): CodeIgniter\Boot::bootWeb(Object(Config\Paths))
12 SYSTEMPATH\rewrite.php(44): require_once('C:\\xampp\\htdocs\\Consultorio\\public\\index.php')
INFO - 2024-09-25 04:45:27 --> Session: Class initialized using 'CodeIgniter\Session\Handlers\FileHandler' driver.
INFO - 2024-09-25 04:45:29 --> Session: Class initialized using 'CodeIgniter\Session\Handlers\FileHandler' driver.
CRITICAL - 2024-09-25 04:45:29 --> ErrorException: Undefined variable $doctor
[Method: POST, Route: doctor/update/]
in APPPATH\Views\doctor\edit.php on line 10.
 1 APPPATH\Views\doctor\edit.php(10): CodeIgniter\Debug\Exceptions->errorHandler(2, 'Undefined variable $doctor', 'C:\\xampp\\htdocs\\Consultorio\\app\\Views\\doctor\\edit.php', 10)
 2 SYSTEMPATH\View\View.php(234): include('C:\\xampp\\htdocs\\Consultorio\\app\\Views\\doctor\\edit.php')
 3 SYSTEMPATH\View\View.php(237): CodeIgniter\View\View->CodeIgniter\View\{closure}()
 4 SYSTEMPATH\Common.php(1169): CodeIgniter\View\View->render('doctor/edit', [], true)
 5 APPPATH\Controllers\Doctor.php(106): view('doctor/edit', [...])
 6 SYSTEMPATH\CodeIgniter.php(933): App\Controllers\Doctor->update()
 7 SYSTEMPATH\CodeIgniter.php(509): CodeIgniter\CodeIgniter->runController(Object(App\Controllers\Doctor))
 8 SYSTEMPATH\CodeIgniter.php(355): CodeIgniter\CodeIgniter->handleRequest(null, Object(Config\Cache), false)
 9 SYSTEMPATH\Boot.php(325): CodeIgniter\CodeIgniter->run()
10 SYSTEMPATH\Boot.php(67): CodeIgniter\Boot::runCodeIgniter(Object(CodeIgniter\CodeIgniter))
11 FCPATH\index.php(56): CodeIgniter\Boot::bootWeb(Object(Config\Paths))
12 SYSTEMPATH\rewrite.php(44): require_once('C:\\xampp\\htdocs\\Consultorio\\public\\index.php')
INFO - 2024-09-25 04:45:31 --> Session: Class initialized using 'CodeIgniter\Session\Handlers\FileHandler' driver.
INFO - 2024-09-25 04:48:25 --> Session: Class initialized using 'CodeIgniter\Session\Handlers\FileHandler' driver.
INFO - 2024-09-25 04:48:27 --> Session: Class initialized using 'CodeIgniter\Session\Handlers\FileHandler' driver.
INFO - 2024-09-25 04:48:31 --> Session: Class initialized using 'CodeIgniter\Session\Handlers\FileHandler' driver.
CRITICAL - 2024-09-25 04:48:31 --> ErrorException: Undefined variable $consultorio
[Method: POST, Route: consultorio/update/]
in APPPATH\Views\consultorio\edit.php on line 10.
 1 APPPATH\Views\consultorio\edit.php(10): CodeIgniter\Debug\Exceptions->errorHandler(2, 'Undefined variable $consultorio', 'C:\\xampp\\htdocs\\Consultorio\\app\\Views\\consultorio\\edit.php', 10)
 2 SYSTEMPATH\View\View.php(234): include('C:\\xampp\\htdocs\\Consultorio\\app\\Views\\consultorio\\edit.php')
 3 SYSTEMPATH\View\View.php(237): CodeIgniter\View\View->CodeIgniter\View\{closure}()
 4 SYSTEMPATH\Common.php(1169): CodeIgniter\View\View->render('consultorio/edit', [], true)
 5 APPPATH\Controllers\Consultorio.php(104): view('consultorio/edit', [...])
 6 SYSTEMPATH\CodeIgniter.php(933): App\Controllers\Consultorio->update()
 7 SYSTEMPATH\CodeIgniter.php(509): CodeIgniter\CodeIgniter->runController(Object(App\Controllers\Consultorio))
 8 SYSTEMPATH\CodeIgniter.php(355): CodeIgniter\CodeIgniter->handleRequest(null, Object(Config\Cache), false)
 9 SYSTEMPATH\Boot.php(325): CodeIgniter\CodeIgniter->run()
10 SYSTEMPATH\Boot.php(67): CodeIgniter\Boot::runCodeIgniter(Object(CodeIgniter\CodeIgniter))
11 FCPATH\index.php(56): CodeIgniter\Boot::bootWeb(Object(Config\Paths))
12 SYSTEMPATH\rewrite.php(44): require_once('C:\\xampp\\htdocs\\Consultorio\\public\\index.php')
INFO - 2024-09-25 04:49:06 --> Session: Class initialized using 'CodeIgniter\Session\Handlers\FileHandler' driver.
CRITICAL - 2024-09-25 04:49:06 --> ErrorException: Undefined variable $consultorio
[Method: POST, Route: consultorio/update/]
in APPPATH\Views\consultorio\edit.php on line 10.
 1 APPPATH\Views\consultorio\edit.php(10): CodeIgniter\Debug\Exceptions->errorHandler(2, 'Undefined variable $consultorio', 'C:\\xampp\\htdocs\\Consultorio\\app\\Views\\consultorio\\edit.php', 10)
 2 SYSTEMPATH\View\View.php(234): include('C:\\xampp\\htdocs\\Consultorio\\app\\Views\\consultorio\\edit.php')
 3 SYSTEMPATH\View\View.php(237): CodeIgniter\View\View->CodeIgniter\View\{closure}()
 4 SYSTEMPATH\Common.php(1169): CodeIgniter\View\View->render('consultorio/edit', [], true)
 5 APPPATH\Controllers\Consultorio.php(104): view('consultorio/edit', [...])
 6 SYSTEMPATH\CodeIgniter.php(933): App\Controllers\Consultorio->update()
 7 SYSTEMPATH\CodeIgniter.php(509): CodeIgniter\CodeIgniter->runController(Object(App\Controllers\Consultorio))
 8 SYSTEMPATH\CodeIgniter.php(355): CodeIgniter\CodeIgniter->handleRequest(null, Object(Config\Cache), false)
 9 SYSTEMPATH\Boot.php(325): CodeIgniter\CodeIgniter->run()
10 SYSTEMPATH\Boot.php(67): CodeIgniter\Boot::runCodeIgniter(Object(CodeIgniter\CodeIgniter))
11 FCPATH\index.php(56): CodeIgniter\Boot::bootWeb(Object(Config\Paths))
12 SYSTEMPATH\rewrite.php(44): require_once('C:\\xampp\\htdocs\\Consultorio\\public\\index.php')
INFO - 2024-09-25 04:49:35 --> Session: Class initialized using 'CodeIgniter\Session\Handlers\FileHandler' driver.
INFO - 2024-09-25 04:49:39 --> Session: Class initialized using 'CodeIgniter\Session\Handlers\FileHandler' driver.
CRITICAL - 2024-09-25 04:49:39 --> ErrorException: Undefined variable $consultorio
[Method: POST, Route: consultorio/update/]
in APPPATH\Views\consultorio\edit.php on line 10.
 1 APPPATH\Views\consultorio\edit.php(10): CodeIgniter\Debug\Exceptions->errorHandler(2, 'Undefined variable $consultorio', 'C:\\xampp\\htdocs\\Consultorio\\app\\Views\\consultorio\\edit.php', 10)
 2 SYSTEMPATH\View\View.php(234): include('C:\\xampp\\htdocs\\Consultorio\\app\\Views\\consultorio\\edit.php')
 3 SYSTEMPATH\View\View.php(237): CodeIgniter\View\View->CodeIgniter\View\{closure}()
 4 SYSTEMPATH\Common.php(1169): CodeIgniter\View\View->render('consultorio/edit', [], true)
 5 APPPATH\Controllers\Consultorio.php(104): view('consultorio/edit', [...])
 6 SYSTEMPATH\CodeIgniter.php(933): App\Controllers\Consultorio->update()
 7 SYSTEMPATH\CodeIgniter.php(509): CodeIgniter\CodeIgniter->runController(Object(App\Controllers\Consultorio))
 8 SYSTEMPATH\CodeIgniter.php(355): CodeIgniter\CodeIgniter->handleRequest(null, Object(Config\Cache), false)
 9 SYSTEMPATH\Boot.php(325): CodeIgniter\CodeIgniter->run()
10 SYSTEMPATH\Boot.php(67): CodeIgniter\Boot::runCodeIgniter(Object(CodeIgniter\CodeIgniter))
11 FCPATH\index.php(56): CodeIgniter\Boot::bootWeb(Object(Config\Paths))
12 SYSTEMPATH\rewrite.php(44): require_once('C:\\xampp\\htdocs\\Consultorio\\public\\index.php')
INFO - 2024-09-25 04:49:40 --> Session: Class initialized using 'CodeIgniter\Session\Handlers\FileHandler' driver.
INFO - 2024-09-25 04:49:41 --> Session: Class initialized using 'CodeIgniter\Session\Handlers\FileHandler' driver.
INFO - 2024-09-25 16:56:58 --> Session: Class initialized using 'CodeIgniter\Session\Handlers\FileHandler' driver.
CRITICAL - 2024-09-25 16:56:58 --> ErrorException: Undefined array key "nombre"
[Method: GET, Route: consultorio]
in APPPATH\Views\menu.php on line 31.
 1 APPPATH\Views\menu.php(31): CodeIgniter\Debug\Exceptions->errorHandler(2, 'Undefined array key "nombre"', 'C:\\xampp\\htdocs\\Consultorio\\app\\Views\\menu.php', 31)
 2 SYSTEMPATH\View\View.php(234): include('C:\\xampp\\htdocs\\Consultorio\\app\\Views\\menu.php')
 3 SYSTEMPATH\View\View.php(237): CodeIgniter\View\View->CodeIgniter\View\{closure}()
 4 SYSTEMPATH\Common.php(1169): CodeIgniter\View\View->render('menu', [], true)
 5 APPPATH\Controllers\Consultorio.php(29): view('menu')
 6 SYSTEMPATH\CodeIgniter.php(933): App\Controllers\Consultorio->index()
 7 SYSTEMPATH\CodeIgniter.php(509): CodeIgniter\CodeIgniter->runController(Object(App\Controllers\Consultorio))
 8 SYSTEMPATH\CodeIgniter.php(355): CodeIgniter\CodeIgniter->handleRequest(null, Object(Config\Cache), false)
 9 SYSTEMPATH\Boot.php(325): CodeIgniter\CodeIgniter->run()
10 SYSTEMPATH\Boot.php(67): CodeIgniter\Boot::runCodeIgniter(Object(CodeIgniter\CodeIgniter))
11 FCPATH\index.php(56): CodeIgniter\Boot::bootWeb(Object(Config\Paths))
12 SYSTEMPATH\rewrite.php(44): require_once('C:\\xampp\\htdocs\\Consultorio\\public\\index.php')
INFO - 2024-09-25 16:57:17 --> Session: Class initialized using 'CodeIgniter\Session\Handlers\FileHandler' driver.
INFO - 2024-09-25 16:57:17 --> Session: Class initialized using 'CodeIgniter\Session\Handlers\FileHandler' driver.
INFO - 2024-09-25 16:57:25 --> Session: Class initialized using 'CodeIgniter\Session\Handlers\FileHandler' driver.
INFO - 2024-09-25 16:57:30 --> Session: Class initialized using 'CodeIgniter\Session\Handlers\FileHandler' driver.
INFO - 2024-09-25 16:57:32 --> Session: Class initialized using 'CodeIgniter\Session\Handlers\FileHandler' driver.
INFO - 2024-09-25 16:57:44 --> Session: Class initialized using 'CodeIgniter\Session\Handlers\FileHandler' driver.
INFO - 2024-09-25 17:01:40 --> Session: Class initialized using 'CodeIgniter\Session\Handlers\FileHandler' driver.
INFO - 2024-09-25 17:02:25 --> Session: Class initialized using 'CodeIgniter\Session\Handlers\FileHandler' driver.
INFO - 2024-09-25 17:02:29 --> Session: Class initialized using 'CodeIgniter\Session\Handlers\FileHandler' driver.
INFO - 2024-09-25 17:02:40 --> Session: Class initialized using 'CodeIgniter\Session\Handlers\FileHandler' driver.
INFO - 2024-09-25 17:02:54 --> Session: Class initialized using 'CodeIgniter\Session\Handlers\FileHandler' driver.
INFO - 2024-09-25 17:03:02 --> Session: Class initialized using 'CodeIgniter\Session\Handlers\FileHandler' driver.
INFO - 2024-09-25 17:03:22 --> Session: Class initialized using 'CodeIgniter\Session\Handlers\FileHandler' driver.
INFO - 2024-09-25 17:08:01 --> Session: Class initialized using 'CodeIgniter\Session\Handlers\FileHandler' driver.
INFO - 2024-09-25 17:08:09 --> Session: Class initialized using 'CodeIgniter\Session\Handlers\FileHandler' driver.
INFO - 2024-09-25 17:12:22 --> Session: Class initialized using 'CodeIgniter\Session\Handlers\FileHandler' driver.
INFO - 2024-09-25 17:14:12 --> Session: Class initialized using 'CodeIgniter\Session\Handlers\FileHandler' driver.
INFO - 2024-09-25 17:15:34 --> Session: Class initialized using 'CodeIgniter\Session\Handlers\FileHandler' driver.
INFO - 2024-09-25 17:15:36 --> Session: Class initialized using 'CodeIgniter\Session\Handlers\FileHandler' driver.
INFO - 2024-09-25 17:15:38 --> Session: Class initialized using 'CodeIgniter\Session\Handlers\FileHandler' driver.
CRITICAL - 2024-09-25 17:15:38 --> ErrorException: Undefined variable $consultorio
[Method: POST, Route: consultorio/update/]
in APPPATH\Views\consultorio\edit.php on line 10.
 1 APPPATH\Views\consultorio\edit.php(10): CodeIgniter\Debug\Exceptions->errorHandler(2, 'Undefined variable $consultorio', 'C:\\xampp\\htdocs\\Consultorio\\app\\Views\\consultorio\\edit.php', 10)
 2 SYSTEMPATH\View\View.php(234): include('C:\\xampp\\htdocs\\Consultorio\\app\\Views\\consultorio\\edit.php')
 3 SYSTEMPATH\View\View.php(237): CodeIgniter\View\View->CodeIgniter\View\{closure}()
 4 SYSTEMPATH\Common.php(1169): CodeIgniter\View\View->render('consultorio/edit', [], true)
 5 APPPATH\Controllers\Consultorio.php(104): view('consultorio/edit', [...])
 6 SYSTEMPATH\CodeIgniter.php(933): App\Controllers\Consultorio->update()
 7 SYSTEMPATH\CodeIgniter.php(509): CodeIgniter\CodeIgniter->runController(Object(App\Controllers\Consultorio))
 8 SYSTEMPATH\CodeIgniter.php(355): CodeIgniter\CodeIgniter->handleRequest(null, Object(Config\Cache), false)
 9 SYSTEMPATH\Boot.php(325): CodeIgniter\CodeIgniter->run()
10 SYSTEMPATH\Boot.php(67): CodeIgniter\Boot::runCodeIgniter(Object(CodeIgniter\CodeIgniter))
11 FCPATH\index.php(56): CodeIgniter\Boot::bootWeb(Object(Config\Paths))
12 SYSTEMPATH\rewrite.php(44): require_once('C:\\xampp\\htdocs\\Consultorio\\public\\index.php')
INFO - 2024-09-25 17:15:41 --> Session: Class initialized using 'CodeIgniter\Session\Handlers\FileHandler' driver.
INFO - 2024-09-25 17:15:44 --> Session: Class initialized using 'CodeIgniter\Session\Handlers\FileHandler' driver.
CRITICAL - 2024-09-25 17:15:44 --> ErrorException: Undefined variable $consultorio
[Method: POST, Route: consultorio/update/]
in APPPATH\Views\consultorio\edit.php on line 10.
 1 APPPATH\Views\consultorio\edit.php(10): CodeIgniter\Debug\Exceptions->errorHandler(2, 'Undefined variable $consultorio', 'C:\\xampp\\htdocs\\Consultorio\\app\\Views\\consultorio\\edit.php', 10)
 2 SYSTEMPATH\View\View.php(234): include('C:\\xampp\\htdocs\\Consultorio\\app\\Views\\consultorio\\edit.php')
 3 SYSTEMPATH\View\View.php(237): CodeIgniter\View\View->CodeIgniter\View\{closure}()
 4 SYSTEMPATH\Common.php(1169): CodeIgniter\View\View->render('consultorio/edit', [], true)
 5 APPPATH\Controllers\Consultorio.php(104): view('consultorio/edit', [...])
 6 SYSTEMPATH\CodeIgniter.php(933): App\Controllers\Consultorio->update()
 7 SYSTEMPATH\CodeIgniter.php(509): CodeIgniter\CodeIgniter->runController(Object(App\Controllers\Consultorio))
 8 SYSTEMPATH\CodeIgniter.php(355): CodeIgniter\CodeIgniter->handleRequest(null, Object(Config\Cache), false)
 9 SYSTEMPATH\Boot.php(325): CodeIgniter\CodeIgniter->run()
10 SYSTEMPATH\Boot.php(67): CodeIgniter\Boot::runCodeIgniter(Object(CodeIgniter\CodeIgniter))
11 FCPATH\index.php(56): CodeIgniter\Boot::bootWeb(Object(Config\Paths))
12 SYSTEMPATH\rewrite.php(44): require_once('C:\\xampp\\htdocs\\Consultorio\\public\\index.php')
INFO - 2024-09-25 17:15:45 --> Session: Class initialized using 'CodeIgniter\Session\Handlers\FileHandler' driver.
INFO - 2024-09-25 17:15:46 --> Session: Class initialized using 'CodeIgniter\Session\Handlers\FileHandler' driver.
INFO - 2024-09-25 17:15:58 --> Session: Class initialized using 'CodeIgniter\Session\Handlers\FileHandler' driver.
INFO - 2024-09-25 17:16:11 --> Session: Class initialized using 'CodeIgniter\Session\Handlers\FileHandler' driver.
INFO - 2024-09-25 17:16:14 --> Session: Class initialized using 'CodeIgniter\Session\Handlers\FileHandler' driver.
INFO - 2024-09-25 17:16:17 --> Session: Class initialized using 'CodeIgniter\Session\Handlers\FileHandler' driver.
INFO - 2024-09-25 17:16:19 --> Session: Class initialized using 'CodeIgniter\Session\Handlers\FileHandler' driver.
INFO - 2024-09-25 17:16:22 --> Session: Class initialized using 'CodeIgniter\Session\Handlers\FileHandler' driver.
INFO - 2024-09-25 17:16:23 --> Session: Class initialized using 'CodeIgniter\Session\Handlers\FileHandler' driver.
INFO - 2024-09-25 17:16:30 --> Session: Class initialized using 'CodeIgniter\Session\Handlers\FileHandler' driver.
INFO - 2024-09-25 17:16:34 --> Session: Class initialized using 'CodeIgniter\Session\Handlers\FileHandler' driver.
INFO - 2024-09-25 17:16:35 --> Session: Class initialized using 'CodeIgniter\Session\Handlers\FileHandler' driver.
INFO - 2024-09-25 17:48:11 --> Session: Class initialized using 'CodeIgniter\Session\Handlers\FileHandler' driver.
INFO - 2024-09-25 17:49:55 --> Session: Class initialized using 'CodeIgniter\Session\Handlers\FileHandler' driver.
INFO - 2024-09-25 17:49:58 --> Session: Class initialized using 'CodeIgniter\Session\Handlers\FileHandler' driver.
ERROR - 2024-09-25 17:51:58 --> mysqli_sql_exception: Unknown column 'paciente.idDoctor' in 'where clause' in C:\xampp\htdocs\Consultorio\system\Database\MySQLi\Connection.php:312
Stack trace:
#0 C:\xampp\htdocs\Consultorio\system\Database\MySQLi\Connection.php(312): mysqli->query('select cita.*, ...', 0)
#1 C:\xampp\htdocs\Consultorio\system\Database\BaseConnection.php(734): CodeIgniter\Database\MySQLi\Connection->execute('select cita.*, ...')
#2 C:\xampp\htdocs\Consultorio\system\Database\BaseConnection.php(648): CodeIgniter\Database\BaseConnection->simpleQuery('select cita.*, ...')
#3 C:\xampp\htdocs\Consultorio\app\Models\CitaM.php(49): CodeIgniter\Database\BaseConnection->query('select cita.*, ...')
#4 C:\xampp\htdocs\Consultorio\app\Controllers\Cita.php(25): App\Models\CitaM->getInformacion()
#5 C:\xampp\htdocs\Consultorio\system\CodeIgniter.php(933): App\Controllers\Cita->index()
#6 C:\xampp\htdocs\Consultorio\system\CodeIgniter.php(509): CodeIgniter\CodeIgniter->runController(Object(App\Controllers\Cita))
#7 C:\xampp\htdocs\Consultorio\system\CodeIgniter.php(355): CodeIgniter\CodeIgniter->handleRequest(NULL, Object(Config\Cache), false)
#8 C:\xampp\htdocs\Consultorio\system\Boot.php(325): CodeIgniter\CodeIgniter->run()
#9 C:\xampp\htdocs\Consultorio\system\Boot.php(67): CodeIgniter\Boot::runCodeIgniter(Object(CodeIgniter\CodeIgniter))
#10 C:\xampp\htdocs\Consultorio\public\index.php(56): CodeIgniter\Boot::bootWeb(Object(Config\Paths))
#11 C:\xampp\htdocs\Consultorio\system\rewrite.php(44): require_once('C:\\xampp\\htdocs...')
#12 {main}
CRITICAL - 2024-09-25 17:51:58 --> CodeIgniter\Database\Exceptions\DatabaseException: Unknown column 'paciente.idDoctor' in 'where clause'
[Method: GET, Route: cita]
in SYSTEMPATH\Database\BaseConnection.php on line 688.
 1 APPPATH\Models\CitaM.php(49): CodeIgniter\Database\BaseConnection->query('select cita.*, doctor.*, paciente.*
                from cita, doctor, paciente
                where cita.idDoctor = doctor.idDoctor and cita.idPaciente = paciente.idDoctor
        ')
 2 APPPATH\Controllers\Cita.php(25): App\Models\CitaM->getInformacion()
 3 SYSTEMPATH\CodeIgniter.php(933): App\Controllers\Cita->index()
 4 SYSTEMPATH\CodeIgniter.php(509): CodeIgniter\CodeIgniter->runController(Object(App\Controllers\Cita))
 5 SYSTEMPATH\CodeIgniter.php(355): CodeIgniter\CodeIgniter->handleRequest(null, Object(Config\Cache), false)
 6 SYSTEMPATH\Boot.php(325): CodeIgniter\CodeIgniter->run()
 7 SYSTEMPATH\Boot.php(67): CodeIgniter\Boot::runCodeIgniter(Object(CodeIgniter\CodeIgniter))
 8 FCPATH\index.php(56): CodeIgniter\Boot::bootWeb(Object(Config\Paths))
 9 SYSTEMPATH\rewrite.php(44): require_once('C:\\xampp\\htdocs\\Consultorio\\public\\index.php')
CRITICAL - 2024-09-25 17:51:58 --> [Caused by] CodeIgniter\Database\Exceptions\DatabaseException: Unknown column 'paciente.idDoctor' in 'where clause'
in SYSTEMPATH\Database\MySQLi\Connection.php on line 317.
 1 SYSTEMPATH\Database\BaseConnection.php(734): CodeIgniter\Database\MySQLi\Connection->execute('select cita.*, doctor.*, paciente.*
                from cita, doctor, paciente
                where cita.idDoctor = doctor.idDoctor and cita.idPaciente = paciente.idDoctor
        ')
 2 SYSTEMPATH\Database\BaseConnection.php(648): CodeIgniter\Database\BaseConnection->simpleQuery('select cita.*, doctor.*, paciente.*
                from cita, doctor, paciente
                where cita.idDoctor = doctor.idDoctor and cita.idPaciente = paciente.idDoctor
        ')
 3 APPPATH\Models\CitaM.php(49): CodeIgniter\Database\BaseConnection->query('select cita.*, doctor.*, paciente.*
                from cita, doctor, paciente
                where cita.idDoctor = doctor.idDoctor and cita.idPaciente = paciente.idDoctor
        ')
 4 APPPATH\Controllers\Cita.php(25): App\Models\CitaM->getInformacion()
 5 SYSTEMPATH\CodeIgniter.php(933): App\Controllers\Cita->index()
 6 SYSTEMPATH\CodeIgniter.php(509): CodeIgniter\CodeIgniter->runController(Object(App\Controllers\Cita))
 7 SYSTEMPATH\CodeIgniter.php(355): CodeIgniter\CodeIgniter->handleRequest(null, Object(Config\Cache), false)
 8 SYSTEMPATH\Boot.php(325): CodeIgniter\CodeIgniter->run()
 9 SYSTEMPATH\Boot.php(67): CodeIgniter\Boot::runCodeIgniter(Object(CodeIgniter\CodeIgniter))
10 FCPATH\index.php(56): CodeIgniter\Boot::bootWeb(Object(Config\Paths))
11 SYSTEMPATH\rewrite.php(44): require_once('C:\\xampp\\htdocs\\Consultorio\\public\\index.php')
CRITICAL - 2024-09-25 17:51:58 --> [Caused by] mysqli_sql_exception: Unknown column 'paciente.idDoctor' in 'where clause'
in SYSTEMPATH\Database\MySQLi\Connection.php on line 312.
 1 SYSTEMPATH\Database\MySQLi\Connection.php(312): mysqli->query('select cita.*, doctor.*, paciente.*
                from cita, doctor, paciente
                where cita.idDoctor = doctor.idDoctor and cita.idPaciente = paciente.idDoctor
        ', 0)
 2 SYSTEMPATH\Database\BaseConnection.php(734): CodeIgniter\Database\MySQLi\Connection->execute('select cita.*, doctor.*, paciente.*
                from cita, doctor, paciente
                where cita.idDoctor = doctor.idDoctor and cita.idPaciente = paciente.idDoctor
        ')
 3 SYSTEMPATH\Database\BaseConnection.php(648): CodeIgniter\Database\BaseConnection->simpleQuery('select cita.*, doctor.*, paciente.*
                from cita, doctor, paciente
                where cita.idDoctor = doctor.idDoctor and cita.idPaciente = paciente.idDoctor
        ')
 4 APPPATH\Models\CitaM.php(49): CodeIgniter\Database\BaseConnection->query('select cita.*, doctor.*, paciente.*
                from cita, doctor, paciente
                where cita.idDoctor = doctor.idDoctor and cita.idPaciente = paciente.idDoctor
        ')
 5 APPPATH\Controllers\Cita.php(25): App\Models\CitaM->getInformacion()
 6 SYSTEMPATH\CodeIgniter.php(933): App\Controllers\Cita->index()
 7 SYSTEMPATH\CodeIgniter.php(509): CodeIgniter\CodeIgniter->runController(Object(App\Controllers\Cita))
 8 SYSTEMPATH\CodeIgniter.php(355): CodeIgniter\CodeIgniter->handleRequest(null, Object(Config\Cache), false)
 9 SYSTEMPATH\Boot.php(325): CodeIgniter\CodeIgniter->run()
10 SYSTEMPATH\Boot.php(67): CodeIgniter\Boot::runCodeIgniter(Object(CodeIgniter\CodeIgniter))
11 FCPATH\index.php(56): CodeIgniter\Boot::bootWeb(Object(Config\Paths))
12 SYSTEMPATH\rewrite.php(44): require_once('C:\\xampp\\htdocs\\Consultorio\\public\\index.php')
INFO - 2024-09-25 17:52:23 --> Session: Class initialized using 'CodeIgniter\Session\Handlers\FileHandler' driver.
INFO - 2024-09-25 17:52:26 --> Session: Class initialized using 'CodeIgniter\Session\Handlers\FileHandler' driver.
INFO - 2024-09-25 17:52:45 --> Session: Class initialized using 'CodeIgniter\Session\Handlers\FileHandler' driver.
ERROR - 2024-09-25 19:03:52 --> Error connecting to the database: mysqli_sql_exception: No se puede establecer una conexin ya que el equipo de destino deneg expresamente dicha conexin in C:\xampp\htdocs\Consultorio\system\Database\MySQLi\Connection.php:186
Stack trace:
#0 C:\xampp\htdocs\Consultorio\system\Database\MySQLi\Connection.php(186): mysqli->real_connect('127.0.0.1', 'root', Object(SensitiveParameterValue), 'dulceria', 3306, '', 0)
#1 C:\xampp\htdocs\Consultorio\system\Database\BaseConnection.php(421): CodeIgniter\Database\MySQLi\Connection->connect(false)
#2 C:\xampp\htdocs\Consultorio\system\Database\BaseConnection.php(616): CodeIgniter\Database\BaseConnection->initialize()
#3 C:\xampp\htdocs\Consultorio\app\Models\CitaM.php(49): CodeIgniter\Database\BaseConnection->query('select cita.*, ...')
#4 C:\xampp\htdocs\Consultorio\app\Controllers\Cita.php(25): App\Models\CitaM->getInformacion()
#5 C:\xampp\htdocs\Consultorio\system\CodeIgniter.php(933): App\Controllers\Cita->index()
#6 C:\xampp\htdocs\Consultorio\system\CodeIgniter.php(509): CodeIgniter\CodeIgniter->runController(Object(App\Controllers\Cita))
#7 C:\xampp\htdocs\Consultorio\system\CodeIgniter.php(355): CodeIgniter\CodeIgniter->handleRequest(NULL, Object(Config\Cache), false)
#8 C:\xampp\htdocs\Consultorio\system\Boot.php(325): CodeIgniter\CodeIgniter->run()
#9 C:\xampp\htdocs\Consultorio\system\Boot.php(67): CodeIgniter\Boot::runCodeIgniter(Object(CodeIgniter\CodeIgniter))
#10 C:\xampp\htdocs\Consultorio\public\index.php(56): CodeIgniter\Boot::bootWeb(Object(Config\Paths))
#11 C:\xampp\htdocs\Consultorio\system\rewrite.php(44): require_once('C:\\xampp\\htdocs...')
#12 {main}

Next CodeIgniter\Database\Exceptions\DatabaseException: No se puede establecer una conexin ya que el equipo de destino deneg expresamente dicha conexin in C:\xampp\htdocs\Consultorio\system\Database\MySQLi\Connection.php:231
Stack trace:
#0 C:\xampp\htdocs\Consultorio\system\Database\BaseConnection.php(421): CodeIgniter\Database\MySQLi\Connection->connect(false)
#1 C:\xampp\htdocs\Consultorio\system\Database\BaseConnection.php(616): CodeIgniter\Database\BaseConnection->initialize()
#2 C:\xampp\htdocs\Consultorio\app\Models\CitaM.php(49): CodeIgniter\Database\BaseConnection->query('select cita.*, ...')
#3 C:\xampp\htdocs\Consultorio\app\Controllers\Cita.php(25): App\Models\CitaM->getInformacion()
#4 C:\xampp\htdocs\Consultorio\system\CodeIgniter.php(933): App\Controllers\Cita->index()
#5 C:\xampp\htdocs\Consultorio\system\CodeIgniter.php(509): CodeIgniter\CodeIgniter->runController(Object(App\Controllers\Cita))
#6 C:\xampp\htdocs\Consultorio\system\CodeIgniter.php(355): CodeIgniter\CodeIgniter->handleRequest(NULL, Object(Config\Cache), false)
#7 C:\xampp\htdocs\Consultorio\system\Boot.php(325): CodeIgniter\CodeIgniter->run()
#8 C:\xampp\htdocs\Consultorio\system\Boot.php(67): CodeIgniter\Boot::runCodeIgniter(Object(CodeIgniter\CodeIgniter))
#9 C:\xampp\htdocs\Consultorio\public\index.php(56): CodeIgniter\Boot::bootWeb(Object(Config\Paths))
#10 C:\xampp\htdocs\Consultorio\system\rewrite.php(44): require_once('C:\\xampp\\htdocs...')
#11 {main}
CRITICAL - 2024-09-25 19:03:52 --> CodeIgniter\Database\Exceptions\DatabaseException: Unable to connect to the database.
Main connection [MySQLi]: No se puede establecer una conexin ya que el equipo de destino deneg expresamente dicha conexin
[Method: GET, Route: cita]
in SYSTEMPATH\Database\BaseConnection.php on line 467.
 1 SYSTEMPATH\Database\BaseConnection.php(616): CodeIgniter\Database\BaseConnection->initialize()
 2 APPPATH\Models\CitaM.php(49): CodeIgniter\Database\BaseConnection->query('select cita.*, doctor.*, paciente.*
                from cita, doctor, paciente
                where cita.idDoctor = doctor.idDoctor and cita.idPaciente = paciente.idPaciente
        ')
 3 APPPATH\Controllers\Cita.php(25): App\Models\CitaM->getInformacion()
 4 SYSTEMPATH\CodeIgniter.php(933): App\Controllers\Cita->index()
 5 SYSTEMPATH\CodeIgniter.php(509): CodeIgniter\CodeIgniter->runController(Object(App\Controllers\Cita))
 6 SYSTEMPATH\CodeIgniter.php(355): CodeIgniter\CodeIgniter->handleRequest(null, Object(Config\Cache), false)
 7 SYSTEMPATH\Boot.php(325): CodeIgniter\CodeIgniter->run()
 8 SYSTEMPATH\Boot.php(67): CodeIgniter\Boot::runCodeIgniter(Object(CodeIgniter\CodeIgniter))
 9 FCPATH\index.php(56): CodeIgniter\Boot::bootWeb(Object(Config\Paths))
10 SYSTEMPATH\rewrite.php(44): require_once('C:\\xampp\\htdocs\\Consultorio\\public\\index.php')
INFO - 2024-09-25 19:04:07 --> Session: Class initialized using 'CodeIgniter\Session\Handlers\FileHandler' driver.
INFO - 2024-09-25 19:04:24 --> Session: Class initialized using 'CodeIgniter\Session\Handlers\FileHandler' driver.
INFO - 2024-09-25 19:04:30 --> Session: Class initialized using 'CodeIgniter\Session\Handlers\FileHandler' driver.
INFO - 2024-09-25 19:04:41 --> Session: Class initialized using 'CodeIgniter\Session\Handlers\FileHandler' driver.
INFO - 2024-09-25 19:04:46 --> Session: Class initialized using 'CodeIgniter\Session\Handlers\FileHandler' driver.
INFO - 2024-09-25 19:05:08 --> Session: Class initialized using 'CodeIgniter\Session\Handlers\FileHandler' driver.
INFO - 2024-09-25 19:05:10 --> Session: Class initialized using 'CodeIgniter\Session\Handlers\FileHandler' driver.
INFO - 2024-09-25 19:05:20 --> Session: Class initialized using 'CodeIgniter\Session\Handlers\FileHandler' driver.
INFO - 2024-09-25 19:05:50 --> Session: Class initialized using 'CodeIgniter\Session\Handlers\FileHandler' driver.
INFO - 2024-09-25 19:06:37 --> Session: Class initialized using 'CodeIgniter\Session\Handlers\FileHandler' driver.
INFO - 2024-09-25 19:09:47 --> Session: Class initialized using 'CodeIgniter\Session\Handlers\FileHandler' driver.
INFO - 2024-09-25 19:09:58 --> Session: Class initialized using 'CodeIgniter\Session\Handlers\FileHandler' driver.
INFO - 2024-09-25 19:09:59 --> Session: Class initialized using 'CodeIgniter\Session\Handlers\FileHandler' driver.
INFO - 2024-09-25 19:13:46 --> Session: Class initialized using 'CodeIgniter\Session\Handlers\FileHandler' driver.
INFO - 2024-09-25 19:13:53 --> Session: Class initialized using 'CodeIgniter\Session\Handlers\FileHandler' driver.
INFO - 2024-09-25 19:13:56 --> Session: Class initialized using 'CodeIgniter\Session\Handlers\FileHandler' driver.
INFO - 2024-09-25 19:14:02 --> Session: Class initialized using 'CodeIgniter\Session\Handlers\FileHandler' driver.
INFO - 2024-09-25 19:14:26 --> Session: Class initialized using 'CodeIgniter\Session\Handlers\FileHandler' driver.
INFO - 2024-09-25 19:14:28 --> Session: Class initialized using 'CodeIgniter\Session\Handlers\FileHandler' driver.
INFO - 2024-09-25 19:14:30 --> Session: Class initialized using 'CodeIgniter\Session\Handlers\FileHandler' driver.
INFO - 2024-09-25 19:14:33 --> Session: Class initialized using 'CodeIgniter\Session\Handlers\FileHandler' driver.
INFO - 2024-09-25 19:15:02 --> Session: Class initialized using 'CodeIgniter\Session\Handlers\FileHandler' driver.
INFO - 2024-09-25 19:15:03 --> Session: Class initialized using 'CodeIgniter\Session\Handlers\FileHandler' driver.
INFO - 2024-09-25 19:16:06 --> Session: Class initialized using 'CodeIgniter\Session\Handlers\FileHandler' driver.
INFO - 2024-09-25 19:16:23 --> Session: Class initialized using 'CodeIgniter\Session\Handlers\FileHandler' driver.
INFO - 2024-09-25 19:16:53 --> Session: Class initialized using 'CodeIgniter\Session\Handlers\FileHandler' driver.
INFO - 2024-09-25 19:20:31 --> Session: Class initialized using 'CodeIgniter\Session\Handlers\FileHandler' driver.
INFO - 2024-09-25 19:20:36 --> Session: Class initialized using 'CodeIgniter\Session\Handlers\FileHandler' driver.
INFO - 2024-09-25 19:20:38 --> Session: Class initialized using 'CodeIgniter\Session\Handlers\FileHandler' driver.
INFO - 2024-09-25 19:28:52 --> Session: Class initialized using 'CodeIgniter\Session\Handlers\FileHandler' driver.
INFO - 2024-09-25 19:29:00 --> Session: Class initialized using 'CodeIgniter\Session\Handlers\FileHandler' driver.
CRITICAL - 2024-09-25 19:29:24 --> ErrorException: Undefined array key "nombre"
[Method: POST, Route: paciente/insert]
in APPPATH\Controllers\Paciente.php on line 138.
 1 APPPATH\Controllers\Paciente.php(138): CodeIgniter\Debug\Exceptions->errorHandler(2, 'Undefined array key "nombre"', 'C:\\xampp\\htdocs\\Consultorio\\app\\Controllers\\Paciente.php', 138)
 2 SYSTEMPATH\CodeIgniter.php(933): App\Controllers\Paciente->insert()
 3 SYSTEMPATH\CodeIgniter.php(509): CodeIgniter\CodeIgniter->runController(Object(App\Controllers\Paciente))
 4 SYSTEMPATH\CodeIgniter.php(355): CodeIgniter\CodeIgniter->handleRequest(null, Object(Config\Cache), false)
 5 SYSTEMPATH\Boot.php(325): CodeIgniter\CodeIgniter->run()
 6 SYSTEMPATH\Boot.php(67): CodeIgniter\Boot::runCodeIgniter(Object(CodeIgniter\CodeIgniter))
 7 FCPATH\index.php(56): CodeIgniter\Boot::bootWeb(Object(Config\Paths))
 8 SYSTEMPATH\rewrite.php(44): require_once('C:\\xampp\\htdocs\\Consultorio\\public\\index.php')
CRITICAL - 2024-09-25 19:30:27 --> ErrorException: Undefined array key "nombre"
[Method: POST, Route: paciente/insert]
in APPPATH\Controllers\Paciente.php on line 138.
 1 APPPATH\Controllers\Paciente.php(138): CodeIgniter\Debug\Exceptions->errorHandler(2, 'Undefined array key "nombre"', 'C:\\xampp\\htdocs\\Consultorio\\app\\Controllers\\Paciente.php', 138)
 2 SYSTEMPATH\CodeIgniter.php(933): App\Controllers\Paciente->insert()
 3 SYSTEMPATH\CodeIgniter.php(509): CodeIgniter\CodeIgniter->runController(Object(App\Controllers\Paciente))
 4 SYSTEMPATH\CodeIgniter.php(355): CodeIgniter\CodeIgniter->handleRequest(null, Object(Config\Cache), false)
 5 SYSTEMPATH\Boot.php(325): CodeIgniter\CodeIgniter->run()
 6 SYSTEMPATH\Boot.php(67): CodeIgniter\Boot::runCodeIgniter(Object(CodeIgniter\CodeIgniter))
 7 FCPATH\index.php(56): CodeIgniter\Boot::bootWeb(Object(Config\Paths))
 8 SYSTEMPATH\rewrite.php(44): require_once('C:\\xampp\\htdocs\\Consultorio\\public\\index.php')
INFO - 2024-09-25 19:31:00 --> Session: Class initialized using 'CodeIgniter\Session\Handlers\FileHandler' driver.
INFO - 2024-09-25 19:31:06 --> Session: Class initialized using 'CodeIgniter\Session\Handlers\FileHandler' driver.
INFO - 2024-09-25 19:31:12 --> Session: Class initialized using 'CodeIgniter\Session\Handlers\FileHandler' driver.
INFO - 2024-09-25 19:31:16 --> Session: Class initialized using 'CodeIgniter\Session\Handlers\FileHandler' driver.
INFO - 2024-09-25 19:31:18 --> Session: Class initialized using 'CodeIgniter\Session\Handlers\FileHandler' driver.
INFO - 2024-09-25 19:32:33 --> Session: Class initialized using 'CodeIgniter\Session\Handlers\FileHandler' driver.
INFO - 2024-09-25 19:33:05 --> Session: Class initialized using 'CodeIgniter\Session\Handlers\FileHandler' driver.
INFO - 2024-09-25 19:33:06 --> Session: Class initialized using 'CodeIgniter\Session\Handlers\FileHandler' driver.
INFO - 2024-09-25 19:33:28 --> Session: Class initialized using 'CodeIgniter\Session\Handlers\FileHandler' driver.
CRITICAL - 2024-09-25 19:34:12 --> ErrorException: Undefined array key "nombre"
[Method: POST, Route: doctor/insert]
in APPPATH\Controllers\Doctor.php on line 139.
 1 APPPATH\Controllers\Doctor.php(139): CodeIgniter\Debug\Exceptions->errorHandler(2, 'Undefined array key "nombre"', 'C:\\xampp\\htdocs\\Consultorio\\app\\Controllers\\Doctor.php', 139)
 2 SYSTEMPATH\CodeIgniter.php(933): App\Controllers\Doctor->insert()
 3 SYSTEMPATH\CodeIgniter.php(509): CodeIgniter\CodeIgniter->runController(Object(App\Controllers\Doctor))
 4 SYSTEMPATH\CodeIgniter.php(355): CodeIgniter\CodeIgniter->handleRequest(null, Object(Config\Cache), false)
 5 SYSTEMPATH\Boot.php(325): CodeIgniter\CodeIgniter->run()
 6 SYSTEMPATH\Boot.php(67): CodeIgniter\Boot::runCodeIgniter(Object(CodeIgniter\CodeIgniter))
 7 FCPATH\index.php(56): CodeIgniter\Boot::bootWeb(Object(Config\Paths))
 8 SYSTEMPATH\rewrite.php(44): require_once('C:\\xampp\\htdocs\\Consultorio\\public\\index.php')
INFO - 2024-09-25 19:34:26 --> Session: Class initialized using 'CodeIgniter\Session\Handlers\FileHandler' driver.
INFO - 2024-09-25 19:34:30 --> Session: Class initialized using 'CodeIgniter\Session\Handlers\FileHandler' driver.
INFO - 2024-09-25 19:34:31 --> Session: Class initialized using 'CodeIgniter\Session\Handlers\FileHandler' driver.
INFO - 2024-09-25 19:34:40 --> Session: Class initialized using 'CodeIgniter\Session\Handlers\FileHandler' driver.
INFO - 2024-09-25 19:34:54 --> Session: Class initialized using 'CodeIgniter\Session\Handlers\FileHandler' driver.
INFO - 2024-09-25 19:34:57 --> Session: Class initialized using 'CodeIgniter\Session\Handlers\FileHandler' driver.
INFO - 2024-09-25 19:35:05 --> Session: Class initialized using 'CodeIgniter\Session\Handlers\FileHandler' driver.
INFO - 2024-09-25 19:35:11 --> Session: Class initialized using 'CodeIgniter\Session\Handlers\FileHandler' driver.
INFO - 2024-09-25 19:36:55 --> Session: Class initialized using 'CodeIgniter\Session\Handlers\FileHandler' driver.
CRITICAL - 2024-09-25 19:36:55 --> CodeIgniter\View\Exceptions\ViewException: Invalid file: "cita/edit.php"
[Method: GET, Route: cita/edit/1]
in SYSTEMPATH\Exceptions\FrameworkException.php on line 41.
 1 SYSTEMPATH\View\View.php(222): CodeIgniter\Exceptions\FrameworkException::forInvalidFile('cita/edit.php')
 2 SYSTEMPATH\Common.php(1169): CodeIgniter\View\View->render('cita/edit', [], true)
 3 APPPATH\Controllers\Cita.php(58): view('cita/edit', [...])
 4 SYSTEMPATH\CodeIgniter.php(933): App\Controllers\Cita->edit('1')
 5 SYSTEMPATH\CodeIgniter.php(509): CodeIgniter\CodeIgniter->runController(Object(App\Controllers\Cita))
 6 SYSTEMPATH\CodeIgniter.php(355): CodeIgniter\CodeIgniter->handleRequest(null, Object(Config\Cache), false)
 7 SYSTEMPATH\Boot.php(325): CodeIgniter\CodeIgniter->run()
 8 SYSTEMPATH\Boot.php(67): CodeIgniter\Boot::runCodeIgniter(Object(CodeIgniter\CodeIgniter))
 9 FCPATH\index.php(56): CodeIgniter\Boot::bootWeb(Object(Config\Paths))
10 SYSTEMPATH\rewrite.php(44): require_once('C:\\xampp\\htdocs\\Consultorio\\public\\index.php')
INFO - 2024-09-25 19:36:59 --> Session: Class initialized using 'CodeIgniter\Session\Handlers\FileHandler' driver.
INFO - 2024-09-25 19:37:01 --> Session: Class initialized using 'CodeIgniter\Session\Handlers\FileHandler' driver.
INFO - 2024-09-25 19:37:14 --> Session: Class initialized using 'CodeIgniter\Session\Handlers\FileHandler' driver.
INFO - 2024-09-25 19:37:18 --> Session: Class initialized using 'CodeIgniter\Session\Handlers\FileHandler' driver.
INFO - 2024-09-25 19:37:18 --> Session: Class initialized using 'CodeIgniter\Session\Handlers\FileHandler' driver.
INFO - 2024-09-25 19:39:20 --> Session: Class initialized using 'CodeIgniter\Session\Handlers\FileHandler' driver.
INFO - 2024-09-25 19:39:24 --> Session: Class initialized using 'CodeIgniter\Session\Handlers\FileHandler' driver.
INFO - 2024-09-25 19:39:41 --> Session: Class initialized using 'CodeIgniter\Session\Handlers\FileHandler' driver.
INFO - 2024-09-25 19:45:29 --> Session: Class initialized using 'CodeIgniter\Session\Handlers\FileHandler' driver.
INFO - 2024-09-25 19:45:30 --> Session: Class initialized using 'CodeIgniter\Session\Handlers\FileHandler' driver.
INFO - 2024-09-25 19:45:32 --> Session: Class initialized using 'CodeIgniter\Session\Handlers\FileHandler' driver.
INFO - 2024-09-25 19:45:33 --> Session: Class initialized using 'CodeIgniter\Session\Handlers\FileHandler' driver.
INFO - 2024-09-25 19:45:36 --> Session: Class initialized using 'CodeIgniter\Session\Handlers\FileHandler' driver.
INFO - 2024-09-25 19:45:46 --> Session: Class initialized using 'CodeIgniter\Session\Handlers\FileHandler' driver.
INFO - 2024-09-25 19:45:49 --> Session: Class initialized using 'CodeIgniter\Session\Handlers\FileHandler' driver.
INFO - 2024-09-25 19:45:52 --> Session: Class initialized using 'CodeIgniter\Session\Handlers\FileHandler' driver.
INFO - 2024-09-25 19:45:54 --> Session: Class initialized using 'CodeIgniter\Session\Handlers\FileHandler' driver.
CRITICAL - 2024-09-25 19:45:59 --> ErrorException: Undefined array key "nombre"
[Method: POST, Route: doctor/update/]
in APPPATH\Controllers\Doctor.php on line 90.
 1 APPPATH\Controllers\Doctor.php(90): CodeIgniter\Debug\Exceptions->errorHandler(2, 'Undefined array key "nombre"', 'C:\\xampp\\htdocs\\Consultorio\\app\\Controllers\\Doctor.php', 90)
 2 SYSTEMPATH\CodeIgniter.php(933): App\Controllers\Doctor->update()
 3 SYSTEMPATH\CodeIgniter.php(509): CodeIgniter\CodeIgniter->runController(Object(App\Controllers\Doctor))
 4 SYSTEMPATH\CodeIgniter.php(355): CodeIgniter\CodeIgniter->handleRequest(null, Object(Config\Cache), false)
 5 SYSTEMPATH\Boot.php(325): CodeIgniter\CodeIgniter->run()
 6 SYSTEMPATH\Boot.php(67): CodeIgniter\Boot::runCodeIgniter(Object(CodeIgniter\CodeIgniter))
 7 FCPATH\index.php(56): CodeIgniter\Boot::bootWeb(Object(Config\Paths))
 8 SYSTEMPATH\rewrite.php(44): require_once('C:\\xampp\\htdocs\\Consultorio\\public\\index.php')
INFO - 2024-09-25 19:46:40 --> Session: Class initialized using 'CodeIgniter\Session\Handlers\FileHandler' driver.
CRITICAL - 2024-09-25 19:46:40 --> ErrorException: Undefined variable $doctor
[Method: POST, Route: doctor/update/]
in APPPATH\Views\doctor\edit.php on line 10.
 1 APPPATH\Views\doctor\edit.php(10): CodeIgniter\Debug\Exceptions->errorHandler(2, 'Undefined variable $doctor', 'C:\\xampp\\htdocs\\Consultorio\\app\\Views\\doctor\\edit.php', 10)
 2 SYSTEMPATH\View\View.php(234): include('C:\\xampp\\htdocs\\Consultorio\\app\\Views\\doctor\\edit.php')
 3 SYSTEMPATH\View\View.php(237): CodeIgniter\View\View->CodeIgniter\View\{closure}()
 4 SYSTEMPATH\Common.php(1169): CodeIgniter\View\View->render('doctor/edit', [], true)
 5 APPPATH\Controllers\Doctor.php(106): view('doctor/edit', [...])
 6 SYSTEMPATH\CodeIgniter.php(933): App\Controllers\Doctor->update()
 7 SYSTEMPATH\CodeIgniter.php(509): CodeIgniter\CodeIgniter->runController(Object(App\Controllers\Doctor))
 8 SYSTEMPATH\CodeIgniter.php(355): CodeIgniter\CodeIgniter->handleRequest(null, Object(Config\Cache), false)
 9 SYSTEMPATH\Boot.php(325): CodeIgniter\CodeIgniter->run()
10 SYSTEMPATH\Boot.php(67): CodeIgniter\Boot::runCodeIgniter(Object(CodeIgniter\CodeIgniter))
11 FCPATH\index.php(56): CodeIgniter\Boot::bootWeb(Object(Config\Paths))
12 SYSTEMPATH\rewrite.php(44): require_once('C:\\xampp\\htdocs\\Consultorio\\public\\index.php')
INFO - 2024-09-25 19:47:44 --> Session: Class initialized using 'CodeIgniter\Session\Handlers\FileHandler' driver.
INFO - 2024-09-25 19:47:58 --> Session: Class initialized using 'CodeIgniter\Session\Handlers\FileHandler' driver.
CRITICAL - 2024-09-25 19:47:58 --> ErrorException: Undefined variable $doctor
[Method: POST, Route: doctor/update/]
in APPPATH\Views\doctor\edit.php on line 10.
 1 APPPATH\Views\doctor\edit.php(10): CodeIgniter\Debug\Exceptions->errorHandler(2, 'Undefined variable $doctor', 'C:\\xampp\\htdocs\\Consultorio\\app\\Views\\doctor\\edit.php', 10)
 2 SYSTEMPATH\View\View.php(234): include('C:\\xampp\\htdocs\\Consultorio\\app\\Views\\doctor\\edit.php')
 3 SYSTEMPATH\View\View.php(237): CodeIgniter\View\View->CodeIgniter\View\{closure}()
 4 SYSTEMPATH\Common.php(1169): CodeIgniter\View\View->render('doctor/edit', [], true)
 5 APPPATH\Controllers\Doctor.php(106): view('doctor/edit', [...])
 6 SYSTEMPATH\CodeIgniter.php(933): App\Controllers\Doctor->update()
 7 SYSTEMPATH\CodeIgniter.php(509): CodeIgniter\CodeIgniter->runController(Object(App\Controllers\Doctor))
 8 SYSTEMPATH\CodeIgniter.php(355): CodeIgniter\CodeIgniter->handleRequest(null, Object(Config\Cache), false)
 9 SYSTEMPATH\Boot.php(325): CodeIgniter\CodeIgniter->run()
10 SYSTEMPATH\Boot.php(67): CodeIgniter\Boot::runCodeIgniter(Object(CodeIgniter\CodeIgniter))
11 FCPATH\index.php(56): CodeIgniter\Boot::bootWeb(Object(Config\Paths))
12 SYSTEMPATH\rewrite.php(44): require_once('C:\\xampp\\htdocs\\Consultorio\\public\\index.php')
INFO - 2024-09-25 19:49:52 --> Session: Class initialized using 'CodeIgniter\Session\Handlers\FileHandler' driver.
CRITICAL - 2024-09-25 19:49:52 --> ErrorException: Undefined variable $doctor
[Method: POST, Route: doctor/update/]
in APPPATH\Views\doctor\edit.php on line 10.
 1 APPPATH\Views\doctor\edit.php(10): CodeIgniter\Debug\Exceptions->errorHandler(2, 'Undefined variable $doctor', 'C:\\xampp\\htdocs\\Consultorio\\app\\Views\\doctor\\edit.php', 10)
 2 SYSTEMPATH\View\View.php(234): include('C:\\xampp\\htdocs\\Consultorio\\app\\Views\\doctor\\edit.php')
 3 SYSTEMPATH\View\View.php(237): CodeIgniter\View\View->CodeIgniter\View\{closure}()
 4 SYSTEMPATH\Common.php(1169): CodeIgniter\View\View->render('doctor/edit', [], true)
 5 APPPATH\Controllers\Doctor.php(108): view('doctor/edit', [...])
 6 SYSTEMPATH\CodeIgniter.php(933): App\Controllers\Doctor->update()
 7 SYSTEMPATH\CodeIgniter.php(509): CodeIgniter\CodeIgniter->runController(Object(App\Controllers\Doctor))
 8 SYSTEMPATH\CodeIgniter.php(355): CodeIgniter\CodeIgniter->handleRequest(null, Object(Config\Cache), false)
 9 SYSTEMPATH\Boot.php(325): CodeIgniter\CodeIgniter->run()
10 SYSTEMPATH\Boot.php(67): CodeIgniter\Boot::runCodeIgniter(Object(CodeIgniter\CodeIgniter))
11 FCPATH\index.php(56): CodeIgniter\Boot::bootWeb(Object(Config\Paths))
12 SYSTEMPATH\rewrite.php(44): require_once('C:\\xampp\\htdocs\\Consultorio\\public\\index.php')
INFO - 2024-09-25 19:50:13 --> Session: Class initialized using 'CodeIgniter\Session\Handlers\FileHandler' driver.
CRITICAL - 2024-09-25 19:50:13 --> ErrorException: Undefined variable $doctor
[Method: POST, Route: doctor/update/]
in APPPATH\Views\doctor\edit.php on line 10.
 1 APPPATH\Views\doctor\edit.php(10): CodeIgniter\Debug\Exceptions->errorHandler(2, 'Undefined variable $doctor', 'C:\\xampp\\htdocs\\Consultorio\\app\\Views\\doctor\\edit.php', 10)
 2 SYSTEMPATH\View\View.php(234): include('C:\\xampp\\htdocs\\Consultorio\\app\\Views\\doctor\\edit.php')
 3 SYSTEMPATH\View\View.php(237): CodeIgniter\View\View->CodeIgniter\View\{closure}()
 4 SYSTEMPATH\Common.php(1169): CodeIgniter\View\View->render('doctor/edit', [], true)
 5 APPPATH\Controllers\Doctor.php(108): view('doctor/edit', [...])
 6 SYSTEMPATH\CodeIgniter.php(933): App\Controllers\Doctor->update()
 7 SYSTEMPATH\CodeIgniter.php(509): CodeIgniter\CodeIgniter->runController(Object(App\Controllers\Doctor))
 8 SYSTEMPATH\CodeIgniter.php(355): CodeIgniter\CodeIgniter->handleRequest(null, Object(Config\Cache), false)
 9 SYSTEMPATH\Boot.php(325): CodeIgniter\CodeIgniter->run()
10 SYSTEMPATH\Boot.php(67): CodeIgniter\Boot::runCodeIgniter(Object(CodeIgniter\CodeIgniter))
11 FCPATH\index.php(56): CodeIgniter\Boot::bootWeb(Object(Config\Paths))
12 SYSTEMPATH\rewrite.php(44): require_once('C:\\xampp\\htdocs\\Consultorio\\public\\index.php')
INFO - 2024-09-25 19:50:24 --> Session: Class initialized using 'CodeIgniter\Session\Handlers\FileHandler' driver.
INFO - 2024-09-25 19:50:29 --> Session: Class initialized using 'CodeIgniter\Session\Handlers\FileHandler' driver.
INFO - 2024-09-25 19:50:32 --> Session: Class initialized using 'CodeIgniter\Session\Handlers\FileHandler' driver.
CRITICAL - 2024-09-25 19:50:32 --> ErrorException: Undefined variable $doctor
[Method: POST, Route: doctor/update/]
in APPPATH\Views\doctor\edit.php on line 10.
 1 APPPATH\Views\doctor\edit.php(10): CodeIgniter\Debug\Exceptions->errorHandler(2, 'Undefined variable $doctor', 'C:\\xampp\\htdocs\\Consultorio\\app\\Views\\doctor\\edit.php', 10)
 2 SYSTEMPATH\View\View.php(234): include('C:\\xampp\\htdocs\\Consultorio\\app\\Views\\doctor\\edit.php')
 3 SYSTEMPATH\View\View.php(237): CodeIgniter\View\View->CodeIgniter\View\{closure}()
 4 SYSTEMPATH\Common.php(1169): CodeIgniter\View\View->render('doctor/edit', [], true)
 5 APPPATH\Controllers\Doctor.php(108): view('doctor/edit', [...])
 6 SYSTEMPATH\CodeIgniter.php(933): App\Controllers\Doctor->update()
 7 SYSTEMPATH\CodeIgniter.php(509): CodeIgniter\CodeIgniter->runController(Object(App\Controllers\Doctor))
 8 SYSTEMPATH\CodeIgniter.php(355): CodeIgniter\CodeIgniter->handleRequest(null, Object(Config\Cache), false)
 9 SYSTEMPATH\Boot.php(325): CodeIgniter\CodeIgniter->run()
10 SYSTEMPATH\Boot.php(67): CodeIgniter\Boot::runCodeIgniter(Object(CodeIgniter\CodeIgniter))
11 FCPATH\index.php(56): CodeIgniter\Boot::bootWeb(Object(Config\Paths))
12 SYSTEMPATH\rewrite.php(44): require_once('C:\\xampp\\htdocs\\Consultorio\\public\\index.php')
INFO - 2024-09-25 19:53:23 --> Session: Class initialized using 'CodeIgniter\Session\Handlers\FileHandler' driver.
CRITICAL - 2024-09-25 19:53:23 --> ErrorException: Undefined variable $doctor
[Method: POST, Route: doctor/update/]
in APPPATH\Views\doctor\edit.php on line 10.
 1 APPPATH\Views\doctor\edit.php(10): CodeIgniter\Debug\Exceptions->errorHandler(2, 'Undefined variable $doctor', 'C:\\xampp\\htdocs\\Consultorio\\app\\Views\\doctor\\edit.php', 10)
 2 SYSTEMPATH\View\View.php(234): include('C:\\xampp\\htdocs\\Consultorio\\app\\Views\\doctor\\edit.php')
 3 SYSTEMPATH\View\View.php(237): CodeIgniter\View\View->CodeIgniter\View\{closure}()
 4 SYSTEMPATH\Common.php(1169): CodeIgniter\View\View->render('doctor/edit', [], true)
 5 APPPATH\Controllers\Doctor.php(108): view('doctor/edit', [...])
 6 SYSTEMPATH\CodeIgniter.php(933): App\Controllers\Doctor->update()
 7 SYSTEMPATH\CodeIgniter.php(509): CodeIgniter\CodeIgniter->runController(Object(App\Controllers\Doctor))
 8 SYSTEMPATH\CodeIgniter.php(355): CodeIgniter\CodeIgniter->handleRequest(null, Object(Config\Cache), false)
 9 SYSTEMPATH\Boot.php(325): CodeIgniter\CodeIgniter->run()
10 SYSTEMPATH\Boot.php(67): CodeIgniter\Boot::runCodeIgniter(Object(CodeIgniter\CodeIgniter))
11 FCPATH\index.php(56): CodeIgniter\Boot::bootWeb(Object(Config\Paths))
12 SYSTEMPATH\rewrite.php(44): require_once('C:\\xampp\\htdocs\\Consultorio\\public\\index.php')
INFO - 2024-09-25 19:53:46 --> Session: Class initialized using 'CodeIgniter\Session\Handlers\FileHandler' driver.
INFO - 2024-09-25 19:53:52 --> Session: Class initialized using 'CodeIgniter\Session\Handlers\FileHandler' driver.
INFO - 2024-09-25 19:53:58 --> Session: Class initialized using 'CodeIgniter\Session\Handlers\FileHandler' driver.
INFO - 2024-09-25 19:55:22 --> Session: Class initialized using 'CodeIgniter\Session\Handlers\FileHandler' driver.
CRITICAL - 2024-09-25 19:55:22 --> ErrorException: Undefined variable $doctor
[Method: POST, Route: doctor/update/]
in APPPATH\Views\doctor\edit.php on line 10.
 1 APPPATH\Views\doctor\edit.php(10): CodeIgniter\Debug\Exceptions->errorHandler(2, 'Undefined variable $doctor', 'C:\\xampp\\htdocs\\Consultorio\\app\\Views\\doctor\\edit.php', 10)
 2 SYSTEMPATH\View\View.php(234): include('C:\\xampp\\htdocs\\Consultorio\\app\\Views\\doctor\\edit.php')
 3 SYSTEMPATH\View\View.php(237): CodeIgniter\View\View->CodeIgniter\View\{closure}()
 4 SYSTEMPATH\Common.php(1169): CodeIgniter\View\View->render('doctor/edit', [], true)
 5 APPPATH\Controllers\Doctor.php(110): view('doctor/edit', [...])
 6 SYSTEMPATH\CodeIgniter.php(933): App\Controllers\Doctor->update()
 7 SYSTEMPATH\CodeIgniter.php(509): CodeIgniter\CodeIgniter->runController(Object(App\Controllers\Doctor))
 8 SYSTEMPATH\CodeIgniter.php(355): CodeIgniter\CodeIgniter->handleRequest(null, Object(Config\Cache), false)
 9 SYSTEMPATH\Boot.php(325): CodeIgniter\CodeIgniter->run()
10 SYSTEMPATH\Boot.php(67): CodeIgniter\Boot::runCodeIgniter(Object(CodeIgniter\CodeIgniter))
11 FCPATH\index.php(56): CodeIgniter\Boot::bootWeb(Object(Config\Paths))
12 SYSTEMPATH\rewrite.php(44): require_once('C:\\xampp\\htdocs\\Consultorio\\public\\index.php')
CRITICAL - 2024-09-25 19:57:58 --> ParseError: syntax error, unexpected token "*"
[Method: POST, Route: doctor/update/]
in APPPATH\Controllers\Doctor.php on line 118.
 1 SYSTEMPATH\Autoloader\Autoloader.php(296): CodeIgniter\Autoloader\Autoloader->includeFile('C:\\xampp\\htdocs\\Consultorio\\app\\Controllers\\Doctor.php')
 2 SYSTEMPATH\Autoloader\Autoloader.php(272): CodeIgniter\Autoloader\Autoloader->loadInNamespace('App\\Controllers\\Doctor')
 3 [internal function]: CodeIgniter\Autoloader\Autoloader->loadClass('App\\Controllers\\Doctor')
 4 SYSTEMPATH\CodeIgniter.php(887): class_exists('\\App\\Controllers\\Doctor', true)
 5 SYSTEMPATH\CodeIgniter.php(496): CodeIgniter\CodeIgniter->startController()
 6 SYSTEMPATH\CodeIgniter.php(355): CodeIgniter\CodeIgniter->handleRequest(null, Object(Config\Cache), false)
 7 SYSTEMPATH\Boot.php(325): CodeIgniter\CodeIgniter->run()
 8 SYSTEMPATH\Boot.php(67): CodeIgniter\Boot::runCodeIgniter(Object(CodeIgniter\CodeIgniter))
 9 FCPATH\index.php(56): CodeIgniter\Boot::bootWeb(Object(Config\Paths))
10 SYSTEMPATH\rewrite.php(44): require_once('C:\\xampp\\htdocs\\Consultorio\\public\\index.php')
CRITICAL - 2024-09-25 19:58:08 --> ErrorException: Undefined variable $data
[Method: POST, Route: doctor/update/]
in APPPATH\Controllers\Doctor.php on line 78.
 1 APPPATH\Controllers\Doctor.php(78): CodeIgniter\Debug\Exceptions->errorHandler(2, 'Undefined variable $data', 'C:\\xampp\\htdocs\\Consultorio\\app\\Controllers\\Doctor.php', 78)
 2 SYSTEMPATH\CodeIgniter.php(933): App\Controllers\Doctor->update()
 3 SYSTEMPATH\CodeIgniter.php(509): CodeIgniter\CodeIgniter->runController(Object(App\Controllers\Doctor))
 4 SYSTEMPATH\CodeIgniter.php(355): CodeIgniter\CodeIgniter->handleRequest(null, Object(Config\Cache), false)
 5 SYSTEMPATH\Boot.php(325): CodeIgniter\CodeIgniter->run()
 6 SYSTEMPATH\Boot.php(67): CodeIgniter\Boot::runCodeIgniter(Object(CodeIgniter\CodeIgniter))
 7 FCPATH\index.php(56): CodeIgniter\Boot::bootWeb(Object(Config\Paths))
 8 SYSTEMPATH\rewrite.php(44): require_once('C:\\xampp\\htdocs\\Consultorio\\public\\index.php')
INFO - 2024-09-25 19:58:21 --> Session: Class initialized using 'CodeIgniter\Session\Handlers\FileHandler' driver.
CRITICAL - 2024-09-25 19:58:21 --> ErrorException: Undefined variable $direccion
[Method: POST, Route: doctor/update/]
in APPPATH\Views\doctor\edit.php on line 66.
 1 APPPATH\Views\doctor\edit.php(66): CodeIgniter\Debug\Exceptions->errorHandler(2, 'Undefined variable $direccion', 'C:\\xampp\\htdocs\\Consultorio\\app\\Views\\doctor\\edit.php', 66)
 2 SYSTEMPATH\View\View.php(234): include('C:\\xampp\\htdocs\\Consultorio\\app\\Views\\doctor\\edit.php')
 3 SYSTEMPATH\View\View.php(237): CodeIgniter\View\View->CodeIgniter\View\{closure}()
 4 SYSTEMPATH\Common.php(1169): CodeIgniter\View\View->render('doctor/edit', [], true)
 5 APPPATH\Controllers\Doctor.php(110): view('doctor/edit', [...])
 6 SYSTEMPATH\CodeIgniter.php(933): App\Controllers\Doctor->update()
 7 SYSTEMPATH\CodeIgniter.php(509): CodeIgniter\CodeIgniter->runController(Object(App\Controllers\Doctor))
 8 SYSTEMPATH\CodeIgniter.php(355): CodeIgniter\CodeIgniter->handleRequest(null, Object(Config\Cache), false)
 9 SYSTEMPATH\Boot.php(325): CodeIgniter\CodeIgniter->run()
10 SYSTEMPATH\Boot.php(67): CodeIgniter\Boot::runCodeIgniter(Object(CodeIgniter\CodeIgniter))
11 FCPATH\index.php(56): CodeIgniter\Boot::bootWeb(Object(Config\Paths))
12 SYSTEMPATH\rewrite.php(44): require_once('C:\\xampp\\htdocs\\Consultorio\\public\\index.php')
INFO - 2024-09-25 19:59:40 --> Session: Class initialized using 'CodeIgniter\Session\Handlers\FileHandler' driver.
CRITICAL - 2024-09-25 19:59:40 --> ErrorException: Undefined variable $doctor
[Method: POST, Route: doctor/update/]
in APPPATH\Views\doctor\edit.php on line 10.
 1 APPPATH\Views\doctor\edit.php(10): CodeIgniter\Debug\Exceptions->errorHandler(2, 'Undefined variable $doctor', 'C:\\xampp\\htdocs\\Consultorio\\app\\Views\\doctor\\edit.php', 10)
 2 SYSTEMPATH\View\View.php(234): include('C:\\xampp\\htdocs\\Consultorio\\app\\Views\\doctor\\edit.php')
 3 SYSTEMPATH\View\View.php(237): CodeIgniter\View\View->CodeIgniter\View\{closure}()
 4 SYSTEMPATH\Common.php(1169): CodeIgniter\View\View->render('doctor/edit', [], true)
 5 APPPATH\Controllers\Doctor.php(110): view('doctor/edit', [...])
 6 SYSTEMPATH\CodeIgniter.php(933): App\Controllers\Doctor->update()
 7 SYSTEMPATH\CodeIgniter.php(509): CodeIgniter\CodeIgniter->runController(Object(App\Controllers\Doctor))
 8 SYSTEMPATH\CodeIgniter.php(355): CodeIgniter\CodeIgniter->handleRequest(null, Object(Config\Cache), false)
 9 SYSTEMPATH\Boot.php(325): CodeIgniter\CodeIgniter->run()
10 SYSTEMPATH\Boot.php(67): CodeIgniter\Boot::runCodeIgniter(Object(CodeIgniter\CodeIgniter))
11 FCPATH\index.php(56): CodeIgniter\Boot::bootWeb(Object(Config\Paths))
12 SYSTEMPATH\rewrite.php(44): require_once('C:\\xampp\\htdocs\\Consultorio\\public\\index.php')
INFO - 2024-09-25 20:00:03 --> Session: Class initialized using 'CodeIgniter\Session\Handlers\FileHandler' driver.
CRITICAL - 2024-09-25 20:00:03 --> ErrorException: Undefined variable $direccion
[Method: POST, Route: doctor/update/]
in APPPATH\Views\doctor\edit.php on line 66.
 1 APPPATH\Views\doctor\edit.php(66): CodeIgniter\Debug\Exceptions->errorHandler(2, 'Undefined variable $direccion', 'C:\\xampp\\htdocs\\Consultorio\\app\\Views\\doctor\\edit.php', 66)
 2 SYSTEMPATH\View\View.php(234): include('C:\\xampp\\htdocs\\Consultorio\\app\\Views\\doctor\\edit.php')
 3 SYSTEMPATH\View\View.php(237): CodeIgniter\View\View->CodeIgniter\View\{closure}()
 4 SYSTEMPATH\Common.php(1169): CodeIgniter\View\View->render('doctor/edit', [], true)
 5 APPPATH\Controllers\Doctor.php(110): view('doctor/edit', [...])
 6 SYSTEMPATH\CodeIgniter.php(933): App\Controllers\Doctor->update()
 7 SYSTEMPATH\CodeIgniter.php(509): CodeIgniter\CodeIgniter->runController(Object(App\Controllers\Doctor))
 8 SYSTEMPATH\CodeIgniter.php(355): CodeIgniter\CodeIgniter->handleRequest(null, Object(Config\Cache), false)
 9 SYSTEMPATH\Boot.php(325): CodeIgniter\CodeIgniter->run()
10 SYSTEMPATH\Boot.php(67): CodeIgniter\Boot::runCodeIgniter(Object(CodeIgniter\CodeIgniter))
11 FCPATH\index.php(56): CodeIgniter\Boot::bootWeb(Object(Config\Paths))
12 SYSTEMPATH\rewrite.php(44): require_once('C:\\xampp\\htdocs\\Consultorio\\public\\index.php')
INFO - 2024-09-25 20:04:47 --> Session: Class initialized using 'CodeIgniter\Session\Handlers\FileHandler' driver.
INFO - 2024-09-25 20:04:48 --> Session: Class initialized using 'CodeIgniter\Session\Handlers\FileHandler' driver.
INFO - 2024-09-25 20:04:53 --> Session: Class initialized using 'CodeIgniter\Session\Handlers\FileHandler' driver.
INFO - 2024-09-25 20:05:02 --> Session: Class initialized using 'CodeIgniter\Session\Handlers\FileHandler' driver.
INFO - 2024-09-25 20:05:02 --> Session: Class initialized using 'CodeIgniter\Session\Handlers\FileHandler' driver.
INFO - 2024-09-25 20:08:36 --> Session: Class initialized using 'CodeIgniter\Session\Handlers\FileHandler' driver.
INFO - 2024-09-25 20:08:38 --> Session: Class initialized using 'CodeIgniter\Session\Handlers\FileHandler' driver.
INFO - 2024-09-25 20:08:40 --> Session: Class initialized using 'CodeIgniter\Session\Handlers\FileHandler' driver.
INFO - 2024-09-25 20:08:41 --> Session: Class initialized using 'CodeIgniter\Session\Handlers\FileHandler' driver.
INFO - 2024-09-25 20:08:43 --> Session: Class initialized using 'CodeIgniter\Session\Handlers\FileHandler' driver.
CRITICAL - 2024-09-25 20:08:43 --> ErrorException: Undefined variable $direccion
[Method: POST, Route: doctor/update/]
in APPPATH\Views\doctor\edit.php on line 66.
 1 APPPATH\Views\doctor\edit.php(66): CodeIgniter\Debug\Exceptions->errorHandler(2, 'Undefined variable $direccion', 'C:\\xampp\\htdocs\\Consultorio\\app\\Views\\doctor\\edit.php', 66)
 2 SYSTEMPATH\View\View.php(234): include('C:\\xampp\\htdocs\\Consultorio\\app\\Views\\doctor\\edit.php')
 3 SYSTEMPATH\View\View.php(237): CodeIgniter\View\View->CodeIgniter\View\{closure}()
 4 SYSTEMPATH\Common.php(1169): CodeIgniter\View\View->render('doctor/edit', [], true)
 5 APPPATH\Controllers\Doctor.php(110): view('doctor/edit', [...])
 6 SYSTEMPATH\CodeIgniter.php(933): App\Controllers\Doctor->update()
 7 SYSTEMPATH\CodeIgniter.php(509): CodeIgniter\CodeIgniter->runController(Object(App\Controllers\Doctor))
 8 SYSTEMPATH\CodeIgniter.php(355): CodeIgniter\CodeIgniter->handleRequest(null, Object(Config\Cache), false)
 9 SYSTEMPATH\Boot.php(325): CodeIgniter\CodeIgniter->run()
10 SYSTEMPATH\Boot.php(67): CodeIgniter\Boot::runCodeIgniter(Object(CodeIgniter\CodeIgniter))
11 FCPATH\index.php(56): CodeIgniter\Boot::bootWeb(Object(Config\Paths))
12 SYSTEMPATH\rewrite.php(44): require_once('C:\\xampp\\htdocs\\Consultorio\\public\\index.php')
INFO - 2024-09-25 20:08:45 --> Session: Class initialized using 'CodeIgniter\Session\Handlers\FileHandler' driver.
INFO - 2024-09-25 20:43:41 --> Session: Class initialized using 'CodeIgniter\Session\Handlers\FileHandler' driver.
CRITICAL - 2024-09-25 20:43:41 --> ErrorException: Undefined variable $direccion
[Method: POST, Route: doctor/update/]
in APPPATH\Views\doctor\edit.php on line 66.
 1 APPPATH\Views\doctor\edit.php(66): CodeIgniter\Debug\Exceptions->errorHandler(2, 'Undefined variable $direccion', 'C:\\xampp\\htdocs\\Consultorio\\app\\Views\\doctor\\edit.php', 66)
 2 SYSTEMPATH\View\View.php(234): include('C:\\xampp\\htdocs\\Consultorio\\app\\Views\\doctor\\edit.php')
 3 SYSTEMPATH\View\View.php(237): CodeIgniter\View\View->CodeIgniter\View\{closure}()
 4 SYSTEMPATH\Common.php(1169): CodeIgniter\View\View->render('doctor/edit', [], true)
 5 APPPATH\Controllers\Doctor.php(110): view('doctor/edit', [...])
 6 SYSTEMPATH\CodeIgniter.php(933): App\Controllers\Doctor->update()
 7 SYSTEMPATH\CodeIgniter.php(509): CodeIgniter\CodeIgniter->runController(Object(App\Controllers\Doctor))
 8 SYSTEMPATH\CodeIgniter.php(355): CodeIgniter\CodeIgniter->handleRequest(null, Object(Config\Cache), false)
 9 SYSTEMPATH\Boot.php(325): CodeIgniter\CodeIgniter->run()
10 SYSTEMPATH\Boot.php(67): CodeIgniter\Boot::runCodeIgniter(Object(CodeIgniter\CodeIgniter))
11 FCPATH\index.php(56): CodeIgniter\Boot::bootWeb(Object(Config\Paths))
12 SYSTEMPATH\rewrite.php(44): require_once('C:\\xampp\\htdocs\\Consultorio\\public\\index.php')
