INFO - 2024-11-10 01:16:28 --> Session: Class initialized using 'CodeIgniter\Session\Handlers\FileHandler' driver.
INFO - 2024-11-10 01:16:29 --> Session: Class initialized using 'CodeIgniter\Session\Handlers\FileHandler' driver.
ERROR - 2024-11-10 01:28:25 --> mysqli_sql_exception: Table 'consultorio.imagen' doesn't exist in C:\xampp\htdocs\Consultorio\system\Database\MySQLi\Connection.php:312
Stack trace:
#0 C:\xampp\htdocs\Consultorio\system\Database\MySQLi\Connection.php(312): mysqli->query('SELECT MAX(`idI...', 0)
#1 C:\xampp\htdocs\Consultorio\system\Database\BaseConnection.php(734): CodeIgniter\Database\MySQLi\Connection->execute('SELECT MAX(`idI...')
#2 C:\xampp\htdocs\Consultorio\system\Database\BaseConnection.php(648): CodeIgniter\Database\BaseConnection->simpleQuery('SELECT MAX(`idI...')
#3 C:\xampp\htdocs\Consultorio\system\Database\BaseBuilder.php(1644): CodeIgniter\Database\BaseConnection->query('SELECT MAX(`idI...', Array, false)
#4 C:\xampp\htdocs\Consultorio\app\Controllers\Consultorio.php(49): CodeIgniter\Database\BaseBuilder->get()
#5 C:\xampp\htdocs\Consultorio\system\CodeIgniter.php(933): App\Controllers\Consultorio->add()
#6 C:\xampp\htdocs\Consultorio\system\CodeIgniter.php(509): CodeIgniter\CodeIgniter->runController(Object(App\Controllers\Consultorio))
#7 C:\xampp\htdocs\Consultorio\system\CodeIgniter.php(355): CodeIgniter\CodeIgniter->handleRequest(NULL, Object(Config\Cache), false)
#8 C:\xampp\htdocs\Consultorio\system\Boot.php(325): CodeIgniter\CodeIgniter->run()
#9 C:\xampp\htdocs\Consultorio\system\Boot.php(67): CodeIgniter\Boot::runCodeIgniter(Object(CodeIgniter\CodeIgniter))
#10 C:\xampp\htdocs\Consultorio\public\index.php(56): CodeIgniter\Boot::bootWeb(Object(Config\Paths))
#11 C:\xampp\htdocs\Consultorio\system\rewrite.php(44): require_once('C:\\xampp\\htdocs...')
#12 {main}
CRITICAL - 2024-11-10 01:28:25 --> CodeIgniter\Database\Exceptions\DatabaseException: Table 'consultorio.imagen' doesn't exist
[Method: GET, Route: consultorio/add]
in SYSTEMPATH\Database\BaseConnection.php on line 688.
 1 SYSTEMPATH\Database\BaseBuilder.php(1644): CodeIgniter\Database\BaseConnection->query('SELECT MAX(`idImagen`) AS `idImagen`
FROM `imagen`', [], false)
 2 APPPATH\Controllers\Consultorio.php(49): CodeIgniter\Database\BaseBuilder->get()
 3 SYSTEMPATH\CodeIgniter.php(933): App\Controllers\Consultorio->add()
 4 SYSTEMPATH\CodeIgniter.php(509): CodeIgniter\CodeIgniter->runController(Object(App\Controllers\Consultorio))
 5 SYSTEMPATH\CodeIgniter.php(355): CodeIgniter\CodeIgniter->handleRequest(null, Object(Config\Cache), false)
 6 SYSTEMPATH\Boot.php(325): CodeIgniter\CodeIgniter->run()
 7 SYSTEMPATH\Boot.php(67): CodeIgniter\Boot::runCodeIgniter(Object(CodeIgniter\CodeIgniter))
 8 FCPATH\index.php(56): CodeIgniter\Boot::bootWeb(Object(Config\Paths))
 9 SYSTEMPATH\rewrite.php(44): require_once('C:\\xampp\\htdocs\\Consultorio\\public\\index.php')
CRITICAL - 2024-11-10 01:28:25 --> [Caused by] CodeIgniter\Database\Exceptions\DatabaseException: Table 'consultorio.imagen' doesn't exist
in SYSTEMPATH\Database\MySQLi\Connection.php on line 317.
 1 SYSTEMPATH\Database\BaseConnection.php(734): CodeIgniter\Database\MySQLi\Connection->execute('SELECT MAX(`idImagen`) AS `idImagen`
FROM `imagen`')
 2 SYSTEMPATH\Database\BaseConnection.php(648): CodeIgniter\Database\BaseConnection->simpleQuery('SELECT MAX(`idImagen`) AS `idImagen`
FROM `imagen`')
 3 SYSTEMPATH\Database\BaseBuilder.php(1644): CodeIgniter\Database\BaseConnection->query('SELECT MAX(`idImagen`) AS `idImagen`
FROM `imagen`', [], false)
 4 APPPATH\Controllers\Consultorio.php(49): CodeIgniter\Database\BaseBuilder->get()
 5 SYSTEMPATH\CodeIgniter.php(933): App\Controllers\Consultorio->add()
 6 SYSTEMPATH\CodeIgniter.php(509): CodeIgniter\CodeIgniter->runController(Object(App\Controllers\Consultorio))
 7 SYSTEMPATH\CodeIgniter.php(355): CodeIgniter\CodeIgniter->handleRequest(null, Object(Config\Cache), false)
 8 SYSTEMPATH\Boot.php(325): CodeIgniter\CodeIgniter->run()
 9 SYSTEMPATH\Boot.php(67): CodeIgniter\Boot::runCodeIgniter(Object(CodeIgniter\CodeIgniter))
10 FCPATH\index.php(56): CodeIgniter\Boot::bootWeb(Object(Config\Paths))
11 SYSTEMPATH\rewrite.php(44): require_once('C:\\xampp\\htdocs\\Consultorio\\public\\index.php')
CRITICAL - 2024-11-10 01:28:25 --> [Caused by] mysqli_sql_exception: Table 'consultorio.imagen' doesn't exist
in SYSTEMPATH\Database\MySQLi\Connection.php on line 312.
 1 SYSTEMPATH\Database\MySQLi\Connection.php(312): mysqli->query('SELECT MAX(`idImagen`) AS `idImagen`
FROM `imagen`', 0)
 2 SYSTEMPATH\Database\BaseConnection.php(734): CodeIgniter\Database\MySQLi\Connection->execute('SELECT MAX(`idImagen`) AS `idImagen`
FROM `imagen`')
 3 SYSTEMPATH\Database\BaseConnection.php(648): CodeIgniter\Database\BaseConnection->simpleQuery('SELECT MAX(`idImagen`) AS `idImagen`
FROM `imagen`')
 4 SYSTEMPATH\Database\BaseBuilder.php(1644): CodeIgniter\Database\BaseConnection->query('SELECT MAX(`idImagen`) AS `idImagen`
FROM `imagen`', [], false)
 5 APPPATH\Controllers\Consultorio.php(49): CodeIgniter\Database\BaseBuilder->get()
 6 SYSTEMPATH\CodeIgniter.php(933): App\Controllers\Consultorio->add()
 7 SYSTEMPATH\CodeIgniter.php(509): CodeIgniter\CodeIgniter->runController(Object(App\Controllers\Consultorio))
 8 SYSTEMPATH\CodeIgniter.php(355): CodeIgniter\CodeIgniter->handleRequest(null, Object(Config\Cache), false)
 9 SYSTEMPATH\Boot.php(325): CodeIgniter\CodeIgniter->run()
10 SYSTEMPATH\Boot.php(67): CodeIgniter\Boot::runCodeIgniter(Object(CodeIgniter\CodeIgniter))
11 FCPATH\index.php(56): CodeIgniter\Boot::bootWeb(Object(Config\Paths))
12 SYSTEMPATH\rewrite.php(44): require_once('C:\\xampp\\htdocs\\Consultorio\\public\\index.php')
INFO - 2024-11-10 01:29:02 --> Session: Class initialized using 'CodeIgniter\Session\Handlers\FileHandler' driver.
INFO - 2024-11-10 22:25:55 --> Session: Class initialized using 'CodeIgniter\Session\Handlers\FileHandler' driver.
INFO - 2024-11-10 22:25:58 --> Session: Class initialized using 'CodeIgniter\Session\Handlers\FileHandler' driver.
INFO - 2024-11-10 22:26:00 --> Session: Class initialized using 'CodeIgniter\Session\Handlers\FileHandler' driver.
INFO - 2024-11-10 22:26:44 --> Session: Class initialized using 'CodeIgniter\Session\Handlers\FileHandler' driver.
INFO - 2024-11-10 22:28:06 --> Session: Class initialized using 'CodeIgniter\Session\Handlers\FileHandler' driver.
INFO - 2024-11-10 22:28:07 --> Session: Class initialized using 'CodeIgniter\Session\Handlers\FileHandler' driver.
CRITICAL - 2024-11-10 22:28:16 --> ErrorException: Undefined array key "nombreConsultorio"
[Method: POST, Route: consultorio/insert]
in APPPATH\Controllers\Consultorio.php on line 150.
 1 APPPATH\Controllers\Consultorio.php(150): CodeIgniter\Debug\Exceptions->errorHandler(2, 'Undefined array key "nombreConsultorio"', 'C:\\xampp\\htdocs\\Consultorio\\app\\Controllers\\Consultorio.php', 150)
 2 SYSTEMPATH\CodeIgniter.php(933): App\Controllers\Consultorio->insert()
 3 SYSTEMPATH\CodeIgniter.php(509): CodeIgniter\CodeIgniter->runController(Object(App\Controllers\Consultorio))
 4 SYSTEMPATH\CodeIgniter.php(355): CodeIgniter\CodeIgniter->handleRequest(null, Object(Config\Cache), false)
 5 SYSTEMPATH\Boot.php(325): CodeIgniter\CodeIgniter->run()
 6 SYSTEMPATH\Boot.php(67): CodeIgniter\Boot::runCodeIgniter(Object(CodeIgniter\CodeIgniter))
 7 FCPATH\index.php(56): CodeIgniter\Boot::bootWeb(Object(Config\Paths))
 8 SYSTEMPATH\rewrite.php(44): require_once('C:\\xampp\\htdocs\\Consultorio\\public\\index.php')
CRITICAL - 2024-11-10 22:30:29 --> ErrorException: Undefined array key "nombreConsultorio"
[Method: POST, Route: consultorio/insert]
in APPPATH\Controllers\Consultorio.php on line 150.
 1 APPPATH\Controllers\Consultorio.php(150): CodeIgniter\Debug\Exceptions->errorHandler(2, 'Undefined array key "nombreConsultorio"', 'C:\\xampp\\htdocs\\Consultorio\\app\\Controllers\\Consultorio.php', 150)
 2 SYSTEMPATH\CodeIgniter.php(933): App\Controllers\Consultorio->insert()
 3 SYSTEMPATH\CodeIgniter.php(509): CodeIgniter\CodeIgniter->runController(Object(App\Controllers\Consultorio))
 4 SYSTEMPATH\CodeIgniter.php(355): CodeIgniter\CodeIgniter->handleRequest(null, Object(Config\Cache), false)
 5 SYSTEMPATH\Boot.php(325): CodeIgniter\CodeIgniter->run()
 6 SYSTEMPATH\Boot.php(67): CodeIgniter\Boot::runCodeIgniter(Object(CodeIgniter\CodeIgniter))
 7 FCPATH\index.php(56): CodeIgniter\Boot::bootWeb(Object(Config\Paths))
 8 SYSTEMPATH\rewrite.php(44): require_once('C:\\xampp\\htdocs\\Consultorio\\public\\index.php')
CRITICAL - 2024-11-10 22:33:01 --> ErrorException: Undefined array key "nombreConsultorio"
[Method: POST, Route: consultorio/insert]
in APPPATH\Controllers\Consultorio.php on line 150.
 1 APPPATH\Controllers\Consultorio.php(150): CodeIgniter\Debug\Exceptions->errorHandler(2, 'Undefined array key "nombreConsultorio"', 'C:\\xampp\\htdocs\\Consultorio\\app\\Controllers\\Consultorio.php', 150)
 2 SYSTEMPATH\CodeIgniter.php(933): App\Controllers\Consultorio->insert()
 3 SYSTEMPATH\CodeIgniter.php(509): CodeIgniter\CodeIgniter->runController(Object(App\Controllers\Consultorio))
 4 SYSTEMPATH\CodeIgniter.php(355): CodeIgniter\CodeIgniter->handleRequest(null, Object(Config\Cache), false)
 5 SYSTEMPATH\Boot.php(325): CodeIgniter\CodeIgniter->run()
 6 SYSTEMPATH\Boot.php(67): CodeIgniter\Boot::runCodeIgniter(Object(CodeIgniter\CodeIgniter))
 7 FCPATH\index.php(56): CodeIgniter\Boot::bootWeb(Object(Config\Paths))
 8 SYSTEMPATH\rewrite.php(44): require_once('C:\\xampp\\htdocs\\Consultorio\\public\\index.php')
CRITICAL - 2024-11-10 22:33:05 --> ErrorException: Undefined array key "nombreConsultorio"
[Method: POST, Route: consultorio/insert]
in APPPATH\Controllers\Consultorio.php on line 150.
 1 APPPATH\Controllers\Consultorio.php(150): CodeIgniter\Debug\Exceptions->errorHandler(2, 'Undefined array key "nombreConsultorio"', 'C:\\xampp\\htdocs\\Consultorio\\app\\Controllers\\Consultorio.php', 150)
 2 SYSTEMPATH\CodeIgniter.php(933): App\Controllers\Consultorio->insert()
 3 SYSTEMPATH\CodeIgniter.php(509): CodeIgniter\CodeIgniter->runController(Object(App\Controllers\Consultorio))
 4 SYSTEMPATH\CodeIgniter.php(355): CodeIgniter\CodeIgniter->handleRequest(null, Object(Config\Cache), false)
 5 SYSTEMPATH\Boot.php(325): CodeIgniter\CodeIgniter->run()
 6 SYSTEMPATH\Boot.php(67): CodeIgniter\Boot::runCodeIgniter(Object(CodeIgniter\CodeIgniter))
 7 FCPATH\index.php(56): CodeIgniter\Boot::bootWeb(Object(Config\Paths))
 8 SYSTEMPATH\rewrite.php(44): require_once('C:\\xampp\\htdocs\\Consultorio\\public\\index.php')
INFO - 2024-11-10 22:33:06 --> Session: Class initialized using 'CodeIgniter\Session\Handlers\FileHandler' driver.
CRITICAL - 2024-11-10 22:33:08 --> ErrorException: Undefined array key "nombreConsultorio"
[Method: POST, Route: consultorio/insert]
in APPPATH\Controllers\Consultorio.php on line 150.
 1 APPPATH\Controllers\Consultorio.php(150): CodeIgniter\Debug\Exceptions->errorHandler(2, 'Undefined array key "nombreConsultorio"', 'C:\\xampp\\htdocs\\Consultorio\\app\\Controllers\\Consultorio.php', 150)
 2 SYSTEMPATH\CodeIgniter.php(933): App\Controllers\Consultorio->insert()
 3 SYSTEMPATH\CodeIgniter.php(509): CodeIgniter\CodeIgniter->runController(Object(App\Controllers\Consultorio))
 4 SYSTEMPATH\CodeIgniter.php(355): CodeIgniter\CodeIgniter->handleRequest(null, Object(Config\Cache), false)
 5 SYSTEMPATH\Boot.php(325): CodeIgniter\CodeIgniter->run()
 6 SYSTEMPATH\Boot.php(67): CodeIgniter\Boot::runCodeIgniter(Object(CodeIgniter\CodeIgniter))
 7 FCPATH\index.php(56): CodeIgniter\Boot::bootWeb(Object(Config\Paths))
 8 SYSTEMPATH\rewrite.php(44): require_once('C:\\xampp\\htdocs\\Consultorio\\public\\index.php')
CRITICAL - 2024-11-10 22:34:17 --> ErrorException: Undefined array key "telefono"
[Method: POST, Route: consultorio/insert]
in APPPATH\Controllers\Consultorio.php on line 151.
 1 APPPATH\Controllers\Consultorio.php(151): CodeIgniter\Debug\Exceptions->errorHandler(2, 'Undefined array key "telefono"', 'C:\\xampp\\htdocs\\Consultorio\\app\\Controllers\\Consultorio.php', 151)
 2 SYSTEMPATH\CodeIgniter.php(933): App\Controllers\Consultorio->insert()
 3 SYSTEMPATH\CodeIgniter.php(509): CodeIgniter\CodeIgniter->runController(Object(App\Controllers\Consultorio))
 4 SYSTEMPATH\CodeIgniter.php(355): CodeIgniter\CodeIgniter->handleRequest(null, Object(Config\Cache), false)
 5 SYSTEMPATH\Boot.php(325): CodeIgniter\CodeIgniter->run()
 6 SYSTEMPATH\Boot.php(67): CodeIgniter\Boot::runCodeIgniter(Object(CodeIgniter\CodeIgniter))
 7 FCPATH\index.php(56): CodeIgniter\Boot::bootWeb(Object(Config\Paths))
 8 SYSTEMPATH\rewrite.php(44): require_once('C:\\xampp\\htdocs\\Consultorio\\public\\index.php')
CRITICAL - 2024-11-10 22:34:45 --> ErrorException: Undefined array key "nombreConsultorio"
[Method: POST, Route: consultorio/insert]
in APPPATH\Controllers\Consultorio.php on line 150.
 1 APPPATH\Controllers\Consultorio.php(150): CodeIgniter\Debug\Exceptions->errorHandler(2, 'Undefined array key "nombreConsultorio"', 'C:\\xampp\\htdocs\\Consultorio\\app\\Controllers\\Consultorio.php', 150)
 2 SYSTEMPATH\CodeIgniter.php(933): App\Controllers\Consultorio->insert()
 3 SYSTEMPATH\CodeIgniter.php(509): CodeIgniter\CodeIgniter->runController(Object(App\Controllers\Consultorio))
 4 SYSTEMPATH\CodeIgniter.php(355): CodeIgniter\CodeIgniter->handleRequest(null, Object(Config\Cache), false)
 5 SYSTEMPATH\Boot.php(325): CodeIgniter\CodeIgniter->run()
 6 SYSTEMPATH\Boot.php(67): CodeIgniter\Boot::runCodeIgniter(Object(CodeIgniter\CodeIgniter))
 7 FCPATH\index.php(56): CodeIgniter\Boot::bootWeb(Object(Config\Paths))
 8 SYSTEMPATH\rewrite.php(44): require_once('C:\\xampp\\htdocs\\Consultorio\\public\\index.php')
CRITICAL - 2024-11-10 22:35:39 --> ErrorException: Undefined array key "nombreConsultorio"
[Method: POST, Route: consultorio/insert]
in APPPATH\Controllers\Consultorio.php on line 150.
 1 APPPATH\Controllers\Consultorio.php(150): CodeIgniter\Debug\Exceptions->errorHandler(2, 'Undefined array key "nombreConsultorio"', 'C:\\xampp\\htdocs\\Consultorio\\app\\Controllers\\Consultorio.php', 150)
 2 SYSTEMPATH\CodeIgniter.php(933): App\Controllers\Consultorio->insert()
 3 SYSTEMPATH\CodeIgniter.php(509): CodeIgniter\CodeIgniter->runController(Object(App\Controllers\Consultorio))
 4 SYSTEMPATH\CodeIgniter.php(355): CodeIgniter\CodeIgniter->handleRequest(null, Object(Config\Cache), false)
 5 SYSTEMPATH\Boot.php(325): CodeIgniter\CodeIgniter->run()
 6 SYSTEMPATH\Boot.php(67): CodeIgniter\Boot::runCodeIgniter(Object(CodeIgniter\CodeIgniter))
 7 FCPATH\index.php(56): CodeIgniter\Boot::bootWeb(Object(Config\Paths))
 8 SYSTEMPATH\rewrite.php(44): require_once('C:\\xampp\\htdocs\\Consultorio\\public\\index.php')
INFO - 2024-11-10 22:36:48 --> Session: Class initialized using 'CodeIgniter\Session\Handlers\FileHandler' driver.
INFO - 2024-11-10 22:37:00 --> Session: Class initialized using 'CodeIgniter\Session\Handlers\FileHandler' driver.
INFO - 2024-11-10 22:38:16 --> Session: Class initialized using 'CodeIgniter\Session\Handlers\FileHandler' driver.
CRITICAL - 2024-11-10 22:38:21 --> ErrorException: Undefined array key "nombreConsultorio"
[Method: POST, Route: consultorio/insert]
in APPPATH\Controllers\Consultorio.php on line 150.
 1 APPPATH\Controllers\Consultorio.php(150): CodeIgniter\Debug\Exceptions->errorHandler(2, 'Undefined array key "nombreConsultorio"', 'C:\\xampp\\htdocs\\Consultorio\\app\\Controllers\\Consultorio.php', 150)
 2 SYSTEMPATH\CodeIgniter.php(933): App\Controllers\Consultorio->insert()
 3 SYSTEMPATH\CodeIgniter.php(509): CodeIgniter\CodeIgniter->runController(Object(App\Controllers\Consultorio))
 4 SYSTEMPATH\CodeIgniter.php(355): CodeIgniter\CodeIgniter->handleRequest(null, Object(Config\Cache), false)
 5 SYSTEMPATH\Boot.php(325): CodeIgniter\CodeIgniter->run()
 6 SYSTEMPATH\Boot.php(67): CodeIgniter\Boot::runCodeIgniter(Object(CodeIgniter\CodeIgniter))
 7 FCPATH\index.php(56): CodeIgniter\Boot::bootWeb(Object(Config\Paths))
 8 SYSTEMPATH\rewrite.php(44): require_once('C:\\xampp\\htdocs\\Consultorio\\public\\index.php')
INFO - 2024-11-10 22:38:27 --> Session: Class initialized using 'CodeIgniter\Session\Handlers\FileHandler' driver.
INFO - 2024-11-10 22:40:40 --> Session: Class initialized using 'CodeIgniter\Session\Handlers\FileHandler' driver.
INFO - 2024-11-10 22:41:23 --> Session: Class initialized using 'CodeIgniter\Session\Handlers\FileHandler' driver.
CRITICAL - 2024-11-10 22:41:23 --> ErrorException: Undefined variable $lastDireccion
[Method: POST, Route: consultorio/insert]
in APPPATH\Views\consultorio\add.php on line 39.
 1 APPPATH\Views\consultorio\add.php(39): CodeIgniter\Debug\Exceptions->errorHandler(2, 'Undefined variable $lastDireccion', 'C:\\xampp\\htdocs\\Consultorio\\app\\Views\\consultorio\\add.php', 39)
 2 SYSTEMPATH\View\View.php(234): include('C:\\xampp\\htdocs\\Consultorio\\app\\Views\\consultorio\\add.php')
 3 SYSTEMPATH\View\View.php(237): CodeIgniter\View\View->CodeIgniter\View\{closure}()
 4 SYSTEMPATH\Common.php(1169): CodeIgniter\View\View->render('consultorio/add', [], true)
 5 APPPATH\Controllers\Consultorio.php(166): view('consultorio/add', [...])
 6 SYSTEMPATH\CodeIgniter.php(933): App\Controllers\Consultorio->insert()
 7 SYSTEMPATH\CodeIgniter.php(509): CodeIgniter\CodeIgniter->runController(Object(App\Controllers\Consultorio))
 8 SYSTEMPATH\CodeIgniter.php(355): CodeIgniter\CodeIgniter->handleRequest(null, Object(Config\Cache), false)
 9 SYSTEMPATH\Boot.php(325): CodeIgniter\CodeIgniter->run()
10 SYSTEMPATH\Boot.php(67): CodeIgniter\Boot::runCodeIgniter(Object(CodeIgniter\CodeIgniter))
11 FCPATH\index.php(56): CodeIgniter\Boot::bootWeb(Object(Config\Paths))
12 SYSTEMPATH\rewrite.php(44): require_once('C:\\xampp\\htdocs\\Consultorio\\public\\index.php')
INFO - 2024-11-10 22:42:52 --> Session: Class initialized using 'CodeIgniter\Session\Handlers\FileHandler' driver.
CRITICAL - 2024-11-10 22:42:52 --> ErrorException: Undefined variable $lastDireccion
[Method: POST, Route: consultorio/insert]
in APPPATH\Views\consultorio\add.php on line 39.
 1 APPPATH\Views\consultorio\add.php(39): CodeIgniter\Debug\Exceptions->errorHandler(2, 'Undefined variable $lastDireccion', 'C:\\xampp\\htdocs\\Consultorio\\app\\Views\\consultorio\\add.php', 39)
 2 SYSTEMPATH\View\View.php(234): include('C:\\xampp\\htdocs\\Consultorio\\app\\Views\\consultorio\\add.php')
 3 SYSTEMPATH\View\View.php(237): CodeIgniter\View\View->CodeIgniter\View\{closure}()
 4 SYSTEMPATH\Common.php(1169): CodeIgniter\View\View->render('consultorio/add', [], true)
 5 APPPATH\Controllers\Consultorio.php(166): view('consultorio/add', [...])
 6 SYSTEMPATH\CodeIgniter.php(933): App\Controllers\Consultorio->insert()
 7 SYSTEMPATH\CodeIgniter.php(509): CodeIgniter\CodeIgniter->runController(Object(App\Controllers\Consultorio))
 8 SYSTEMPATH\CodeIgniter.php(355): CodeIgniter\CodeIgniter->handleRequest(null, Object(Config\Cache), false)
 9 SYSTEMPATH\Boot.php(325): CodeIgniter\CodeIgniter->run()
10 SYSTEMPATH\Boot.php(67): CodeIgniter\Boot::runCodeIgniter(Object(CodeIgniter\CodeIgniter))
11 FCPATH\index.php(56): CodeIgniter\Boot::bootWeb(Object(Config\Paths))
12 SYSTEMPATH\rewrite.php(44): require_once('C:\\xampp\\htdocs\\Consultorio\\public\\index.php')
INFO - 2024-11-10 22:43:34 --> Session: Class initialized using 'CodeIgniter\Session\Handlers\FileHandler' driver.
CRITICAL - 2024-11-10 22:43:34 --> ErrorException: Undefined variable $lastDireccion
[Method: POST, Route: consultorio/insert]
in APPPATH\Views\consultorio\add.php on line 39.
 1 APPPATH\Views\consultorio\add.php(39): CodeIgniter\Debug\Exceptions->errorHandler(2, 'Undefined variable $lastDireccion', 'C:\\xampp\\htdocs\\Consultorio\\app\\Views\\consultorio\\add.php', 39)
 2 SYSTEMPATH\View\View.php(234): include('C:\\xampp\\htdocs\\Consultorio\\app\\Views\\consultorio\\add.php')
 3 SYSTEMPATH\View\View.php(237): CodeIgniter\View\View->CodeIgniter\View\{closure}()
 4 SYSTEMPATH\Common.php(1169): CodeIgniter\View\View->render('consultorio/add', [], true)
 5 APPPATH\Controllers\Consultorio.php(166): view('consultorio/add', [...])
 6 SYSTEMPATH\CodeIgniter.php(933): App\Controllers\Consultorio->insert()
 7 SYSTEMPATH\CodeIgniter.php(509): CodeIgniter\CodeIgniter->runController(Object(App\Controllers\Consultorio))
 8 SYSTEMPATH\CodeIgniter.php(355): CodeIgniter\CodeIgniter->handleRequest(null, Object(Config\Cache), false)
 9 SYSTEMPATH\Boot.php(325): CodeIgniter\CodeIgniter->run()
10 SYSTEMPATH\Boot.php(67): CodeIgniter\Boot::runCodeIgniter(Object(CodeIgniter\CodeIgniter))
11 FCPATH\index.php(56): CodeIgniter\Boot::bootWeb(Object(Config\Paths))
12 SYSTEMPATH\rewrite.php(44): require_once('C:\\xampp\\htdocs\\Consultorio\\public\\index.php')
INFO - 2024-11-10 22:43:49 --> Session: Class initialized using 'CodeIgniter\Session\Handlers\FileHandler' driver.
CRITICAL - 2024-11-10 22:43:49 --> ErrorException: Undefined variable $lastDireccion
[Method: POST, Route: consultorio/insert]
in APPPATH\Views\consultorio\add.php on line 39.
 1 APPPATH\Views\consultorio\add.php(39): CodeIgniter\Debug\Exceptions->errorHandler(2, 'Undefined variable $lastDireccion', 'C:\\xampp\\htdocs\\Consultorio\\app\\Views\\consultorio\\add.php', 39)
 2 SYSTEMPATH\View\View.php(234): include('C:\\xampp\\htdocs\\Consultorio\\app\\Views\\consultorio\\add.php')
 3 SYSTEMPATH\View\View.php(237): CodeIgniter\View\View->CodeIgniter\View\{closure}()
 4 SYSTEMPATH\Common.php(1169): CodeIgniter\View\View->render('consultorio/add', [], true)
 5 APPPATH\Controllers\Consultorio.php(166): view('consultorio/add', [...])
 6 SYSTEMPATH\CodeIgniter.php(933): App\Controllers\Consultorio->insert()
 7 SYSTEMPATH\CodeIgniter.php(509): CodeIgniter\CodeIgniter->runController(Object(App\Controllers\Consultorio))
 8 SYSTEMPATH\CodeIgniter.php(355): CodeIgniter\CodeIgniter->handleRequest(null, Object(Config\Cache), false)
 9 SYSTEMPATH\Boot.php(325): CodeIgniter\CodeIgniter->run()
10 SYSTEMPATH\Boot.php(67): CodeIgniter\Boot::runCodeIgniter(Object(CodeIgniter\CodeIgniter))
11 FCPATH\index.php(56): CodeIgniter\Boot::bootWeb(Object(Config\Paths))
12 SYSTEMPATH\rewrite.php(44): require_once('C:\\xampp\\htdocs\\Consultorio\\public\\index.php')
INFO - 2024-11-10 22:43:50 --> Session: Class initialized using 'CodeIgniter\Session\Handlers\FileHandler' driver.
CRITICAL - 2024-11-10 22:43:52 --> ErrorException: Undefined array key "idImagen"
[Method: POST, Route: consultorio/insert]
in APPPATH\Controllers\Consultorio.php on line 157.
 1 APPPATH\Controllers\Consultorio.php(157): CodeIgniter\Debug\Exceptions->errorHandler(2, 'Undefined array key "idImagen"', 'C:\\xampp\\htdocs\\Consultorio\\app\\Controllers\\Consultorio.php', 157)
 2 SYSTEMPATH\CodeIgniter.php(933): App\Controllers\Consultorio->insert()
 3 SYSTEMPATH\CodeIgniter.php(509): CodeIgniter\CodeIgniter->runController(Object(App\Controllers\Consultorio))
 4 SYSTEMPATH\CodeIgniter.php(355): CodeIgniter\CodeIgniter->handleRequest(null, Object(Config\Cache), false)
 5 SYSTEMPATH\Boot.php(325): CodeIgniter\CodeIgniter->run()
 6 SYSTEMPATH\Boot.php(67): CodeIgniter\Boot::runCodeIgniter(Object(CodeIgniter\CodeIgniter))
 7 FCPATH\index.php(56): CodeIgniter\Boot::bootWeb(Object(Config\Paths))
 8 SYSTEMPATH\rewrite.php(44): require_once('C:\\xampp\\htdocs\\Consultorio\\public\\index.php')
INFO - 2024-11-10 22:43:53 --> Session: Class initialized using 'CodeIgniter\Session\Handlers\FileHandler' driver.
CRITICAL - 2024-11-10 22:43:54 --> ErrorException: Undefined array key "idImagen"
[Method: POST, Route: consultorio/insert]
in APPPATH\Controllers\Consultorio.php on line 157.
 1 APPPATH\Controllers\Consultorio.php(157): CodeIgniter\Debug\Exceptions->errorHandler(2, 'Undefined array key "idImagen"', 'C:\\xampp\\htdocs\\Consultorio\\app\\Controllers\\Consultorio.php', 157)
 2 SYSTEMPATH\CodeIgniter.php(933): App\Controllers\Consultorio->insert()
 3 SYSTEMPATH\CodeIgniter.php(509): CodeIgniter\CodeIgniter->runController(Object(App\Controllers\Consultorio))
 4 SYSTEMPATH\CodeIgniter.php(355): CodeIgniter\CodeIgniter->handleRequest(null, Object(Config\Cache), false)
 5 SYSTEMPATH\Boot.php(325): CodeIgniter\CodeIgniter->run()
 6 SYSTEMPATH\Boot.php(67): CodeIgniter\Boot::runCodeIgniter(Object(CodeIgniter\CodeIgniter))
 7 FCPATH\index.php(56): CodeIgniter\Boot::bootWeb(Object(Config\Paths))
 8 SYSTEMPATH\rewrite.php(44): require_once('C:\\xampp\\htdocs\\Consultorio\\public\\index.php')
INFO - 2024-11-10 22:44:07 --> Session: Class initialized using 'CodeIgniter\Session\Handlers\FileHandler' driver.
CRITICAL - 2024-11-10 22:44:09 --> ErrorException: Undefined array key "idImagen"
[Method: POST, Route: consultorio/insert]
in APPPATH\Controllers\Consultorio.php on line 157.
 1 APPPATH\Controllers\Consultorio.php(157): CodeIgniter\Debug\Exceptions->errorHandler(2, 'Undefined array key "idImagen"', 'C:\\xampp\\htdocs\\Consultorio\\app\\Controllers\\Consultorio.php', 157)
 2 SYSTEMPATH\CodeIgniter.php(933): App\Controllers\Consultorio->insert()
 3 SYSTEMPATH\CodeIgniter.php(509): CodeIgniter\CodeIgniter->runController(Object(App\Controllers\Consultorio))
 4 SYSTEMPATH\CodeIgniter.php(355): CodeIgniter\CodeIgniter->handleRequest(null, Object(Config\Cache), false)
 5 SYSTEMPATH\Boot.php(325): CodeIgniter\CodeIgniter->run()
 6 SYSTEMPATH\Boot.php(67): CodeIgniter\Boot::runCodeIgniter(Object(CodeIgniter\CodeIgniter))
 7 FCPATH\index.php(56): CodeIgniter\Boot::bootWeb(Object(Config\Paths))
 8 SYSTEMPATH\rewrite.php(44): require_once('C:\\xampp\\htdocs\\Consultorio\\public\\index.php')
INFO - 2024-11-10 22:44:11 --> Session: Class initialized using 'CodeIgniter\Session\Handlers\FileHandler' driver.
CRITICAL - 2024-11-10 22:44:12 --> ErrorException: Undefined array key "idImagen"
[Method: POST, Route: consultorio/insert]
in APPPATH\Controllers\Consultorio.php on line 157.
 1 APPPATH\Controllers\Consultorio.php(157): CodeIgniter\Debug\Exceptions->errorHandler(2, 'Undefined array key "idImagen"', 'C:\\xampp\\htdocs\\Consultorio\\app\\Controllers\\Consultorio.php', 157)
 2 SYSTEMPATH\CodeIgniter.php(933): App\Controllers\Consultorio->insert()
 3 SYSTEMPATH\CodeIgniter.php(509): CodeIgniter\CodeIgniter->runController(Object(App\Controllers\Consultorio))
 4 SYSTEMPATH\CodeIgniter.php(355): CodeIgniter\CodeIgniter->handleRequest(null, Object(Config\Cache), false)
 5 SYSTEMPATH\Boot.php(325): CodeIgniter\CodeIgniter->run()
 6 SYSTEMPATH\Boot.php(67): CodeIgniter\Boot::runCodeIgniter(Object(CodeIgniter\CodeIgniter))
 7 FCPATH\index.php(56): CodeIgniter\Boot::bootWeb(Object(Config\Paths))
 8 SYSTEMPATH\rewrite.php(44): require_once('C:\\xampp\\htdocs\\Consultorio\\public\\index.php')
INFO - 2024-11-10 22:44:14 --> Session: Class initialized using 'CodeIgniter\Session\Handlers\FileHandler' driver.
INFO - 2024-11-10 22:44:24 --> Session: Class initialized using 'CodeIgniter\Session\Handlers\FileHandler' driver.
INFO - 2024-11-10 22:44:34 --> Session: Class initialized using 'CodeIgniter\Session\Handlers\FileHandler' driver.
CRITICAL - 2024-11-10 22:44:34 --> ErrorException: Undefined variable $lastDireccion
[Method: POST, Route: consultorio/insert]
in APPPATH\Views\consultorio\add.php on line 39.
 1 APPPATH\Views\consultorio\add.php(39): CodeIgniter\Debug\Exceptions->errorHandler(2, 'Undefined variable $lastDireccion', 'C:\\xampp\\htdocs\\Consultorio\\app\\Views\\consultorio\\add.php', 39)
 2 SYSTEMPATH\View\View.php(234): include('C:\\xampp\\htdocs\\Consultorio\\app\\Views\\consultorio\\add.php')
 3 SYSTEMPATH\View\View.php(237): CodeIgniter\View\View->CodeIgniter\View\{closure}()
 4 SYSTEMPATH\Common.php(1169): CodeIgniter\View\View->render('consultorio/add', [], true)
 5 APPPATH\Controllers\Consultorio.php(166): view('consultorio/add', [...])
 6 SYSTEMPATH\CodeIgniter.php(933): App\Controllers\Consultorio->insert()
 7 SYSTEMPATH\CodeIgniter.php(509): CodeIgniter\CodeIgniter->runController(Object(App\Controllers\Consultorio))
 8 SYSTEMPATH\CodeIgniter.php(355): CodeIgniter\CodeIgniter->handleRequest(null, Object(Config\Cache), false)
 9 SYSTEMPATH\Boot.php(325): CodeIgniter\CodeIgniter->run()
10 SYSTEMPATH\Boot.php(67): CodeIgniter\Boot::runCodeIgniter(Object(CodeIgniter\CodeIgniter))
11 FCPATH\index.php(56): CodeIgniter\Boot::bootWeb(Object(Config\Paths))
12 SYSTEMPATH\rewrite.php(44): require_once('C:\\xampp\\htdocs\\Consultorio\\public\\index.php')
INFO - 2024-11-10 22:47:28 --> Session: Class initialized using 'CodeIgniter\Session\Handlers\FileHandler' driver.
CRITICAL - 2024-11-10 22:47:28 --> ErrorException: Undefined variable $lastDireccion
[Method: POST, Route: consultorio/insert]
in APPPATH\Views\consultorio\add.php on line 39.
 1 APPPATH\Views\consultorio\add.php(39): CodeIgniter\Debug\Exceptions->errorHandler(2, 'Undefined variable $lastDireccion', 'C:\\xampp\\htdocs\\Consultorio\\app\\Views\\consultorio\\add.php', 39)
 2 SYSTEMPATH\View\View.php(234): include('C:\\xampp\\htdocs\\Consultorio\\app\\Views\\consultorio\\add.php')
 3 SYSTEMPATH\View\View.php(237): CodeIgniter\View\View->CodeIgniter\View\{closure}()
 4 SYSTEMPATH\Common.php(1169): CodeIgniter\View\View->render('consultorio/add', [], true)
 5 APPPATH\Controllers\Consultorio.php(166): view('consultorio/add', [...])
 6 SYSTEMPATH\CodeIgniter.php(933): App\Controllers\Consultorio->insert()
 7 SYSTEMPATH\CodeIgniter.php(509): CodeIgniter\CodeIgniter->runController(Object(App\Controllers\Consultorio))
 8 SYSTEMPATH\CodeIgniter.php(355): CodeIgniter\CodeIgniter->handleRequest(null, Object(Config\Cache), false)
 9 SYSTEMPATH\Boot.php(325): CodeIgniter\CodeIgniter->run()
10 SYSTEMPATH\Boot.php(67): CodeIgniter\Boot::runCodeIgniter(Object(CodeIgniter\CodeIgniter))
11 FCPATH\index.php(56): CodeIgniter\Boot::bootWeb(Object(Config\Paths))
12 SYSTEMPATH\rewrite.php(44): require_once('C:\\xampp\\htdocs\\Consultorio\\public\\index.php')
INFO - 2024-11-10 22:47:29 --> Session: Class initialized using 'CodeIgniter\Session\Handlers\FileHandler' driver.
INFO - 2024-11-10 22:47:34 --> Session: Class initialized using 'CodeIgniter\Session\Handlers\FileHandler' driver.
INFO - 2024-11-10 22:47:39 --> Session: Class initialized using 'CodeIgniter\Session\Handlers\FileHandler' driver.
INFO - 2024-11-10 22:47:41 --> Session: Class initialized using 'CodeIgniter\Session\Handlers\FileHandler' driver.
CRITICAL - 2024-11-10 22:47:47 --> ErrorException: Undefined array key "nombreConsultorio"
[Method: POST, Route: consultorio/insert]
in APPPATH\Controllers\Consultorio.php on line 150.
 1 APPPATH\Controllers\Consultorio.php(150): CodeIgniter\Debug\Exceptions->errorHandler(2, 'Undefined array key "nombreConsultorio"', 'C:\\xampp\\htdocs\\Consultorio\\app\\Controllers\\Consultorio.php', 150)
 2 SYSTEMPATH\CodeIgniter.php(933): App\Controllers\Consultorio->insert()
 3 SYSTEMPATH\CodeIgniter.php(509): CodeIgniter\CodeIgniter->runController(Object(App\Controllers\Consultorio))
 4 SYSTEMPATH\CodeIgniter.php(355): CodeIgniter\CodeIgniter->handleRequest(null, Object(Config\Cache), false)
 5 SYSTEMPATH\Boot.php(325): CodeIgniter\CodeIgniter->run()
 6 SYSTEMPATH\Boot.php(67): CodeIgniter\Boot::runCodeIgniter(Object(CodeIgniter\CodeIgniter))
 7 FCPATH\index.php(56): CodeIgniter\Boot::bootWeb(Object(Config\Paths))
 8 SYSTEMPATH\rewrite.php(44): require_once('C:\\xampp\\htdocs\\Consultorio\\public\\index.php')
CRITICAL - 2024-11-10 22:48:25 --> ErrorException: Undefined array key "nombreConsultorio"
[Method: POST, Route: consultorio/insert]
in APPPATH\Controllers\Consultorio.php on line 150.
 1 APPPATH\Controllers\Consultorio.php(150): CodeIgniter\Debug\Exceptions->errorHandler(2, 'Undefined array key "nombreConsultorio"', 'C:\\xampp\\htdocs\\Consultorio\\app\\Controllers\\Consultorio.php', 150)
 2 SYSTEMPATH\CodeIgniter.php(933): App\Controllers\Consultorio->insert()
 3 SYSTEMPATH\CodeIgniter.php(509): CodeIgniter\CodeIgniter->runController(Object(App\Controllers\Consultorio))
 4 SYSTEMPATH\CodeIgniter.php(355): CodeIgniter\CodeIgniter->handleRequest(null, Object(Config\Cache), false)
 5 SYSTEMPATH\Boot.php(325): CodeIgniter\CodeIgniter->run()
 6 SYSTEMPATH\Boot.php(67): CodeIgniter\Boot::runCodeIgniter(Object(CodeIgniter\CodeIgniter))
 7 FCPATH\index.php(56): CodeIgniter\Boot::bootWeb(Object(Config\Paths))
 8 SYSTEMPATH\rewrite.php(44): require_once('C:\\xampp\\htdocs\\Consultorio\\public\\index.php')
INFO - 2024-11-10 22:48:29 --> Session: Class initialized using 'CodeIgniter\Session\Handlers\FileHandler' driver.
ERROR - 2024-11-10 22:48:35 --> mysqli_sql_exception: Column 'deleted_at' cannot be null in C:\xampp\htdocs\Consultorio\system\Database\MySQLi\Connection.php:312
Stack trace:
#0 C:\xampp\htdocs\Consultorio\system\Database\MySQLi\Connection.php(312): mysqli->query('INSERT INTO `im...', 0)
#1 C:\xampp\htdocs\Consultorio\system\Database\BaseConnection.php(734): CodeIgniter\Database\MySQLi\Connection->execute('INSERT INTO `im...')
#2 C:\xampp\htdocs\Consultorio\system\Database\BaseConnection.php(648): CodeIgniter\Database\BaseConnection->simpleQuery('INSERT INTO `im...')
#3 C:\xampp\htdocs\Consultorio\system\Database\BaseBuilder.php(2340): CodeIgniter\Database\BaseConnection->query('INSERT INTO `im...', Array, false)
#4 C:\xampp\htdocs\Consultorio\system\Model.php(394): CodeIgniter\Database\BaseBuilder->insert()
#5 C:\xampp\htdocs\Consultorio\system\BaseModel.php(840): CodeIgniter\Model->doInsert(Array)
#6 C:\xampp\htdocs\Consultorio\system\Model.php(802): CodeIgniter\BaseModel->insert(Array, true)
#7 C:\xampp\htdocs\Consultorio\app\Controllers\Imagen.php(70): CodeIgniter\Model->insert(Array, true)
#8 C:\xampp\htdocs\Consultorio\system\CodeIgniter.php(933): App\Controllers\imagen->insert()
#9 C:\xampp\htdocs\Consultorio\system\CodeIgniter.php(509): CodeIgniter\CodeIgniter->runController(Object(App\Controllers\imagen))
#10 C:\xampp\htdocs\Consultorio\system\CodeIgniter.php(355): CodeIgniter\CodeIgniter->handleRequest(NULL, Object(Config\Cache), false)
#11 C:\xampp\htdocs\Consultorio\system\Boot.php(325): CodeIgniter\CodeIgniter->run()
#12 C:\xampp\htdocs\Consultorio\system\Boot.php(67): CodeIgniter\Boot::runCodeIgniter(Object(CodeIgniter\CodeIgniter))
#13 C:\xampp\htdocs\Consultorio\public\index.php(56): CodeIgniter\Boot::bootWeb(Object(Config\Paths))
#14 C:\xampp\htdocs\Consultorio\system\rewrite.php(44): require_once('C:\\xampp\\htdocs...')
#15 {main}
CRITICAL - 2024-11-10 22:48:35 --> CodeIgniter\Database\Exceptions\DatabaseException: Column 'deleted_at' cannot be null
[Method: POST, Route: imagen/insert]
in SYSTEMPATH\Database\BaseConnection.php on line 688.
 1 SYSTEMPATH\Database\BaseBuilder.php(2340): CodeIgniter\Database\BaseConnection->query('INSERT INTO `imagen` (`nombreDelArchivo`, `created_at`, `updated_at`, `deleted_at`) VALUES (:nombreDelArchivo:, :created_at:, :updated_at:, :deleted_at:)', [...], false)
 2 SYSTEMPATH\Model.php(394): CodeIgniter\Database\BaseBuilder->insert()
 3 SYSTEMPATH\BaseModel.php(840): CodeIgniter\Model->doInsert([...])
 4 SYSTEMPATH\Model.php(802): CodeIgniter\BaseModel->insert([...], true)
 5 APPPATH\Controllers\Imagen.php(70): CodeIgniter\Model->insert([...], true)
 6 SYSTEMPATH\CodeIgniter.php(933): App\Controllers\imagen->insert()
 7 SYSTEMPATH\CodeIgniter.php(509): CodeIgniter\CodeIgniter->runController(Object(App\Controllers\imagen))
 8 SYSTEMPATH\CodeIgniter.php(355): CodeIgniter\CodeIgniter->handleRequest(null, Object(Config\Cache), false)
 9 SYSTEMPATH\Boot.php(325): CodeIgniter\CodeIgniter->run()
10 SYSTEMPATH\Boot.php(67): CodeIgniter\Boot::runCodeIgniter(Object(CodeIgniter\CodeIgniter))
11 FCPATH\index.php(56): CodeIgniter\Boot::bootWeb(Object(Config\Paths))
12 SYSTEMPATH\rewrite.php(44): require_once('C:\\xampp\\htdocs\\Consultorio\\public\\index.php')
CRITICAL - 2024-11-10 22:48:35 --> [Caused by] CodeIgniter\Database\Exceptions\DatabaseException: Column 'deleted_at' cannot be null
in SYSTEMPATH\Database\MySQLi\Connection.php on line 317.
 1 SYSTEMPATH\Database\BaseConnection.php(734): CodeIgniter\Database\MySQLi\Connection->execute('INSERT INTO `imagen` (`nombreDelArchivo`, `created_at`, `updated_at`, `deleted_at`) VALUES (\'\', \'2024-11-10 22:48:35\', \'2024-11-10 22:48:35\', NULL)')
 2 SYSTEMPATH\Database\BaseConnection.php(648): CodeIgniter\Database\BaseConnection->simpleQuery('INSERT INTO `imagen` (`nombreDelArchivo`, `created_at`, `updated_at`, `deleted_at`) VALUES (\'\', \'2024-11-10 22:48:35\', \'2024-11-10 22:48:35\', NULL)')
 3 SYSTEMPATH\Database\BaseBuilder.php(2340): CodeIgniter\Database\BaseConnection->query('INSERT INTO `imagen` (`nombreDelArchivo`, `created_at`, `updated_at`, `deleted_at`) VALUES (:nombreDelArchivo:, :created_at:, :updated_at:, :deleted_at:)', [...], false)
 4 SYSTEMPATH\Model.php(394): CodeIgniter\Database\BaseBuilder->insert()
 5 SYSTEMPATH\BaseModel.php(840): CodeIgniter\Model->doInsert([...])
 6 SYSTEMPATH\Model.php(802): CodeIgniter\BaseModel->insert([...], true)
 7 APPPATH\Controllers\Imagen.php(70): CodeIgniter\Model->insert([...], true)
 8 SYSTEMPATH\CodeIgniter.php(933): App\Controllers\imagen->insert()
 9 SYSTEMPATH\CodeIgniter.php(509): CodeIgniter\CodeIgniter->runController(Object(App\Controllers\imagen))
10 SYSTEMPATH\CodeIgniter.php(355): CodeIgniter\CodeIgniter->handleRequest(null, Object(Config\Cache), false)
11 SYSTEMPATH\Boot.php(325): CodeIgniter\CodeIgniter->run()
12 SYSTEMPATH\Boot.php(67): CodeIgniter\Boot::runCodeIgniter(Object(CodeIgniter\CodeIgniter))
13 FCPATH\index.php(56): CodeIgniter\Boot::bootWeb(Object(Config\Paths))
14 SYSTEMPATH\rewrite.php(44): require_once('C:\\xampp\\htdocs\\Consultorio\\public\\index.php')
CRITICAL - 2024-11-10 22:48:35 --> [Caused by] mysqli_sql_exception: Column 'deleted_at' cannot be null
in SYSTEMPATH\Database\MySQLi\Connection.php on line 312.
 1 SYSTEMPATH\Database\MySQLi\Connection.php(312): mysqli->query('INSERT INTO `imagen` (`nombreDelArchivo`, `created_at`, `updated_at`, `deleted_at`) VALUES (\'\', \'2024-11-10 22:48:35\', \'2024-11-10 22:48:35\', NULL)', 0)
 2 SYSTEMPATH\Database\BaseConnection.php(734): CodeIgniter\Database\MySQLi\Connection->execute('INSERT INTO `imagen` (`nombreDelArchivo`, `created_at`, `updated_at`, `deleted_at`) VALUES (\'\', \'2024-11-10 22:48:35\', \'2024-11-10 22:48:35\', NULL)')
 3 SYSTEMPATH\Database\BaseConnection.php(648): CodeIgniter\Database\BaseConnection->simpleQuery('INSERT INTO `imagen` (`nombreDelArchivo`, `created_at`, `updated_at`, `deleted_at`) VALUES (\'\', \'2024-11-10 22:48:35\', \'2024-11-10 22:48:35\', NULL)')
 4 SYSTEMPATH\Database\BaseBuilder.php(2340): CodeIgniter\Database\BaseConnection->query('INSERT INTO `imagen` (`nombreDelArchivo`, `created_at`, `updated_at`, `deleted_at`) VALUES (:nombreDelArchivo:, :created_at:, :updated_at:, :deleted_at:)', [...], false)
 5 SYSTEMPATH\Model.php(394): CodeIgniter\Database\BaseBuilder->insert()
 6 SYSTEMPATH\BaseModel.php(840): CodeIgniter\Model->doInsert([...])
 7 SYSTEMPATH\Model.php(802): CodeIgniter\BaseModel->insert([...], true)
 8 APPPATH\Controllers\Imagen.php(70): CodeIgniter\Model->insert([...], true)
 9 SYSTEMPATH\CodeIgniter.php(933): App\Controllers\imagen->insert()
10 SYSTEMPATH\CodeIgniter.php(509): CodeIgniter\CodeIgniter->runController(Object(App\Controllers\imagen))
11 SYSTEMPATH\CodeIgniter.php(355): CodeIgniter\CodeIgniter->handleRequest(null, Object(Config\Cache), false)
12 SYSTEMPATH\Boot.php(325): CodeIgniter\CodeIgniter->run()
13 SYSTEMPATH\Boot.php(67): CodeIgniter\Boot::runCodeIgniter(Object(CodeIgniter\CodeIgniter))
14 FCPATH\index.php(56): CodeIgniter\Boot::bootWeb(Object(Config\Paths))
15 SYSTEMPATH\rewrite.php(44): require_once('C:\\xampp\\htdocs\\Consultorio\\public\\index.php')
INFO - 2024-11-10 22:48:45 --> Session: Class initialized using 'CodeIgniter\Session\Handlers\FileHandler' driver.
INFO - 2024-11-10 22:49:10 --> Session: Class initialized using 'CodeIgniter\Session\Handlers\FileHandler' driver.
CRITICAL - 2024-11-10 22:53:09 --> ErrorException: Undefined property: stdClass::$calle
[Method: GET, Route: consultorio]
in APPPATH\Views\consultorio\show.php on line 36.
 1 APPPATH\Views\consultorio\show.php(36): CodeIgniter\Debug\Exceptions->errorHandler(2, 'Undefined property: stdClass::$calle', 'C:\\xampp\\htdocs\\Consultorio\\app\\Views\\consultorio\\show.php', 36)
 2 SYSTEMPATH\View\View.php(234): include('C:\\xampp\\htdocs\\Consultorio\\app\\Views\\consultorio\\show.php')
 3 SYSTEMPATH\View\View.php(237): CodeIgniter\View\View->CodeIgniter\View\{closure}()
 4 SYSTEMPATH\Common.php(1169): CodeIgniter\View\View->render('consultorio/show', [], true)
 5 APPPATH\Controllers\Consultorio.php(37): view('consultorio/show', [...])
 6 SYSTEMPATH\CodeIgniter.php(933): App\Controllers\Consultorio->index()
 7 SYSTEMPATH\CodeIgniter.php(509): CodeIgniter\CodeIgniter->runController(Object(App\Controllers\Consultorio))
 8 SYSTEMPATH\CodeIgniter.php(355): CodeIgniter\CodeIgniter->handleRequest(null, Object(Config\Cache), false)
 9 SYSTEMPATH\Boot.php(325): CodeIgniter\CodeIgniter->run()
10 SYSTEMPATH\Boot.php(67): CodeIgniter\Boot::runCodeIgniter(Object(CodeIgniter\CodeIgniter))
11 FCPATH\index.php(56): CodeIgniter\Boot::bootWeb(Object(Config\Paths))
12 SYSTEMPATH\rewrite.php(44): require_once('C:\\xampp\\htdocs\\Consultorio\\public\\index.php')
