CRITICAL - 2024-11-11 01:18:33 --> Error: Class "App\Models\UploadModel" not found
[Method: GET, Route: upload/viewFiles]
in APPPATH\Controllers\Upload.php on line 15.
 1 SYSTEMPATH\CodeIgniter.php(903): App\Controllers\Upload->__construct()
 2 SYSTEMPATH\CodeIgniter.php(500): CodeIgniter\CodeIgniter->createController()
 3 SYSTEMPATH\CodeIgniter.php(355): CodeIgniter\CodeIgniter->handleRequest(null, Object(Config\Cache), false)
 4 SYSTEMPATH\Boot.php(325): CodeIgniter\CodeIgniter->run()
 5 SYSTEMPATH\Boot.php(67): CodeIgniter\Boot::runCodeIgniter(Object(CodeIgniter\CodeIgniter))
 6 FCPATH\index.php(56): CodeIgniter\Boot::bootWeb(Object(Config\Paths))
 7 SYSTEMPATH\rewrite.php(44): require_once('C:\\xampp\\htdocs\\Consultorio\\public\\index.php')
CRITICAL - 2024-11-11 01:18:34 --> Error: Class "App\Models\UploadModel" not found
[Method: GET, Route: upload/getFile/2]
in APPPATH\Controllers\Upload.php on line 15.
 1 SYSTEMPATH\CodeIgniter.php(903): App\Controllers\Upload->__construct()
 2 SYSTEMPATH\CodeIgniter.php(500): CodeIgniter\CodeIgniter->createController()
 3 SYSTEMPATH\CodeIgniter.php(355): CodeIgniter\CodeIgniter->handleRequest(null, Object(Config\Cache), false)
 4 SYSTEMPATH\Boot.php(325): CodeIgniter\CodeIgniter->run()
 5 SYSTEMPATH\Boot.php(67): CodeIgniter\Boot::runCodeIgniter(Object(CodeIgniter\CodeIgniter))
 6 FCPATH\index.php(56): CodeIgniter\Boot::bootWeb(Object(Config\Paths))
 7 SYSTEMPATH\rewrite.php(44): require_once('C:\\xampp\\htdocs\\Consultorio\\public\\index.php')
INFO - 2024-11-11 01:18:36 --> Session: Class initialized using 'CodeIgniter\Session\Handlers\FileHandler' driver.
INFO - 2024-11-11 01:18:43 --> Session: Class initialized using 'CodeIgniter\Session\Handlers\FileHandler' driver.
INFO - 2024-11-11 01:18:47 --> Session: Class initialized using 'CodeIgniter\Session\Handlers\FileHandler' driver.
INFO - 2024-11-11 01:18:54 --> Session: Class initialized using 'CodeIgniter\Session\Handlers\FileHandler' driver.
INFO - 2024-11-11 01:21:48 --> Session: Class initialized using 'CodeIgniter\Session\Handlers\FileHandler' driver.
INFO - 2024-11-11 01:21:56 --> Session: Class initialized using 'CodeIgniter\Session\Handlers\FileHandler' driver.
INFO - 2024-11-11 01:22:03 --> Session: Class initialized using 'CodeIgniter\Session\Handlers\FileHandler' driver.
INFO - 2024-11-11 17:36:57 --> Session: Class initialized using 'CodeIgniter\Session\Handlers\FileHandler' driver.
CRITICAL - 2024-11-11 17:37:09 --> CodeIgniter\HTTP\Exceptions\BadRequestException: The URI you submitted has disallowed characters: "<form action="
[Method: POST, Route: imagen/%3Cform%20action=]
in SYSTEMPATH\Router\Router.php on line 737.
 1 SYSTEMPATH\Router\Router.php(204): CodeIgniter\Router\Router->checkDisallowedChars('imagen/<form action=')
 2 SYSTEMPATH\CodeIgniter.php(834): CodeIgniter\Router\Router->handle('imagen/<form action=')
 3 SYSTEMPATH\CodeIgniter.php(457): CodeIgniter\CodeIgniter->tryToRouteIt(Object(CodeIgniter\Router\RouteCollection))
 4 SYSTEMPATH\CodeIgniter.php(355): CodeIgniter\CodeIgniter->handleRequest(null, Object(Config\Cache), false)
 5 SYSTEMPATH\Boot.php(325): CodeIgniter\CodeIgniter->run()
 6 SYSTEMPATH\Boot.php(67): CodeIgniter\Boot::runCodeIgniter(Object(CodeIgniter\CodeIgniter))
 7 FCPATH\index.php(56): CodeIgniter\Boot::bootWeb(Object(Config\Paths))
 8 SYSTEMPATH\rewrite.php(44): require_once('C:\\xampp\\htdocs\\Consultorio\\public\\index.php')
CRITICAL - 2024-11-11 17:38:19 --> CodeIgniter\HTTP\Exceptions\BadRequestException: The URI you submitted has disallowed characters: "<form action="
[Method: POST, Route: imagen/%3Cform%20action=]
in SYSTEMPATH\Router\Router.php on line 737.
 1 SYSTEMPATH\Router\Router.php(204): CodeIgniter\Router\Router->checkDisallowedChars('imagen/<form action=')
 2 SYSTEMPATH\CodeIgniter.php(834): CodeIgniter\Router\Router->handle('imagen/<form action=')
 3 SYSTEMPATH\CodeIgniter.php(457): CodeIgniter\CodeIgniter->tryToRouteIt(Object(CodeIgniter\Router\RouteCollection))
 4 SYSTEMPATH\CodeIgniter.php(355): CodeIgniter\CodeIgniter->handleRequest(null, Object(Config\Cache), false)
 5 SYSTEMPATH\Boot.php(325): CodeIgniter\CodeIgniter->run()
 6 SYSTEMPATH\Boot.php(67): CodeIgniter\Boot::runCodeIgniter(Object(CodeIgniter\CodeIgniter))
 7 FCPATH\index.php(56): CodeIgniter\Boot::bootWeb(Object(Config\Paths))
 8 SYSTEMPATH\rewrite.php(44): require_once('C:\\xampp\\htdocs\\Consultorio\\public\\index.php')
INFO - 2024-11-11 17:38:21 --> Session: Class initialized using 'CodeIgniter\Session\Handlers\FileHandler' driver.
CRITICAL - 2024-11-11 17:38:27 --> Error: Class "App\Models\UploadModel" not found
[Method: POST, Route: upload/upload]
in APPPATH\Controllers\Upload.php on line 15.
 1 SYSTEMPATH\CodeIgniter.php(903): App\Controllers\Upload->__construct()
 2 SYSTEMPATH\CodeIgniter.php(500): CodeIgniter\CodeIgniter->createController()
 3 SYSTEMPATH\CodeIgniter.php(355): CodeIgniter\CodeIgniter->handleRequest(null, Object(Config\Cache), false)
 4 SYSTEMPATH\Boot.php(325): CodeIgniter\CodeIgniter->run()
 5 SYSTEMPATH\Boot.php(67): CodeIgniter\Boot::runCodeIgniter(Object(CodeIgniter\CodeIgniter))
 6 FCPATH\index.php(56): CodeIgniter\Boot::bootWeb(Object(Config\Paths))
 7 SYSTEMPATH\rewrite.php(44): require_once('C:\\xampp\\htdocs\\Consultorio\\public\\index.php')
INFO - 2024-11-11 17:38:56 --> Session: Class initialized using 'CodeIgniter\Session\Handlers\FileHandler' driver.
INFO - 2024-11-11 17:39:54 --> Session: Class initialized using 'CodeIgniter\Session\Handlers\FileHandler' driver.
INFO - 2024-11-11 17:40:14 --> Session: Class initialized using 'CodeIgniter\Session\Handlers\FileHandler' driver.
INFO - 2024-11-11 17:41:06 --> Session: Class initialized using 'CodeIgniter\Session\Handlers\FileHandler' driver.
INFO - 2024-11-11 17:41:22 --> Session: Class initialized using 'CodeIgniter\Session\Handlers\FileHandler' driver.
INFO - 2024-11-11 17:41:47 --> Session: Class initialized using 'CodeIgniter\Session\Handlers\FileHandler' driver.
INFO - 2024-11-11 17:41:50 --> Session: Class initialized using 'CodeIgniter\Session\Handlers\FileHandler' driver.
INFO - 2024-11-11 17:41:53 --> Session: Class initialized using 'CodeIgniter\Session\Handlers\FileHandler' driver.
INFO - 2024-11-11 17:41:56 --> Session: Class initialized using 'CodeIgniter\Session\Handlers\FileHandler' driver.
INFO - 2024-11-11 17:42:02 --> Session: Class initialized using 'CodeIgniter\Session\Handlers\FileHandler' driver.
INFO - 2024-11-11 17:42:07 --> Session: Class initialized using 'CodeIgniter\Session\Handlers\FileHandler' driver.
INFO - 2024-11-11 17:42:11 --> Session: Class initialized using 'CodeIgniter\Session\Handlers\FileHandler' driver.
INFO - 2024-11-11 17:42:14 --> Session: Class initialized using 'CodeIgniter\Session\Handlers\FileHandler' driver.
INFO - 2024-11-11 17:43:08 --> Session: Class initialized using 'CodeIgniter\Session\Handlers\FileHandler' driver.
INFO - 2024-11-11 17:45:24 --> Session: Class initialized using 'CodeIgniter\Session\Handlers\FileHandler' driver.
INFO - 2024-11-11 17:45:25 --> Session: Class initialized using 'CodeIgniter\Session\Handlers\FileHandler' driver.
INFO - 2024-11-11 17:45:26 --> Session: Class initialized using 'CodeIgniter\Session\Handlers\FileHandler' driver.
INFO - 2024-11-11 17:45:27 --> Session: Class initialized using 'CodeIgniter\Session\Handlers\FileHandler' driver.
INFO - 2024-11-11 17:45:33 --> Session: Class initialized using 'CodeIgniter\Session\Handlers\FileHandler' driver.
INFO - 2024-11-11 17:45:35 --> Session: Class initialized using 'CodeIgniter\Session\Handlers\FileHandler' driver.
INFO - 2024-11-11 17:46:42 --> Session: Class initialized using 'CodeIgniter\Session\Handlers\FileHandler' driver.
INFO - 2024-11-11 17:47:08 --> Session: Class initialized using 'CodeIgniter\Session\Handlers\FileHandler' driver.
INFO - 2024-11-11 17:47:10 --> Session: Class initialized using 'CodeIgniter\Session\Handlers\FileHandler' driver.
CRITICAL - 2024-11-11 19:25:28 --> ErrorException: Undefined variable $files
[Method: GET, Route: cliente]
in APPPATH\Views\Cliente\Vista.php on line 7.
 1 APPPATH\Views\Cliente\Vista.php(7): CodeIgniter\Debug\Exceptions->errorHandler(2, 'Undefined variable $files', 'C:\\xampp\\htdocs\\Consultorio\\app\\Views\\Cliente\\Vista.php', 7)
 2 SYSTEMPATH\View\View.php(234): include('C:\\xampp\\htdocs\\Consultorio\\app\\Views\\Cliente\\Vista.php')
 3 SYSTEMPATH\View\View.php(237): CodeIgniter\View\View->CodeIgniter\View\{closure}()
 4 SYSTEMPATH\Common.php(1169): CodeIgniter\View\View->render('Cliente/Vista', [], true)
 5 APPPATH\Controllers\Consultorio.php(201): view('Cliente/Vista', [...])
 6 SYSTEMPATH\CodeIgniter.php(933): App\Controllers\Consultorio->Ver()
 7 SYSTEMPATH\CodeIgniter.php(509): CodeIgniter\CodeIgniter->runController(Object(App\Controllers\Consultorio))
 8 SYSTEMPATH\CodeIgniter.php(355): CodeIgniter\CodeIgniter->handleRequest(null, Object(Config\Cache), false)
 9 SYSTEMPATH\Boot.php(325): CodeIgniter\CodeIgniter->run()
10 SYSTEMPATH\Boot.php(67): CodeIgniter\Boot::runCodeIgniter(Object(CodeIgniter\CodeIgniter))
11 FCPATH\index.php(56): CodeIgniter\Boot::bootWeb(Object(Config\Paths))
12 SYSTEMPATH\rewrite.php(44): require_once('C:\\xampp\\htdocs\\Consultorio\\public\\index.php')
CRITICAL - 2024-11-11 19:29:07 --> ErrorException: Undefined variable $files
[Method: GET, Route: cliente]
in APPPATH\Views\Cliente\Vista.php on line 7.
 1 APPPATH\Views\Cliente\Vista.php(7): CodeIgniter\Debug\Exceptions->errorHandler(2, 'Undefined variable $files', 'C:\\xampp\\htdocs\\Consultorio\\app\\Views\\Cliente\\Vista.php', 7)
 2 SYSTEMPATH\View\View.php(234): include('C:\\xampp\\htdocs\\Consultorio\\app\\Views\\Cliente\\Vista.php')
 3 SYSTEMPATH\View\View.php(237): CodeIgniter\View\View->CodeIgniter\View\{closure}()
 4 SYSTEMPATH\Common.php(1169): CodeIgniter\View\View->render('Cliente/Vista', [], true)
 5 APPPATH\Controllers\Consultorio.php(202): view('Cliente/Vista', [...])
 6 SYSTEMPATH\CodeIgniter.php(933): App\Controllers\Consultorio->Ver()
 7 SYSTEMPATH\CodeIgniter.php(509): CodeIgniter\CodeIgniter->runController(Object(App\Controllers\Consultorio))
 8 SYSTEMPATH\CodeIgniter.php(355): CodeIgniter\CodeIgniter->handleRequest(null, Object(Config\Cache), false)
 9 SYSTEMPATH\Boot.php(325): CodeIgniter\CodeIgniter->run()
10 SYSTEMPATH\Boot.php(67): CodeIgniter\Boot::runCodeIgniter(Object(CodeIgniter\CodeIgniter))
11 FCPATH\index.php(56): CodeIgniter\Boot::bootWeb(Object(Config\Paths))
12 SYSTEMPATH\rewrite.php(44): require_once('C:\\xampp\\htdocs\\Consultorio\\public\\index.php')
CRITICAL - 2024-11-11 19:29:09 --> ErrorException: Undefined variable $files
[Method: GET, Route: cliente]
in APPPATH\Views\Cliente\Vista.php on line 7.
 1 APPPATH\Views\Cliente\Vista.php(7): CodeIgniter\Debug\Exceptions->errorHandler(2, 'Undefined variable $files', 'C:\\xampp\\htdocs\\Consultorio\\app\\Views\\Cliente\\Vista.php', 7)
 2 SYSTEMPATH\View\View.php(234): include('C:\\xampp\\htdocs\\Consultorio\\app\\Views\\Cliente\\Vista.php')
 3 SYSTEMPATH\View\View.php(237): CodeIgniter\View\View->CodeIgniter\View\{closure}()
 4 SYSTEMPATH\Common.php(1169): CodeIgniter\View\View->render('Cliente/Vista', [], true)
 5 APPPATH\Controllers\Consultorio.php(202): view('Cliente/Vista', [...])
 6 SYSTEMPATH\CodeIgniter.php(933): App\Controllers\Consultorio->Ver()
 7 SYSTEMPATH\CodeIgniter.php(509): CodeIgniter\CodeIgniter->runController(Object(App\Controllers\Consultorio))
 8 SYSTEMPATH\CodeIgniter.php(355): CodeIgniter\CodeIgniter->handleRequest(null, Object(Config\Cache), false)
 9 SYSTEMPATH\Boot.php(325): CodeIgniter\CodeIgniter->run()
10 SYSTEMPATH\Boot.php(67): CodeIgniter\Boot::runCodeIgniter(Object(CodeIgniter\CodeIgniter))
11 FCPATH\index.php(56): CodeIgniter\Boot::bootWeb(Object(Config\Paths))
12 SYSTEMPATH\rewrite.php(44): require_once('C:\\xampp\\htdocs\\Consultorio\\public\\index.php')
CRITICAL - 2024-11-11 19:29:33 --> ErrorException: Undefined array key "filename"
[Method: GET, Route: upload/getFile/1]
in APPPATH\Controllers\Imagen.php on line 104.
 1 APPPATH\Controllers\Imagen.php(104): CodeIgniter\Debug\Exceptions->errorHandler(2, 'Undefined array key "filename"', 'C:\\xampp\\htdocs\\Consultorio\\app\\Controllers\\Imagen.php', 104)
 2 SYSTEMPATH\CodeIgniter.php(933): App\Controllers\imagen->getFile('1')
 3 SYSTEMPATH\CodeIgniter.php(509): CodeIgniter\CodeIgniter->runController(Object(App\Controllers\imagen))
 4 SYSTEMPATH\CodeIgniter.php(355): CodeIgniter\CodeIgniter->handleRequest(null, Object(Config\Cache), false)
 5 SYSTEMPATH\Boot.php(325): CodeIgniter\CodeIgniter->run()
 6 SYSTEMPATH\Boot.php(67): CodeIgniter\Boot::runCodeIgniter(Object(CodeIgniter\CodeIgniter))
 7 FCPATH\index.php(56): CodeIgniter\Boot::bootWeb(Object(Config\Paths))
 8 SYSTEMPATH\rewrite.php(44): require_once('C:\\xampp\\htdocs\\Consultorio\\public\\index.php')
CRITICAL - 2024-11-11 19:29:33 --> ErrorException: Undefined array key "filename"
[Method: GET, Route: upload/getFile/2]
in APPPATH\Controllers\Imagen.php on line 104.
 1 APPPATH\Controllers\Imagen.php(104): CodeIgniter\Debug\Exceptions->errorHandler(2, 'Undefined array key "filename"', 'C:\\xampp\\htdocs\\Consultorio\\app\\Controllers\\Imagen.php', 104)
 2 SYSTEMPATH\CodeIgniter.php(933): App\Controllers\imagen->getFile('2')
 3 SYSTEMPATH\CodeIgniter.php(509): CodeIgniter\CodeIgniter->runController(Object(App\Controllers\imagen))
 4 SYSTEMPATH\CodeIgniter.php(355): CodeIgniter\CodeIgniter->handleRequest(null, Object(Config\Cache), false)
 5 SYSTEMPATH\Boot.php(325): CodeIgniter\CodeIgniter->run()
 6 SYSTEMPATH\Boot.php(67): CodeIgniter\Boot::runCodeIgniter(Object(CodeIgniter\CodeIgniter))
 7 FCPATH\index.php(56): CodeIgniter\Boot::bootWeb(Object(Config\Paths))
 8 SYSTEMPATH\rewrite.php(44): require_once('C:\\xampp\\htdocs\\Consultorio\\public\\index.php')
CRITICAL - 2024-11-11 19:29:33 --> ErrorException: Undefined array key "filename"
[Method: GET, Route: upload/getFile/3]
in APPPATH\Controllers\Imagen.php on line 104.
 1 APPPATH\Controllers\Imagen.php(104): CodeIgniter\Debug\Exceptions->errorHandler(2, 'Undefined array key "filename"', 'C:\\xampp\\htdocs\\Consultorio\\app\\Controllers\\Imagen.php', 104)
 2 SYSTEMPATH\CodeIgniter.php(933): App\Controllers\imagen->getFile('3')
 3 SYSTEMPATH\CodeIgniter.php(509): CodeIgniter\CodeIgniter->runController(Object(App\Controllers\imagen))
 4 SYSTEMPATH\CodeIgniter.php(355): CodeIgniter\CodeIgniter->handleRequest(null, Object(Config\Cache), false)
 5 SYSTEMPATH\Boot.php(325): CodeIgniter\CodeIgniter->run()
 6 SYSTEMPATH\Boot.php(67): CodeIgniter\Boot::runCodeIgniter(Object(CodeIgniter\CodeIgniter))
 7 FCPATH\index.php(56): CodeIgniter\Boot::bootWeb(Object(Config\Paths))
 8 SYSTEMPATH\rewrite.php(44): require_once('C:\\xampp\\htdocs\\Consultorio\\public\\index.php')
CRITICAL - 2024-11-11 19:29:34 --> ErrorException: Undefined array key "filename"
[Method: GET, Route: upload/getFile/4]
in APPPATH\Controllers\Imagen.php on line 104.
 1 APPPATH\Controllers\Imagen.php(104): CodeIgniter\Debug\Exceptions->errorHandler(2, 'Undefined array key "filename"', 'C:\\xampp\\htdocs\\Consultorio\\app\\Controllers\\Imagen.php', 104)
 2 SYSTEMPATH\CodeIgniter.php(933): App\Controllers\imagen->getFile('4')
 3 SYSTEMPATH\CodeIgniter.php(509): CodeIgniter\CodeIgniter->runController(Object(App\Controllers\imagen))
 4 SYSTEMPATH\CodeIgniter.php(355): CodeIgniter\CodeIgniter->handleRequest(null, Object(Config\Cache), false)
 5 SYSTEMPATH\Boot.php(325): CodeIgniter\CodeIgniter->run()
 6 SYSTEMPATH\Boot.php(67): CodeIgniter\Boot::runCodeIgniter(Object(CodeIgniter\CodeIgniter))
 7 FCPATH\index.php(56): CodeIgniter\Boot::bootWeb(Object(Config\Paths))
 8 SYSTEMPATH\rewrite.php(44): require_once('C:\\xampp\\htdocs\\Consultorio\\public\\index.php')
CRITICAL - 2024-11-11 19:29:34 --> ErrorException: Undefined array key "filename"
[Method: GET, Route: upload/getFile/5]
in APPPATH\Controllers\Imagen.php on line 104.
 1 APPPATH\Controllers\Imagen.php(104): CodeIgniter\Debug\Exceptions->errorHandler(2, 'Undefined array key "filename"', 'C:\\xampp\\htdocs\\Consultorio\\app\\Controllers\\Imagen.php', 104)
 2 SYSTEMPATH\CodeIgniter.php(933): App\Controllers\imagen->getFile('5')
 3 SYSTEMPATH\CodeIgniter.php(509): CodeIgniter\CodeIgniter->runController(Object(App\Controllers\imagen))
 4 SYSTEMPATH\CodeIgniter.php(355): CodeIgniter\CodeIgniter->handleRequest(null, Object(Config\Cache), false)
 5 SYSTEMPATH\Boot.php(325): CodeIgniter\CodeIgniter->run()
 6 SYSTEMPATH\Boot.php(67): CodeIgniter\Boot::runCodeIgniter(Object(CodeIgniter\CodeIgniter))
 7 FCPATH\index.php(56): CodeIgniter\Boot::bootWeb(Object(Config\Paths))
 8 SYSTEMPATH\rewrite.php(44): require_once('C:\\xampp\\htdocs\\Consultorio\\public\\index.php')
CRITICAL - 2024-11-11 19:29:44 --> ErrorException: Undefined array key "filename"
[Method: GET, Route: upload/getFile/1]
in APPPATH\Controllers\Imagen.php on line 104.
 1 APPPATH\Controllers\Imagen.php(104): CodeIgniter\Debug\Exceptions->errorHandler(2, 'Undefined array key "filename"', 'C:\\xampp\\htdocs\\Consultorio\\app\\Controllers\\Imagen.php', 104)
 2 SYSTEMPATH\CodeIgniter.php(933): App\Controllers\imagen->getFile('1')
 3 SYSTEMPATH\CodeIgniter.php(509): CodeIgniter\CodeIgniter->runController(Object(App\Controllers\imagen))
 4 SYSTEMPATH\CodeIgniter.php(355): CodeIgniter\CodeIgniter->handleRequest(null, Object(Config\Cache), false)
 5 SYSTEMPATH\Boot.php(325): CodeIgniter\CodeIgniter->run()
 6 SYSTEMPATH\Boot.php(67): CodeIgniter\Boot::runCodeIgniter(Object(CodeIgniter\CodeIgniter))
 7 FCPATH\index.php(56): CodeIgniter\Boot::bootWeb(Object(Config\Paths))
 8 SYSTEMPATH\rewrite.php(44): require_once('C:\\xampp\\htdocs\\Consultorio\\public\\index.php')
CRITICAL - 2024-11-11 19:29:44 --> ErrorException: Undefined array key "filename"
[Method: GET, Route: upload/getFile/2]
in APPPATH\Controllers\Imagen.php on line 104.
 1 APPPATH\Controllers\Imagen.php(104): CodeIgniter\Debug\Exceptions->errorHandler(2, 'Undefined array key "filename"', 'C:\\xampp\\htdocs\\Consultorio\\app\\Controllers\\Imagen.php', 104)
 2 SYSTEMPATH\CodeIgniter.php(933): App\Controllers\imagen->getFile('2')
 3 SYSTEMPATH\CodeIgniter.php(509): CodeIgniter\CodeIgniter->runController(Object(App\Controllers\imagen))
 4 SYSTEMPATH\CodeIgniter.php(355): CodeIgniter\CodeIgniter->handleRequest(null, Object(Config\Cache), false)
 5 SYSTEMPATH\Boot.php(325): CodeIgniter\CodeIgniter->run()
 6 SYSTEMPATH\Boot.php(67): CodeIgniter\Boot::runCodeIgniter(Object(CodeIgniter\CodeIgniter))
 7 FCPATH\index.php(56): CodeIgniter\Boot::bootWeb(Object(Config\Paths))
 8 SYSTEMPATH\rewrite.php(44): require_once('C:\\xampp\\htdocs\\Consultorio\\public\\index.php')
CRITICAL - 2024-11-11 19:29:44 --> ErrorException: Undefined array key "filename"
[Method: GET, Route: upload/getFile/3]
in APPPATH\Controllers\Imagen.php on line 104.
 1 APPPATH\Controllers\Imagen.php(104): CodeIgniter\Debug\Exceptions->errorHandler(2, 'Undefined array key "filename"', 'C:\\xampp\\htdocs\\Consultorio\\app\\Controllers\\Imagen.php', 104)
 2 SYSTEMPATH\CodeIgniter.php(933): App\Controllers\imagen->getFile('3')
 3 SYSTEMPATH\CodeIgniter.php(509): CodeIgniter\CodeIgniter->runController(Object(App\Controllers\imagen))
 4 SYSTEMPATH\CodeIgniter.php(355): CodeIgniter\CodeIgniter->handleRequest(null, Object(Config\Cache), false)
 5 SYSTEMPATH\Boot.php(325): CodeIgniter\CodeIgniter->run()
 6 SYSTEMPATH\Boot.php(67): CodeIgniter\Boot::runCodeIgniter(Object(CodeIgniter\CodeIgniter))
 7 FCPATH\index.php(56): CodeIgniter\Boot::bootWeb(Object(Config\Paths))
 8 SYSTEMPATH\rewrite.php(44): require_once('C:\\xampp\\htdocs\\Consultorio\\public\\index.php')
CRITICAL - 2024-11-11 19:29:44 --> ErrorException: Undefined array key "filename"
[Method: GET, Route: upload/getFile/4]
in APPPATH\Controllers\Imagen.php on line 104.
 1 APPPATH\Controllers\Imagen.php(104): CodeIgniter\Debug\Exceptions->errorHandler(2, 'Undefined array key "filename"', 'C:\\xampp\\htdocs\\Consultorio\\app\\Controllers\\Imagen.php', 104)
 2 SYSTEMPATH\CodeIgniter.php(933): App\Controllers\imagen->getFile('4')
 3 SYSTEMPATH\CodeIgniter.php(509): CodeIgniter\CodeIgniter->runController(Object(App\Controllers\imagen))
 4 SYSTEMPATH\CodeIgniter.php(355): CodeIgniter\CodeIgniter->handleRequest(null, Object(Config\Cache), false)
 5 SYSTEMPATH\Boot.php(325): CodeIgniter\CodeIgniter->run()
 6 SYSTEMPATH\Boot.php(67): CodeIgniter\Boot::runCodeIgniter(Object(CodeIgniter\CodeIgniter))
 7 FCPATH\index.php(56): CodeIgniter\Boot::bootWeb(Object(Config\Paths))
 8 SYSTEMPATH\rewrite.php(44): require_once('C:\\xampp\\htdocs\\Consultorio\\public\\index.php')
CRITICAL - 2024-11-11 19:29:44 --> ErrorException: Undefined array key "filename"
[Method: GET, Route: upload/getFile/5]
in APPPATH\Controllers\Imagen.php on line 104.
 1 APPPATH\Controllers\Imagen.php(104): CodeIgniter\Debug\Exceptions->errorHandler(2, 'Undefined array key "filename"', 'C:\\xampp\\htdocs\\Consultorio\\app\\Controllers\\Imagen.php', 104)
 2 SYSTEMPATH\CodeIgniter.php(933): App\Controllers\imagen->getFile('5')
 3 SYSTEMPATH\CodeIgniter.php(509): CodeIgniter\CodeIgniter->runController(Object(App\Controllers\imagen))
 4 SYSTEMPATH\CodeIgniter.php(355): CodeIgniter\CodeIgniter->handleRequest(null, Object(Config\Cache), false)
 5 SYSTEMPATH\Boot.php(325): CodeIgniter\CodeIgniter->run()
 6 SYSTEMPATH\Boot.php(67): CodeIgniter\Boot::runCodeIgniter(Object(CodeIgniter\CodeIgniter))
 7 FCPATH\index.php(56): CodeIgniter\Boot::bootWeb(Object(Config\Paths))
 8 SYSTEMPATH\rewrite.php(44): require_once('C:\\xampp\\htdocs\\Consultorio\\public\\index.php')
CRITICAL - 2024-11-11 19:30:22 --> ErrorException: Undefined array key "filename"
[Method: GET, Route: upload/getFile/1]
in APPPATH\Controllers\Imagen.php on line 104.
 1 APPPATH\Controllers\Imagen.php(104): CodeIgniter\Debug\Exceptions->errorHandler(2, 'Undefined array key "filename"', 'C:\\xampp\\htdocs\\Consultorio\\app\\Controllers\\Imagen.php', 104)
 2 SYSTEMPATH\CodeIgniter.php(933): App\Controllers\imagen->getFile('1')
 3 SYSTEMPATH\CodeIgniter.php(509): CodeIgniter\CodeIgniter->runController(Object(App\Controllers\imagen))
 4 SYSTEMPATH\CodeIgniter.php(355): CodeIgniter\CodeIgniter->handleRequest(null, Object(Config\Cache), false)
 5 SYSTEMPATH\Boot.php(325): CodeIgniter\CodeIgniter->run()
 6 SYSTEMPATH\Boot.php(67): CodeIgniter\Boot::runCodeIgniter(Object(CodeIgniter\CodeIgniter))
 7 FCPATH\index.php(56): CodeIgniter\Boot::bootWeb(Object(Config\Paths))
 8 SYSTEMPATH\rewrite.php(44): require_once('C:\\xampp\\htdocs\\Consultorio\\public\\index.php')
CRITICAL - 2024-11-11 19:30:22 --> ErrorException: Undefined array key "filename"
[Method: GET, Route: upload/getFile/2]
in APPPATH\Controllers\Imagen.php on line 104.
 1 APPPATH\Controllers\Imagen.php(104): CodeIgniter\Debug\Exceptions->errorHandler(2, 'Undefined array key "filename"', 'C:\\xampp\\htdocs\\Consultorio\\app\\Controllers\\Imagen.php', 104)
 2 SYSTEMPATH\CodeIgniter.php(933): App\Controllers\imagen->getFile('2')
 3 SYSTEMPATH\CodeIgniter.php(509): CodeIgniter\CodeIgniter->runController(Object(App\Controllers\imagen))
 4 SYSTEMPATH\CodeIgniter.php(355): CodeIgniter\CodeIgniter->handleRequest(null, Object(Config\Cache), false)
 5 SYSTEMPATH\Boot.php(325): CodeIgniter\CodeIgniter->run()
 6 SYSTEMPATH\Boot.php(67): CodeIgniter\Boot::runCodeIgniter(Object(CodeIgniter\CodeIgniter))
 7 FCPATH\index.php(56): CodeIgniter\Boot::bootWeb(Object(Config\Paths))
 8 SYSTEMPATH\rewrite.php(44): require_once('C:\\xampp\\htdocs\\Consultorio\\public\\index.php')
CRITICAL - 2024-11-11 19:30:22 --> ErrorException: Undefined array key "filename"
[Method: GET, Route: upload/getFile/3]
in APPPATH\Controllers\Imagen.php on line 104.
 1 APPPATH\Controllers\Imagen.php(104): CodeIgniter\Debug\Exceptions->errorHandler(2, 'Undefined array key "filename"', 'C:\\xampp\\htdocs\\Consultorio\\app\\Controllers\\Imagen.php', 104)
 2 SYSTEMPATH\CodeIgniter.php(933): App\Controllers\imagen->getFile('3')
 3 SYSTEMPATH\CodeIgniter.php(509): CodeIgniter\CodeIgniter->runController(Object(App\Controllers\imagen))
 4 SYSTEMPATH\CodeIgniter.php(355): CodeIgniter\CodeIgniter->handleRequest(null, Object(Config\Cache), false)
 5 SYSTEMPATH\Boot.php(325): CodeIgniter\CodeIgniter->run()
 6 SYSTEMPATH\Boot.php(67): CodeIgniter\Boot::runCodeIgniter(Object(CodeIgniter\CodeIgniter))
 7 FCPATH\index.php(56): CodeIgniter\Boot::bootWeb(Object(Config\Paths))
 8 SYSTEMPATH\rewrite.php(44): require_once('C:\\xampp\\htdocs\\Consultorio\\public\\index.php')
CRITICAL - 2024-11-11 19:30:23 --> ErrorException: Undefined array key "filename"
[Method: GET, Route: upload/getFile/4]
in APPPATH\Controllers\Imagen.php on line 104.
 1 APPPATH\Controllers\Imagen.php(104): CodeIgniter\Debug\Exceptions->errorHandler(2, 'Undefined array key "filename"', 'C:\\xampp\\htdocs\\Consultorio\\app\\Controllers\\Imagen.php', 104)
 2 SYSTEMPATH\CodeIgniter.php(933): App\Controllers\imagen->getFile('4')
 3 SYSTEMPATH\CodeIgniter.php(509): CodeIgniter\CodeIgniter->runController(Object(App\Controllers\imagen))
 4 SYSTEMPATH\CodeIgniter.php(355): CodeIgniter\CodeIgniter->handleRequest(null, Object(Config\Cache), false)
 5 SYSTEMPATH\Boot.php(325): CodeIgniter\CodeIgniter->run()
 6 SYSTEMPATH\Boot.php(67): CodeIgniter\Boot::runCodeIgniter(Object(CodeIgniter\CodeIgniter))
 7 FCPATH\index.php(56): CodeIgniter\Boot::bootWeb(Object(Config\Paths))
 8 SYSTEMPATH\rewrite.php(44): require_once('C:\\xampp\\htdocs\\Consultorio\\public\\index.php')
CRITICAL - 2024-11-11 19:30:23 --> ErrorException: Undefined array key "filename"
[Method: GET, Route: upload/getFile/5]
in APPPATH\Controllers\Imagen.php on line 104.
 1 APPPATH\Controllers\Imagen.php(104): CodeIgniter\Debug\Exceptions->errorHandler(2, 'Undefined array key "filename"', 'C:\\xampp\\htdocs\\Consultorio\\app\\Controllers\\Imagen.php', 104)
 2 SYSTEMPATH\CodeIgniter.php(933): App\Controllers\imagen->getFile('5')
 3 SYSTEMPATH\CodeIgniter.php(509): CodeIgniter\CodeIgniter->runController(Object(App\Controllers\imagen))
 4 SYSTEMPATH\CodeIgniter.php(355): CodeIgniter\CodeIgniter->handleRequest(null, Object(Config\Cache), false)
 5 SYSTEMPATH\Boot.php(325): CodeIgniter\CodeIgniter->run()
 6 SYSTEMPATH\Boot.php(67): CodeIgniter\Boot::runCodeIgniter(Object(CodeIgniter\CodeIgniter))
 7 FCPATH\index.php(56): CodeIgniter\Boot::bootWeb(Object(Config\Paths))
 8 SYSTEMPATH\rewrite.php(44): require_once('C:\\xampp\\htdocs\\Consultorio\\public\\index.php')
CRITICAL - 2024-11-11 19:30:23 --> ErrorException: Undefined array key "filename"
[Method: GET, Route: upload/getFile/1]
in APPPATH\Controllers\Imagen.php on line 104.
 1 APPPATH\Controllers\Imagen.php(104): CodeIgniter\Debug\Exceptions->errorHandler(2, 'Undefined array key "filename"', 'C:\\xampp\\htdocs\\Consultorio\\app\\Controllers\\Imagen.php', 104)
 2 SYSTEMPATH\CodeIgniter.php(933): App\Controllers\imagen->getFile('1')
 3 SYSTEMPATH\CodeIgniter.php(509): CodeIgniter\CodeIgniter->runController(Object(App\Controllers\imagen))
 4 SYSTEMPATH\CodeIgniter.php(355): CodeIgniter\CodeIgniter->handleRequest(null, Object(Config\Cache), false)
 5 SYSTEMPATH\Boot.php(325): CodeIgniter\CodeIgniter->run()
 6 SYSTEMPATH\Boot.php(67): CodeIgniter\Boot::runCodeIgniter(Object(CodeIgniter\CodeIgniter))
 7 FCPATH\index.php(56): CodeIgniter\Boot::bootWeb(Object(Config\Paths))
 8 SYSTEMPATH\rewrite.php(44): require_once('C:\\xampp\\htdocs\\Consultorio\\public\\index.php')
CRITICAL - 2024-11-11 19:30:23 --> ErrorException: Undefined array key "filename"
[Method: GET, Route: upload/getFile/2]
in APPPATH\Controllers\Imagen.php on line 104.
 1 APPPATH\Controllers\Imagen.php(104): CodeIgniter\Debug\Exceptions->errorHandler(2, 'Undefined array key "filename"', 'C:\\xampp\\htdocs\\Consultorio\\app\\Controllers\\Imagen.php', 104)
 2 SYSTEMPATH\CodeIgniter.php(933): App\Controllers\imagen->getFile('2')
 3 SYSTEMPATH\CodeIgniter.php(509): CodeIgniter\CodeIgniter->runController(Object(App\Controllers\imagen))
 4 SYSTEMPATH\CodeIgniter.php(355): CodeIgniter\CodeIgniter->handleRequest(null, Object(Config\Cache), false)
 5 SYSTEMPATH\Boot.php(325): CodeIgniter\CodeIgniter->run()
 6 SYSTEMPATH\Boot.php(67): CodeIgniter\Boot::runCodeIgniter(Object(CodeIgniter\CodeIgniter))
 7 FCPATH\index.php(56): CodeIgniter\Boot::bootWeb(Object(Config\Paths))
 8 SYSTEMPATH\rewrite.php(44): require_once('C:\\xampp\\htdocs\\Consultorio\\public\\index.php')
CRITICAL - 2024-11-11 19:30:23 --> ErrorException: Undefined array key "filename"
[Method: GET, Route: upload/getFile/3]
in APPPATH\Controllers\Imagen.php on line 104.
 1 APPPATH\Controllers\Imagen.php(104): CodeIgniter\Debug\Exceptions->errorHandler(2, 'Undefined array key "filename"', 'C:\\xampp\\htdocs\\Consultorio\\app\\Controllers\\Imagen.php', 104)
 2 SYSTEMPATH\CodeIgniter.php(933): App\Controllers\imagen->getFile('3')
 3 SYSTEMPATH\CodeIgniter.php(509): CodeIgniter\CodeIgniter->runController(Object(App\Controllers\imagen))
 4 SYSTEMPATH\CodeIgniter.php(355): CodeIgniter\CodeIgniter->handleRequest(null, Object(Config\Cache), false)
 5 SYSTEMPATH\Boot.php(325): CodeIgniter\CodeIgniter->run()
 6 SYSTEMPATH\Boot.php(67): CodeIgniter\Boot::runCodeIgniter(Object(CodeIgniter\CodeIgniter))
 7 FCPATH\index.php(56): CodeIgniter\Boot::bootWeb(Object(Config\Paths))
 8 SYSTEMPATH\rewrite.php(44): require_once('C:\\xampp\\htdocs\\Consultorio\\public\\index.php')
CRITICAL - 2024-11-11 19:30:23 --> ErrorException: Undefined array key "filename"
[Method: GET, Route: upload/getFile/4]
in APPPATH\Controllers\Imagen.php on line 104.
 1 APPPATH\Controllers\Imagen.php(104): CodeIgniter\Debug\Exceptions->errorHandler(2, 'Undefined array key "filename"', 'C:\\xampp\\htdocs\\Consultorio\\app\\Controllers\\Imagen.php', 104)
 2 SYSTEMPATH\CodeIgniter.php(933): App\Controllers\imagen->getFile('4')
 3 SYSTEMPATH\CodeIgniter.php(509): CodeIgniter\CodeIgniter->runController(Object(App\Controllers\imagen))
 4 SYSTEMPATH\CodeIgniter.php(355): CodeIgniter\CodeIgniter->handleRequest(null, Object(Config\Cache), false)
 5 SYSTEMPATH\Boot.php(325): CodeIgniter\CodeIgniter->run()
 6 SYSTEMPATH\Boot.php(67): CodeIgniter\Boot::runCodeIgniter(Object(CodeIgniter\CodeIgniter))
 7 FCPATH\index.php(56): CodeIgniter\Boot::bootWeb(Object(Config\Paths))
 8 SYSTEMPATH\rewrite.php(44): require_once('C:\\xampp\\htdocs\\Consultorio\\public\\index.php')
CRITICAL - 2024-11-11 19:30:23 --> ErrorException: Undefined array key "filename"
[Method: GET, Route: upload/getFile/5]
in APPPATH\Controllers\Imagen.php on line 104.
 1 APPPATH\Controllers\Imagen.php(104): CodeIgniter\Debug\Exceptions->errorHandler(2, 'Undefined array key "filename"', 'C:\\xampp\\htdocs\\Consultorio\\app\\Controllers\\Imagen.php', 104)
 2 SYSTEMPATH\CodeIgniter.php(933): App\Controllers\imagen->getFile('5')
 3 SYSTEMPATH\CodeIgniter.php(509): CodeIgniter\CodeIgniter->runController(Object(App\Controllers\imagen))
 4 SYSTEMPATH\CodeIgniter.php(355): CodeIgniter\CodeIgniter->handleRequest(null, Object(Config\Cache), false)
 5 SYSTEMPATH\Boot.php(325): CodeIgniter\CodeIgniter->run()
 6 SYSTEMPATH\Boot.php(67): CodeIgniter\Boot::runCodeIgniter(Object(CodeIgniter\CodeIgniter))
 7 FCPATH\index.php(56): CodeIgniter\Boot::bootWeb(Object(Config\Paths))
 8 SYSTEMPATH\rewrite.php(44): require_once('C:\\xampp\\htdocs\\Consultorio\\public\\index.php')
CRITICAL - 2024-11-11 19:32:05 --> ErrorException: Undefined array key "filename"
[Method: GET, Route: upload/getFile/1]
in APPPATH\Controllers\Imagen.php on line 104.
 1 APPPATH\Controllers\Imagen.php(104): CodeIgniter\Debug\Exceptions->errorHandler(2, 'Undefined array key "filename"', 'C:\\xampp\\htdocs\\Consultorio\\app\\Controllers\\Imagen.php', 104)
 2 SYSTEMPATH\CodeIgniter.php(933): App\Controllers\imagen->getFile('1')
 3 SYSTEMPATH\CodeIgniter.php(509): CodeIgniter\CodeIgniter->runController(Object(App\Controllers\imagen))
 4 SYSTEMPATH\CodeIgniter.php(355): CodeIgniter\CodeIgniter->handleRequest(null, Object(Config\Cache), false)
 5 SYSTEMPATH\Boot.php(325): CodeIgniter\CodeIgniter->run()
 6 SYSTEMPATH\Boot.php(67): CodeIgniter\Boot::runCodeIgniter(Object(CodeIgniter\CodeIgniter))
 7 FCPATH\index.php(56): CodeIgniter\Boot::bootWeb(Object(Config\Paths))
 8 SYSTEMPATH\rewrite.php(44): require_once('C:\\xampp\\htdocs\\Consultorio\\public\\index.php')
CRITICAL - 2024-11-11 19:32:05 --> ErrorException: Undefined array key "filename"
[Method: GET, Route: upload/getFile/2]
in APPPATH\Controllers\Imagen.php on line 104.
 1 APPPATH\Controllers\Imagen.php(104): CodeIgniter\Debug\Exceptions->errorHandler(2, 'Undefined array key "filename"', 'C:\\xampp\\htdocs\\Consultorio\\app\\Controllers\\Imagen.php', 104)
 2 SYSTEMPATH\CodeIgniter.php(933): App\Controllers\imagen->getFile('2')
 3 SYSTEMPATH\CodeIgniter.php(509): CodeIgniter\CodeIgniter->runController(Object(App\Controllers\imagen))
 4 SYSTEMPATH\CodeIgniter.php(355): CodeIgniter\CodeIgniter->handleRequest(null, Object(Config\Cache), false)
 5 SYSTEMPATH\Boot.php(325): CodeIgniter\CodeIgniter->run()
 6 SYSTEMPATH\Boot.php(67): CodeIgniter\Boot::runCodeIgniter(Object(CodeIgniter\CodeIgniter))
 7 FCPATH\index.php(56): CodeIgniter\Boot::bootWeb(Object(Config\Paths))
 8 SYSTEMPATH\rewrite.php(44): require_once('C:\\xampp\\htdocs\\Consultorio\\public\\index.php')
CRITICAL - 2024-11-11 19:32:06 --> ErrorException: Undefined array key "filename"
[Method: GET, Route: upload/getFile/3]
in APPPATH\Controllers\Imagen.php on line 104.
 1 APPPATH\Controllers\Imagen.php(104): CodeIgniter\Debug\Exceptions->errorHandler(2, 'Undefined array key "filename"', 'C:\\xampp\\htdocs\\Consultorio\\app\\Controllers\\Imagen.php', 104)
 2 SYSTEMPATH\CodeIgniter.php(933): App\Controllers\imagen->getFile('3')
 3 SYSTEMPATH\CodeIgniter.php(509): CodeIgniter\CodeIgniter->runController(Object(App\Controllers\imagen))
 4 SYSTEMPATH\CodeIgniter.php(355): CodeIgniter\CodeIgniter->handleRequest(null, Object(Config\Cache), false)
 5 SYSTEMPATH\Boot.php(325): CodeIgniter\CodeIgniter->run()
 6 SYSTEMPATH\Boot.php(67): CodeIgniter\Boot::runCodeIgniter(Object(CodeIgniter\CodeIgniter))
 7 FCPATH\index.php(56): CodeIgniter\Boot::bootWeb(Object(Config\Paths))
 8 SYSTEMPATH\rewrite.php(44): require_once('C:\\xampp\\htdocs\\Consultorio\\public\\index.php')
CRITICAL - 2024-11-11 19:32:06 --> ErrorException: Undefined array key "filename"
[Method: GET, Route: upload/getFile/4]
in APPPATH\Controllers\Imagen.php on line 104.
 1 APPPATH\Controllers\Imagen.php(104): CodeIgniter\Debug\Exceptions->errorHandler(2, 'Undefined array key "filename"', 'C:\\xampp\\htdocs\\Consultorio\\app\\Controllers\\Imagen.php', 104)
 2 SYSTEMPATH\CodeIgniter.php(933): App\Controllers\imagen->getFile('4')
 3 SYSTEMPATH\CodeIgniter.php(509): CodeIgniter\CodeIgniter->runController(Object(App\Controllers\imagen))
 4 SYSTEMPATH\CodeIgniter.php(355): CodeIgniter\CodeIgniter->handleRequest(null, Object(Config\Cache), false)
 5 SYSTEMPATH\Boot.php(325): CodeIgniter\CodeIgniter->run()
 6 SYSTEMPATH\Boot.php(67): CodeIgniter\Boot::runCodeIgniter(Object(CodeIgniter\CodeIgniter))
 7 FCPATH\index.php(56): CodeIgniter\Boot::bootWeb(Object(Config\Paths))
 8 SYSTEMPATH\rewrite.php(44): require_once('C:\\xampp\\htdocs\\Consultorio\\public\\index.php')
CRITICAL - 2024-11-11 19:32:06 --> ErrorException: Undefined array key "filename"
[Method: GET, Route: upload/getFile/5]
in APPPATH\Controllers\Imagen.php on line 104.
 1 APPPATH\Controllers\Imagen.php(104): CodeIgniter\Debug\Exceptions->errorHandler(2, 'Undefined array key "filename"', 'C:\\xampp\\htdocs\\Consultorio\\app\\Controllers\\Imagen.php', 104)
 2 SYSTEMPATH\CodeIgniter.php(933): App\Controllers\imagen->getFile('5')
 3 SYSTEMPATH\CodeIgniter.php(509): CodeIgniter\CodeIgniter->runController(Object(App\Controllers\imagen))
 4 SYSTEMPATH\CodeIgniter.php(355): CodeIgniter\CodeIgniter->handleRequest(null, Object(Config\Cache), false)
 5 SYSTEMPATH\Boot.php(325): CodeIgniter\CodeIgniter->run()
 6 SYSTEMPATH\Boot.php(67): CodeIgniter\Boot::runCodeIgniter(Object(CodeIgniter\CodeIgniter))
 7 FCPATH\index.php(56): CodeIgniter\Boot::bootWeb(Object(Config\Paths))
 8 SYSTEMPATH\rewrite.php(44): require_once('C:\\xampp\\htdocs\\Consultorio\\public\\index.php')
CRITICAL - 2024-11-11 19:32:07 --> ErrorException: Undefined array key "filename"
[Method: GET, Route: upload/getFile/1]
in APPPATH\Controllers\Imagen.php on line 104.
 1 APPPATH\Controllers\Imagen.php(104): CodeIgniter\Debug\Exceptions->errorHandler(2, 'Undefined array key "filename"', 'C:\\xampp\\htdocs\\Consultorio\\app\\Controllers\\Imagen.php', 104)
 2 SYSTEMPATH\CodeIgniter.php(933): App\Controllers\imagen->getFile('1')
 3 SYSTEMPATH\CodeIgniter.php(509): CodeIgniter\CodeIgniter->runController(Object(App\Controllers\imagen))
 4 SYSTEMPATH\CodeIgniter.php(355): CodeIgniter\CodeIgniter->handleRequest(null, Object(Config\Cache), false)
 5 SYSTEMPATH\Boot.php(325): CodeIgniter\CodeIgniter->run()
 6 SYSTEMPATH\Boot.php(67): CodeIgniter\Boot::runCodeIgniter(Object(CodeIgniter\CodeIgniter))
 7 FCPATH\index.php(56): CodeIgniter\Boot::bootWeb(Object(Config\Paths))
 8 SYSTEMPATH\rewrite.php(44): require_once('C:\\xampp\\htdocs\\Consultorio\\public\\index.php')
CRITICAL - 2024-11-11 19:33:18 --> ErrorException: Undefined array key "filename"
[Method: GET, Route: upload/getFile/4]
in APPPATH\Controllers\Imagen.php on line 109.
 1 APPPATH\Controllers\Imagen.php(109): CodeIgniter\Debug\Exceptions->errorHandler(2, 'Undefined array key "filename"', 'C:\\xampp\\htdocs\\Consultorio\\app\\Controllers\\Imagen.php', 109)
 2 SYSTEMPATH\CodeIgniter.php(933): App\Controllers\imagen->getFile('4')
 3 SYSTEMPATH\CodeIgniter.php(509): CodeIgniter\CodeIgniter->runController(Object(App\Controllers\imagen))
 4 SYSTEMPATH\CodeIgniter.php(355): CodeIgniter\CodeIgniter->handleRequest(null, Object(Config\Cache), false)
 5 SYSTEMPATH\Boot.php(325): CodeIgniter\CodeIgniter->run()
 6 SYSTEMPATH\Boot.php(67): CodeIgniter\Boot::runCodeIgniter(Object(CodeIgniter\CodeIgniter))
 7 FCPATH\index.php(56): CodeIgniter\Boot::bootWeb(Object(Config\Paths))
 8 SYSTEMPATH\rewrite.php(44): require_once('C:\\xampp\\htdocs\\Consultorio\\public\\index.php')
CRITICAL - 2024-11-11 19:33:18 --> ErrorException: Undefined array key "filename"
[Method: GET, Route: upload/getFile/5]
in APPPATH\Controllers\Imagen.php on line 109.
 1 APPPATH\Controllers\Imagen.php(109): CodeIgniter\Debug\Exceptions->errorHandler(2, 'Undefined array key "filename"', 'C:\\xampp\\htdocs\\Consultorio\\app\\Controllers\\Imagen.php', 109)
 2 SYSTEMPATH\CodeIgniter.php(933): App\Controllers\imagen->getFile('5')
 3 SYSTEMPATH\CodeIgniter.php(509): CodeIgniter\CodeIgniter->runController(Object(App\Controllers\imagen))
 4 SYSTEMPATH\CodeIgniter.php(355): CodeIgniter\CodeIgniter->handleRequest(null, Object(Config\Cache), false)
 5 SYSTEMPATH\Boot.php(325): CodeIgniter\CodeIgniter->run()
 6 SYSTEMPATH\Boot.php(67): CodeIgniter\Boot::runCodeIgniter(Object(CodeIgniter\CodeIgniter))
 7 FCPATH\index.php(56): CodeIgniter\Boot::bootWeb(Object(Config\Paths))
 8 SYSTEMPATH\rewrite.php(44): require_once('C:\\xampp\\htdocs\\Consultorio\\public\\index.php')
CRITICAL - 2024-11-11 19:33:23 --> ErrorException: Undefined array key "filename"
[Method: GET, Route: upload/getFile/5]
in APPPATH\Controllers\Imagen.php on line 109.
 1 APPPATH\Controllers\Imagen.php(109): CodeIgniter\Debug\Exceptions->errorHandler(2, 'Undefined array key "filename"', 'C:\\xampp\\htdocs\\Consultorio\\app\\Controllers\\Imagen.php', 109)
 2 SYSTEMPATH\CodeIgniter.php(933): App\Controllers\imagen->getFile('5')
 3 SYSTEMPATH\CodeIgniter.php(509): CodeIgniter\CodeIgniter->runController(Object(App\Controllers\imagen))
 4 SYSTEMPATH\CodeIgniter.php(355): CodeIgniter\CodeIgniter->handleRequest(null, Object(Config\Cache), false)
 5 SYSTEMPATH\Boot.php(325): CodeIgniter\CodeIgniter->run()
 6 SYSTEMPATH\Boot.php(67): CodeIgniter\Boot::runCodeIgniter(Object(CodeIgniter\CodeIgniter))
 7 FCPATH\index.php(56): CodeIgniter\Boot::bootWeb(Object(Config\Paths))
 8 SYSTEMPATH\rewrite.php(44): require_once('C:\\xampp\\htdocs\\Consultorio\\public\\index.php')
INFO - 2024-11-11 19:42:10 --> Session: Class initialized using 'CodeIgniter\Session\Handlers\FileHandler' driver.
CRITICAL - 2024-11-11 19:42:16 --> ErrorException: Undefined array key "idImagen"
[Method: POST, Route: consultorio/update/]
in APPPATH\Controllers\Consultorio.php on line 120.
 1 APPPATH\Controllers\Consultorio.php(120): CodeIgniter\Debug\Exceptions->errorHandler(2, 'Undefined array key "idImagen"', 'C:\\xampp\\htdocs\\Consultorio\\app\\Controllers\\Consultorio.php', 120)
 2 SYSTEMPATH\CodeIgniter.php(933): App\Controllers\Consultorio->update()
 3 SYSTEMPATH\CodeIgniter.php(509): CodeIgniter\CodeIgniter->runController(Object(App\Controllers\Consultorio))
 4 SYSTEMPATH\CodeIgniter.php(355): CodeIgniter\CodeIgniter->handleRequest(null, Object(Config\Cache), false)
 5 SYSTEMPATH\Boot.php(325): CodeIgniter\CodeIgniter->run()
 6 SYSTEMPATH\Boot.php(67): CodeIgniter\Boot::runCodeIgniter(Object(CodeIgniter\CodeIgniter))
 7 FCPATH\index.php(56): CodeIgniter\Boot::bootWeb(Object(Config\Paths))
 8 SYSTEMPATH\rewrite.php(44): require_once('C:\\xampp\\htdocs\\Consultorio\\public\\index.php')
INFO - 2024-11-11 19:42:24 --> Session: Class initialized using 'CodeIgniter\Session\Handlers\FileHandler' driver.
CRITICAL - 2024-11-11 19:42:26 --> ErrorException: Undefined array key "idImagen"
[Method: POST, Route: consultorio/update/]
in APPPATH\Controllers\Consultorio.php on line 120.
 1 APPPATH\Controllers\Consultorio.php(120): CodeIgniter\Debug\Exceptions->errorHandler(2, 'Undefined array key "idImagen"', 'C:\\xampp\\htdocs\\Consultorio\\app\\Controllers\\Consultorio.php', 120)
 2 SYSTEMPATH\CodeIgniter.php(933): App\Controllers\Consultorio->update()
 3 SYSTEMPATH\CodeIgniter.php(509): CodeIgniter\CodeIgniter->runController(Object(App\Controllers\Consultorio))
 4 SYSTEMPATH\CodeIgniter.php(355): CodeIgniter\CodeIgniter->handleRequest(null, Object(Config\Cache), false)
 5 SYSTEMPATH\Boot.php(325): CodeIgniter\CodeIgniter->run()
 6 SYSTEMPATH\Boot.php(67): CodeIgniter\Boot::runCodeIgniter(Object(CodeIgniter\CodeIgniter))
 7 FCPATH\index.php(56): CodeIgniter\Boot::bootWeb(Object(Config\Paths))
 8 SYSTEMPATH\rewrite.php(44): require_once('C:\\xampp\\htdocs\\Consultorio\\public\\index.php')
INFO - 2024-11-11 19:42:29 --> Session: Class initialized using 'CodeIgniter\Session\Handlers\FileHandler' driver.
INFO - 2024-11-11 19:44:45 --> Session: Class initialized using 'CodeIgniter\Session\Handlers\FileHandler' driver.
INFO - 2024-11-11 19:44:53 --> Session: Class initialized using 'CodeIgniter\Session\Handlers\FileHandler' driver.
INFO - 2024-11-11 19:44:55 --> Session: Class initialized using 'CodeIgniter\Session\Handlers\FileHandler' driver.
INFO - 2024-11-11 19:45:01 --> Session: Class initialized using 'CodeIgniter\Session\Handlers\FileHandler' driver.
INFO - 2024-11-11 19:59:07 --> Session: Class initialized using 'CodeIgniter\Session\Handlers\FileHandler' driver.
INFO - 2024-11-11 19:59:15 --> Session: Class initialized using 'CodeIgniter\Session\Handlers\FileHandler' driver.
INFO - 2024-11-11 20:01:38 --> Session: Class initialized using 'CodeIgniter\Session\Handlers\FileHandler' driver.
INFO - 2024-11-11 20:01:45 --> Session: Class initialized using 'CodeIgniter\Session\Handlers\FileHandler' driver.
INFO - 2024-11-11 20:01:47 --> Session: Class initialized using 'CodeIgniter\Session\Handlers\FileHandler' driver.
INFO - 2024-11-11 20:01:53 --> Session: Class initialized using 'CodeIgniter\Session\Handlers\FileHandler' driver.
INFO - 2024-11-11 20:04:47 --> Session: Class initialized using 'CodeIgniter\Session\Handlers\FileHandler' driver.
INFO - 2024-11-11 20:04:56 --> Session: Class initialized using 'CodeIgniter\Session\Handlers\FileHandler' driver.
CRITICAL - 2024-11-11 20:04:56 --> ErrorException: Undefined variable $lastImagen
[Method: GET, Route: consultorio/add]
in APPPATH\Views\consultorio\add.php on line 52.
 1 APPPATH\Views\consultorio\add.php(52): CodeIgniter\Debug\Exceptions->errorHandler(2, 'Undefined variable $lastImagen', 'C:\\xampp\\htdocs\\Consultorio\\app\\Views\\consultorio\\add.php', 52)
 2 SYSTEMPATH\View\View.php(234): include('C:\\xampp\\htdocs\\Consultorio\\app\\Views\\consultorio\\add.php')
 3 SYSTEMPATH\View\View.php(237): CodeIgniter\View\View->CodeIgniter\View\{closure}()
 4 SYSTEMPATH\Common.php(1169): CodeIgniter\View\View->render('consultorio/add', [...], true)
 5 APPPATH\Controllers\Consultorio.php(68): view('consultorio/add', [...], [...])
 6 SYSTEMPATH\CodeIgniter.php(933): App\Controllers\Consultorio->add()
 7 SYSTEMPATH\CodeIgniter.php(509): CodeIgniter\CodeIgniter->runController(Object(App\Controllers\Consultorio))
 8 SYSTEMPATH\CodeIgniter.php(355): CodeIgniter\CodeIgniter->handleRequest(null, Object(Config\Cache), false)
 9 SYSTEMPATH\Boot.php(325): CodeIgniter\CodeIgniter->run()
10 SYSTEMPATH\Boot.php(67): CodeIgniter\Boot::runCodeIgniter(Object(CodeIgniter\CodeIgniter))
11 FCPATH\index.php(56): CodeIgniter\Boot::bootWeb(Object(Config\Paths))
12 SYSTEMPATH\rewrite.php(44): require_once('C:\\xampp\\htdocs\\Consultorio\\public\\index.php')
INFO - 2024-11-11 20:07:22 --> Session: Class initialized using 'CodeIgniter\Session\Handlers\FileHandler' driver.
INFO - 2024-11-11 20:08:41 --> Session: Class initialized using 'CodeIgniter\Session\Handlers\FileHandler' driver.
INFO - 2024-11-11 20:08:49 --> Session: Class initialized using 'CodeIgniter\Session\Handlers\FileHandler' driver.
INFO - 2024-11-11 20:08:59 --> Session: Class initialized using 'CodeIgniter\Session\Handlers\FileHandler' driver.
INFO - 2024-11-11 20:09:06 --> Session: Class initialized using 'CodeIgniter\Session\Handlers\FileHandler' driver.
INFO - 2024-11-11 20:09:12 --> Session: Class initialized using 'CodeIgniter\Session\Handlers\FileHandler' driver.
INFO - 2024-11-11 20:11:30 --> Session: Class initialized using 'CodeIgniter\Session\Handlers\FileHandler' driver.
INFO - 2024-11-11 20:11:37 --> Session: Class initialized using 'CodeIgniter\Session\Handlers\FileHandler' driver.
INFO - 2024-11-11 20:11:39 --> Session: Class initialized using 'CodeIgniter\Session\Handlers\FileHandler' driver.
INFO - 2024-11-11 20:11:44 --> Session: Class initialized using 'CodeIgniter\Session\Handlers\FileHandler' driver.
INFO - 2024-11-11 20:13:10 --> Session: Class initialized using 'CodeIgniter\Session\Handlers\FileHandler' driver.
INFO - 2024-11-11 20:13:19 --> Session: Class initialized using 'CodeIgniter\Session\Handlers\FileHandler' driver.
INFO - 2024-11-11 20:18:02 --> Session: Class initialized using 'CodeIgniter\Session\Handlers\FileHandler' driver.
INFO - 2024-11-11 20:18:09 --> Session: Class initialized using 'CodeIgniter\Session\Handlers\FileHandler' driver.
INFO - 2024-11-11 20:18:26 --> Session: Class initialized using 'CodeIgniter\Session\Handlers\FileHandler' driver.
INFO - 2024-11-11 20:18:29 --> Session: Class initialized using 'CodeIgniter\Session\Handlers\FileHandler' driver.
INFO - 2024-11-11 20:18:34 --> Session: Class initialized using 'CodeIgniter\Session\Handlers\FileHandler' driver.
CRITICAL - 2024-11-11 20:28:11 --> Error: Cannot use object of type stdClass as array
[Method: GET, Route: cliente]
in APPPATH\Views\Cliente\Vista.php on line 9.
 1 SYSTEMPATH\View\View.php(234): include()
 2 SYSTEMPATH\View\View.php(237): CodeIgniter\View\View->CodeIgniter\View\{closure}()
 3 SYSTEMPATH\Common.php(1169): CodeIgniter\View\View->render('Cliente/Vista', [], true)
 4 APPPATH\Controllers\Consultorio.php(204): view('Cliente/Vista', [...])
 5 SYSTEMPATH\CodeIgniter.php(933): App\Controllers\Consultorio->Ver()
 6 SYSTEMPATH\CodeIgniter.php(509): CodeIgniter\CodeIgniter->runController(Object(App\Controllers\Consultorio))
 7 SYSTEMPATH\CodeIgniter.php(355): CodeIgniter\CodeIgniter->handleRequest(null, Object(Config\Cache), false)
 8 SYSTEMPATH\Boot.php(325): CodeIgniter\CodeIgniter->run()
 9 SYSTEMPATH\Boot.php(67): CodeIgniter\Boot::runCodeIgniter(Object(CodeIgniter\CodeIgniter))
10 FCPATH\index.php(56): CodeIgniter\Boot::bootWeb(Object(Config\Paths))
11 SYSTEMPATH\rewrite.php(44): require_once('C:\\xampp\\htdocs\\Consultorio\\public\\index.php')
CRITICAL - 2024-11-11 20:30:30 --> Error: Cannot use object of type stdClass as array
[Method: GET, Route: cliente]
in APPPATH\Views\Cliente\Vista.php on line 8.
 1 SYSTEMPATH\View\View.php(234): include()
 2 SYSTEMPATH\View\View.php(237): CodeIgniter\View\View->CodeIgniter\View\{closure}()
 3 SYSTEMPATH\Common.php(1169): CodeIgniter\View\View->render('Cliente/Vista', [], true)
 4 APPPATH\Controllers\Consultorio.php(204): view('Cliente/Vista', [...])
 5 SYSTEMPATH\CodeIgniter.php(933): App\Controllers\Consultorio->Ver()
 6 SYSTEMPATH\CodeIgniter.php(509): CodeIgniter\CodeIgniter->runController(Object(App\Controllers\Consultorio))
 7 SYSTEMPATH\CodeIgniter.php(355): CodeIgniter\CodeIgniter->handleRequest(null, Object(Config\Cache), false)
 8 SYSTEMPATH\Boot.php(325): CodeIgniter\CodeIgniter->run()
 9 SYSTEMPATH\Boot.php(67): CodeIgniter\Boot::runCodeIgniter(Object(CodeIgniter\CodeIgniter))
10 FCPATH\index.php(56): CodeIgniter\Boot::bootWeb(Object(Config\Paths))
11 SYSTEMPATH\rewrite.php(44): require_once('C:\\xampp\\htdocs\\Consultorio\\public\\index.php')
