ERROR - 2024-11-14 00:42:28 --> Error connecting to the database: mysqli_sql_exception: No se puede establecer una conexión ya que el equipo de destino denegó expresamente dicha conexión in C:\xampp\htdocs\Consultorio\system\Database\MySQLi\Connection.php:186
Stack trace:
#0 C:\xampp\htdocs\Consultorio\system\Database\MySQLi\Connection.php(186): mysqli->real_connect('127.0.0.1', 'root', Object(SensitiveParameterValue), 'consultorio', 3306, '', 0)
#1 C:\xampp\htdocs\Consultorio\system\Database\BaseConnection.php(421): CodeIgniter\Database\MySQLi\Connection->connect(false)
#2 C:\xampp\htdocs\Consultorio\system\Database\BaseConnection.php(616): CodeIgniter\Database\BaseConnection->initialize()
#3 C:\xampp\htdocs\Consultorio\app\Models\ConsultorioM.php(50): CodeIgniter\Database\BaseConnection->query('select consulto...')
#4 C:\xampp\htdocs\Consultorio\app\Controllers\Consultorio.php(26): App\Models\ConsultorioM->getImagenConsultorio()
#5 C:\xampp\htdocs\Consultorio\system\CodeIgniter.php(933): App\Controllers\Consultorio->index()
#6 C:\xampp\htdocs\Consultorio\system\CodeIgniter.php(509): CodeIgniter\CodeIgniter->runController(Object(App\Controllers\Consultorio))
#7 C:\xampp\htdocs\Consultorio\system\CodeIgniter.php(355): CodeIgniter\CodeIgniter->handleRequest(NULL, Object(Config\Cache), false)
#8 C:\xampp\htdocs\Consultorio\system\Boot.php(325): CodeIgniter\CodeIgniter->run()
#9 C:\xampp\htdocs\Consultorio\system\Boot.php(67): CodeIgniter\Boot::runCodeIgniter(Object(CodeIgniter\CodeIgniter))
#10 C:\xampp\htdocs\Consultorio\public\index.php(56): CodeIgniter\Boot::bootWeb(Object(Config\Paths))
#11 C:\xampp\htdocs\Consultorio\system\rewrite.php(44): require_once('C:\\xampp\\htdocs...')
#12 {main}

Next CodeIgniter\Database\Exceptions\DatabaseException: No se puede establecer una conexión ya que el equipo de destino denegó expresamente dicha conexión in C:\xampp\htdocs\Consultorio\system\Database\MySQLi\Connection.php:231
Stack trace:
#0 C:\xampp\htdocs\Consultorio\system\Database\BaseConnection.php(421): CodeIgniter\Database\MySQLi\Connection->connect(false)
#1 C:\xampp\htdocs\Consultorio\system\Database\BaseConnection.php(616): CodeIgniter\Database\BaseConnection->initialize()
#2 C:\xampp\htdocs\Consultorio\app\Models\ConsultorioM.php(50): CodeIgniter\Database\BaseConnection->query('select consulto...')
#3 C:\xampp\htdocs\Consultorio\app\Controllers\Consultorio.php(26): App\Models\ConsultorioM->getImagenConsultorio()
#4 C:\xampp\htdocs\Consultorio\system\CodeIgniter.php(933): App\Controllers\Consultorio->index()
#5 C:\xampp\htdocs\Consultorio\system\CodeIgniter.php(509): CodeIgniter\CodeIgniter->runController(Object(App\Controllers\Consultorio))
#6 C:\xampp\htdocs\Consultorio\system\CodeIgniter.php(355): CodeIgniter\CodeIgniter->handleRequest(NULL, Object(Config\Cache), false)
#7 C:\xampp\htdocs\Consultorio\system\Boot.php(325): CodeIgniter\CodeIgniter->run()
#8 C:\xampp\htdocs\Consultorio\system\Boot.php(67): CodeIgniter\Boot::runCodeIgniter(Object(CodeIgniter\CodeIgniter))
#9 C:\xampp\htdocs\Consultorio\public\index.php(56): CodeIgniter\Boot::bootWeb(Object(Config\Paths))
#10 C:\xampp\htdocs\Consultorio\system\rewrite.php(44): require_once('C:\\xampp\\htdocs...')
#11 {main}
CRITICAL - 2024-11-14 00:42:28 --> CodeIgniter\Database\Exceptions\DatabaseException: Unable to connect to the database.
Main connection [MySQLi]: No se puede establecer una conexión ya que el equipo de destino denegó expresamente dicha conexión
[Method: GET, Route: consultorio]
in SYSTEMPATH\Database\BaseConnection.php on line 467.
 1 SYSTEMPATH\Database\BaseConnection.php(616): CodeIgniter\Database\BaseConnection->initialize()
 2 APPPATH\Models\ConsultorioM.php(50): CodeIgniter\Database\BaseConnection->query('select consultorio.*, imagen.*
                from consultorio, imagen 
                where consultorio.idImagen = imagen.idImagen 
        ')
 3 APPPATH\Controllers\Consultorio.php(26): App\Models\ConsultorioM->getImagenConsultorio()
 4 SYSTEMPATH\CodeIgniter.php(933): App\Controllers\Consultorio->index()
 5 SYSTEMPATH\CodeIgniter.php(509): CodeIgniter\CodeIgniter->runController(Object(App\Controllers\Consultorio))
 6 SYSTEMPATH\CodeIgniter.php(355): CodeIgniter\CodeIgniter->handleRequest(null, Object(Config\Cache), false)
 7 SYSTEMPATH\Boot.php(325): CodeIgniter\CodeIgniter->run()
 8 SYSTEMPATH\Boot.php(67): CodeIgniter\Boot::runCodeIgniter(Object(CodeIgniter\CodeIgniter))
 9 FCPATH\index.php(56): CodeIgniter\Boot::bootWeb(Object(Config\Paths))
10 SYSTEMPATH\rewrite.php(44): require_once('C:\\xampp\\htdocs\\Consultorio\\public\\index.php')
INFO - 2024-11-14 01:46:44 --> Session: Class initialized using 'CodeIgniter\Session\Handlers\FileHandler' driver.
INFO - 2024-11-14 01:46:52 --> Session: Class initialized using 'CodeIgniter\Session\Handlers\FileHandler' driver.
INFO - 2024-11-14 01:46:54 --> Session: Class initialized using 'CodeIgniter\Session\Handlers\FileHandler' driver.
INFO - 2024-11-14 01:47:22 --> Session: Class initialized using 'CodeIgniter\Session\Handlers\FileHandler' driver.
INFO - 2024-11-14 01:47:33 --> Session: Class initialized using 'CodeIgniter\Session\Handlers\FileHandler' driver.
INFO - 2024-11-14 01:47:35 --> Session: Class initialized using 'CodeIgniter\Session\Handlers\FileHandler' driver.
ERROR - 2024-11-14 19:14:49 --> Error connecting to the database: mysqli_sql_exception: No se puede establecer una conexión ya que el equipo de destino denegó expresamente dicha conexión in C:\xampp\htdocs\Consultorio\system\Database\MySQLi\Connection.php:186
Stack trace:
#0 C:\xampp\htdocs\Consultorio\system\Database\MySQLi\Connection.php(186): mysqli->real_connect('127.0.0.1', 'root', Object(SensitiveParameterValue), 'consultorio', 3306, '', 0)
#1 C:\xampp\htdocs\Consultorio\system\Database\BaseConnection.php(421): CodeIgniter\Database\MySQLi\Connection->connect(false)
#2 C:\xampp\htdocs\Consultorio\system\Database\BaseConnection.php(616): CodeIgniter\Database\BaseConnection->initialize()
#3 C:\xampp\htdocs\Consultorio\app\Models\ConsultorioM.php(50): CodeIgniter\Database\BaseConnection->query('select consulto...')
#4 C:\xampp\htdocs\Consultorio\app\Controllers\Consultorio.php(193): App\Models\ConsultorioM->getImagenConsultorio()
#5 C:\xampp\htdocs\Consultorio\system\CodeIgniter.php(933): App\Controllers\Consultorio->Ver()
#6 C:\xampp\htdocs\Consultorio\system\CodeIgniter.php(509): CodeIgniter\CodeIgniter->runController(Object(App\Controllers\Consultorio))
#7 C:\xampp\htdocs\Consultorio\system\CodeIgniter.php(355): CodeIgniter\CodeIgniter->handleRequest(NULL, Object(Config\Cache), false)
#8 C:\xampp\htdocs\Consultorio\system\Boot.php(325): CodeIgniter\CodeIgniter->run()
#9 C:\xampp\htdocs\Consultorio\system\Boot.php(67): CodeIgniter\Boot::runCodeIgniter(Object(CodeIgniter\CodeIgniter))
#10 C:\xampp\htdocs\Consultorio\public\index.php(56): CodeIgniter\Boot::bootWeb(Object(Config\Paths))
#11 C:\xampp\htdocs\Consultorio\system\rewrite.php(44): require_once('C:\\xampp\\htdocs...')
#12 {main}

Next CodeIgniter\Database\Exceptions\DatabaseException: No se puede establecer una conexión ya que el equipo de destino denegó expresamente dicha conexión in C:\xampp\htdocs\Consultorio\system\Database\MySQLi\Connection.php:231
Stack trace:
#0 C:\xampp\htdocs\Consultorio\system\Database\BaseConnection.php(421): CodeIgniter\Database\MySQLi\Connection->connect(false)
#1 C:\xampp\htdocs\Consultorio\system\Database\BaseConnection.php(616): CodeIgniter\Database\BaseConnection->initialize()
#2 C:\xampp\htdocs\Consultorio\app\Models\ConsultorioM.php(50): CodeIgniter\Database\BaseConnection->query('select consulto...')
#3 C:\xampp\htdocs\Consultorio\app\Controllers\Consultorio.php(193): App\Models\ConsultorioM->getImagenConsultorio()
#4 C:\xampp\htdocs\Consultorio\system\CodeIgniter.php(933): App\Controllers\Consultorio->Ver()
#5 C:\xampp\htdocs\Consultorio\system\CodeIgniter.php(509): CodeIgniter\CodeIgniter->runController(Object(App\Controllers\Consultorio))
#6 C:\xampp\htdocs\Consultorio\system\CodeIgniter.php(355): CodeIgniter\CodeIgniter->handleRequest(NULL, Object(Config\Cache), false)
#7 C:\xampp\htdocs\Consultorio\system\Boot.php(325): CodeIgniter\CodeIgniter->run()
#8 C:\xampp\htdocs\Consultorio\system\Boot.php(67): CodeIgniter\Boot::runCodeIgniter(Object(CodeIgniter\CodeIgniter))
#9 C:\xampp\htdocs\Consultorio\public\index.php(56): CodeIgniter\Boot::bootWeb(Object(Config\Paths))
#10 C:\xampp\htdocs\Consultorio\system\rewrite.php(44): require_once('C:\\xampp\\htdocs...')
#11 {main}
CRITICAL - 2024-11-14 19:14:49 --> CodeIgniter\Database\Exceptions\DatabaseException: Unable to connect to the database.
Main connection [MySQLi]: No se puede establecer una conexión ya que el equipo de destino denegó expresamente dicha conexión
[Method: GET, Route: cliente]
in SYSTEMPATH\Database\BaseConnection.php on line 467.
 1 SYSTEMPATH\Database\BaseConnection.php(616): CodeIgniter\Database\BaseConnection->initialize()
 2 APPPATH\Models\ConsultorioM.php(50): CodeIgniter\Database\BaseConnection->query('select consultorio.*, imagen.*
                from consultorio, imagen 
                where consultorio.idImagen = imagen.idImagen 
        ')
 3 APPPATH\Controllers\Consultorio.php(193): App\Models\ConsultorioM->getImagenConsultorio()
 4 SYSTEMPATH\CodeIgniter.php(933): App\Controllers\Consultorio->Ver()
 5 SYSTEMPATH\CodeIgniter.php(509): CodeIgniter\CodeIgniter->runController(Object(App\Controllers\Consultorio))
 6 SYSTEMPATH\CodeIgniter.php(355): CodeIgniter\CodeIgniter->handleRequest(null, Object(Config\Cache), false)
 7 SYSTEMPATH\Boot.php(325): CodeIgniter\CodeIgniter->run()
 8 SYSTEMPATH\Boot.php(67): CodeIgniter\Boot::runCodeIgniter(Object(CodeIgniter\CodeIgniter))
 9 FCPATH\index.php(56): CodeIgniter\Boot::bootWeb(Object(Config\Paths))
10 SYSTEMPATH\rewrite.php(44): require_once('C:\\xampp\\htdocs\\Consultorio\\public\\index.php')
INFO - 2024-11-14 19:47:47 --> Session: Class initialized using 'CodeIgniter\Session\Handlers\FileHandler' driver.
INFO - 2024-11-14 20:01:48 --> Session: Class initialized using 'CodeIgniter\Session\Handlers\FileHandler' driver.
INFO - 2024-11-14 20:15:22 --> Session: Class initialized using 'CodeIgniter\Session\Handlers\FileHandler' driver.
INFO - 2024-11-14 20:15:42 --> Session: Class initialized using 'CodeIgniter\Session\Handlers\FileHandler' driver.
INFO - 2024-11-14 20:15:57 --> Session: Class initialized using 'CodeIgniter\Session\Handlers\FileHandler' driver.
INFO - 2024-11-14 20:16:15 --> Session: Class initialized using 'CodeIgniter\Session\Handlers\FileHandler' driver.
INFO - 2024-11-14 20:16:34 --> Session: Class initialized using 'CodeIgniter\Session\Handlers\FileHandler' driver.
INFO - 2024-11-14 20:16:36 --> Session: Class initialized using 'CodeIgniter\Session\Handlers\FileHandler' driver.
INFO - 2024-11-14 20:16:40 --> Session: Class initialized using 'CodeIgniter\Session\Handlers\FileHandler' driver.
INFO - 2024-11-14 20:18:16 --> Session: Class initialized using 'CodeIgniter\Session\Handlers\FileHandler' driver.
CRITICAL - 2024-11-14 20:18:17 --> ErrorException: Undefined property: stdClass::$id
[Method: GET, Route: consultorioDoctor]
in APPPATH\Views\consultorioDoctor\show.php on line 23.
 1 APPPATH\Views\consultorioDoctor\show.php(23): CodeIgniter\Debug\Exceptions->errorHandler(2, 'Undefined property: stdClass::$id', 'C:\\xampp\\htdocs\\Consultorio\\app\\Views\\consultorioDoctor\\show.php', 23)
 2 SYSTEMPATH\View\View.php(234): include('C:\\xampp\\htdocs\\Consultorio\\app\\Views\\consultorioDoctor\\show.php')
 3 SYSTEMPATH\View\View.php(237): CodeIgniter\View\View->CodeIgniter\View\{closure}()
 4 SYSTEMPATH\Common.php(1169): CodeIgniter\View\View->render('consultorioDoctor/show', [], true)
 5 APPPATH\Controllers\ConsultorioDoctor.php(33): view('consultorioDoctor/show', [...])
 6 SYSTEMPATH\CodeIgniter.php(933): App\Controllers\ConsultorioDoctor->index()
 7 SYSTEMPATH\CodeIgniter.php(509): CodeIgniter\CodeIgniter->runController(Object(App\Controllers\ConsultorioDoctor))
 8 SYSTEMPATH\CodeIgniter.php(355): CodeIgniter\CodeIgniter->handleRequest(null, Object(Config\Cache), false)
 9 SYSTEMPATH\Boot.php(325): CodeIgniter\CodeIgniter->run()
10 SYSTEMPATH\Boot.php(67): CodeIgniter\Boot::runCodeIgniter(Object(CodeIgniter\CodeIgniter))
11 FCPATH\index.php(56): CodeIgniter\Boot::bootWeb(Object(Config\Paths))
12 SYSTEMPATH\rewrite.php(44): require_once('C:\\xampp\\htdocs\\Consultorio\\public\\index.php')
CRITICAL - 2024-11-14 20:22:42 --> ErrorException: Undefined property: stdClass::$nombreConsultorio
[Method: GET, Route: consultorioDoctor]
in APPPATH\Views\consultorioDoctor\show.php on line 24.
 1 APPPATH\Views\consultorioDoctor\show.php(24): CodeIgniter\Debug\Exceptions->errorHandler(2, 'Undefined property: stdClass::$nombreConsultorio', 'C:\\xampp\\htdocs\\Consultorio\\app\\Views\\consultorioDoctor\\show.php', 24)
 2 SYSTEMPATH\View\View.php(234): include('C:\\xampp\\htdocs\\Consultorio\\app\\Views\\consultorioDoctor\\show.php')
 3 SYSTEMPATH\View\View.php(237): CodeIgniter\View\View->CodeIgniter\View\{closure}()
 4 SYSTEMPATH\Common.php(1169): CodeIgniter\View\View->render('consultorioDoctor/show', [], true)
 5 APPPATH\Controllers\ConsultorioDoctor.php(31): view('consultorioDoctor/show', [...])
 6 SYSTEMPATH\CodeIgniter.php(933): App\Controllers\ConsultorioDoctor->index()
 7 SYSTEMPATH\CodeIgniter.php(509): CodeIgniter\CodeIgniter->runController(Object(App\Controllers\ConsultorioDoctor))
 8 SYSTEMPATH\CodeIgniter.php(355): CodeIgniter\CodeIgniter->handleRequest(null, Object(Config\Cache), false)
 9 SYSTEMPATH\Boot.php(325): CodeIgniter\CodeIgniter->run()
10 SYSTEMPATH\Boot.php(67): CodeIgniter\Boot::runCodeIgniter(Object(CodeIgniter\CodeIgniter))
11 FCPATH\index.php(56): CodeIgniter\Boot::bootWeb(Object(Config\Paths))
12 SYSTEMPATH\rewrite.php(44): require_once('C:\\xampp\\htdocs\\Consultorio\\public\\index.php')
CRITICAL - 2024-11-14 20:22:44 --> ErrorException: Undefined property: stdClass::$nombreConsultorio
[Method: GET, Route: consultorioDoctor]
in APPPATH\Views\consultorioDoctor\show.php on line 24.
 1 APPPATH\Views\consultorioDoctor\show.php(24): CodeIgniter\Debug\Exceptions->errorHandler(2, 'Undefined property: stdClass::$nombreConsultorio', 'C:\\xampp\\htdocs\\Consultorio\\app\\Views\\consultorioDoctor\\show.php', 24)
 2 SYSTEMPATH\View\View.php(234): include('C:\\xampp\\htdocs\\Consultorio\\app\\Views\\consultorioDoctor\\show.php')
 3 SYSTEMPATH\View\View.php(237): CodeIgniter\View\View->CodeIgniter\View\{closure}()
 4 SYSTEMPATH\Common.php(1169): CodeIgniter\View\View->render('consultorioDoctor/show', [], true)
 5 APPPATH\Controllers\ConsultorioDoctor.php(31): view('consultorioDoctor/show', [...])
 6 SYSTEMPATH\CodeIgniter.php(933): App\Controllers\ConsultorioDoctor->index()
 7 SYSTEMPATH\CodeIgniter.php(509): CodeIgniter\CodeIgniter->runController(Object(App\Controllers\ConsultorioDoctor))
 8 SYSTEMPATH\CodeIgniter.php(355): CodeIgniter\CodeIgniter->handleRequest(null, Object(Config\Cache), false)
 9 SYSTEMPATH\Boot.php(325): CodeIgniter\CodeIgniter->run()
10 SYSTEMPATH\Boot.php(67): CodeIgniter\Boot::runCodeIgniter(Object(CodeIgniter\CodeIgniter))
11 FCPATH\index.php(56): CodeIgniter\Boot::bootWeb(Object(Config\Paths))
12 SYSTEMPATH\rewrite.php(44): require_once('C:\\xampp\\htdocs\\Consultorio\\public\\index.php')
INFO - 2024-11-14 20:26:48 --> Session: Class initialized using 'CodeIgniter\Session\Handlers\FileHandler' driver.
CRITICAL - 2024-11-14 20:26:48 --> ErrorException: Undefined property: stdClass::$id
[Method: GET, Route: cita/add]
in APPPATH\Views\cita\add.php on line 45.
 1 APPPATH\Views\cita\add.php(45): CodeIgniter\Debug\Exceptions->errorHandler(2, 'Undefined property: stdClass::$id', 'C:\\xampp\\htdocs\\Consultorio\\app\\Views\\cita\\add.php', 45)
 2 SYSTEMPATH\View\View.php(234): include('C:\\xampp\\htdocs\\Consultorio\\app\\Views\\cita\\add.php')
 3 SYSTEMPATH\View\View.php(237): CodeIgniter\View\View->CodeIgniter\View\{closure}()
 4 SYSTEMPATH\Common.php(1169): CodeIgniter\View\View->render('cita/add', [], true)
 5 APPPATH\Controllers\Cita.php(54): view('cita/add', [...])
 6 SYSTEMPATH\CodeIgniter.php(933): App\Controllers\Cita->add()
 7 SYSTEMPATH\CodeIgniter.php(509): CodeIgniter\CodeIgniter->runController(Object(App\Controllers\Cita))
 8 SYSTEMPATH\CodeIgniter.php(355): CodeIgniter\CodeIgniter->handleRequest(null, Object(Config\Cache), false)
 9 SYSTEMPATH\Boot.php(325): CodeIgniter\CodeIgniter->run()
10 SYSTEMPATH\Boot.php(67): CodeIgniter\Boot::runCodeIgniter(Object(CodeIgniter\CodeIgniter))
11 FCPATH\index.php(56): CodeIgniter\Boot::bootWeb(Object(Config\Paths))
12 SYSTEMPATH\rewrite.php(44): require_once('C:\\xampp\\htdocs\\Consultorio\\public\\index.php')
INFO - 2024-11-14 20:27:31 --> Session: Class initialized using 'CodeIgniter\Session\Handlers\FileHandler' driver.
INFO - 2024-11-14 20:30:41 --> Session: Class initialized using 'CodeIgniter\Session\Handlers\FileHandler' driver.
CRITICAL - 2024-11-14 20:30:41 --> ErrorException: Undefined property: stdClass::$nombreD
[Method: GET, Route: cita/add]
in APPPATH\Views\cita\add.php on line 46.
 1 APPPATH\Views\cita\add.php(46): CodeIgniter\Debug\Exceptions->errorHandler(2, 'Undefined property: stdClass::$nombreD', 'C:\\xampp\\htdocs\\Consultorio\\app\\Views\\cita\\add.php', 46)
 2 SYSTEMPATH\View\View.php(234): include('C:\\xampp\\htdocs\\Consultorio\\app\\Views\\cita\\add.php')
 3 SYSTEMPATH\View\View.php(237): CodeIgniter\View\View->CodeIgniter\View\{closure}()
 4 SYSTEMPATH\Common.php(1169): CodeIgniter\View\View->render('cita/add', [], true)
 5 APPPATH\Controllers\Cita.php(54): view('cita/add', [...])
 6 SYSTEMPATH\CodeIgniter.php(933): App\Controllers\Cita->add()
 7 SYSTEMPATH\CodeIgniter.php(509): CodeIgniter\CodeIgniter->runController(Object(App\Controllers\Cita))
 8 SYSTEMPATH\CodeIgniter.php(355): CodeIgniter\CodeIgniter->handleRequest(null, Object(Config\Cache), false)
 9 SYSTEMPATH\Boot.php(325): CodeIgniter\CodeIgniter->run()
10 SYSTEMPATH\Boot.php(67): CodeIgniter\Boot::runCodeIgniter(Object(CodeIgniter\CodeIgniter))
11 FCPATH\index.php(56): CodeIgniter\Boot::bootWeb(Object(Config\Paths))
12 SYSTEMPATH\rewrite.php(44): require_once('C:\\xampp\\htdocs\\Consultorio\\public\\index.php')
INFO - 2024-11-14 20:31:11 --> Session: Class initialized using 'CodeIgniter\Session\Handlers\FileHandler' driver.
CRITICAL - 2024-11-14 20:31:11 --> ErrorException: Undefined property: stdClass::$nombreConsultorio
[Method: GET, Route: cita/add]
in APPPATH\Views\cita\add.php on line 46.
 1 APPPATH\Views\cita\add.php(46): CodeIgniter\Debug\Exceptions->errorHandler(2, 'Undefined property: stdClass::$nombreConsultorio', 'C:\\xampp\\htdocs\\Consultorio\\app\\Views\\cita\\add.php', 46)
 2 SYSTEMPATH\View\View.php(234): include('C:\\xampp\\htdocs\\Consultorio\\app\\Views\\cita\\add.php')
 3 SYSTEMPATH\View\View.php(237): CodeIgniter\View\View->CodeIgniter\View\{closure}()
 4 SYSTEMPATH\Common.php(1169): CodeIgniter\View\View->render('cita/add', [], true)
 5 APPPATH\Controllers\Cita.php(54): view('cita/add', [...])
 6 SYSTEMPATH\CodeIgniter.php(933): App\Controllers\Cita->add()
 7 SYSTEMPATH\CodeIgniter.php(509): CodeIgniter\CodeIgniter->runController(Object(App\Controllers\Cita))
 8 SYSTEMPATH\CodeIgniter.php(355): CodeIgniter\CodeIgniter->handleRequest(null, Object(Config\Cache), false)
 9 SYSTEMPATH\Boot.php(325): CodeIgniter\CodeIgniter->run()
10 SYSTEMPATH\Boot.php(67): CodeIgniter\Boot::runCodeIgniter(Object(CodeIgniter\CodeIgniter))
11 FCPATH\index.php(56): CodeIgniter\Boot::bootWeb(Object(Config\Paths))
12 SYSTEMPATH\rewrite.php(44): require_once('C:\\xampp\\htdocs\\Consultorio\\public\\index.php')
INFO - 2024-11-14 20:31:28 --> Session: Class initialized using 'CodeIgniter\Session\Handlers\FileHandler' driver.
INFO - 2024-11-14 20:33:49 --> Session: Class initialized using 'CodeIgniter\Session\Handlers\FileHandler' driver.
INFO - 2024-11-14 20:34:33 --> Session: Class initialized using 'CodeIgniter\Session\Handlers\FileHandler' driver.
INFO - 2024-11-14 20:35:00 --> Session: Class initialized using 'CodeIgniter\Session\Handlers\FileHandler' driver.
INFO - 2024-11-14 20:35:53 --> Session: Class initialized using 'CodeIgniter\Session\Handlers\FileHandler' driver.
INFO - 2024-11-14 20:41:08 --> Session: Class initialized using 'CodeIgniter\Session\Handlers\FileHandler' driver.
CRITICAL - 2024-11-14 20:41:09 --> ErrorException: Undefined property: stdClass::$idCita
[Method: GET, Route: cita]
in APPPATH\Views\cita\show.php on line 23.
 1 APPPATH\Views\cita\show.php(23): CodeIgniter\Debug\Exceptions->errorHandler(2, 'Undefined property: stdClass::$idCita', 'C:\\xampp\\htdocs\\Consultorio\\app\\Views\\cita\\show.php', 23)
 2 SYSTEMPATH\View\View.php(234): include('C:\\xampp\\htdocs\\Consultorio\\app\\Views\\cita\\show.php')
 3 SYSTEMPATH\View\View.php(237): CodeIgniter\View\View->CodeIgniter\View\{closure}()
 4 SYSTEMPATH\Common.php(1169): CodeIgniter\View\View->render('cita/show', [], true)
 5 APPPATH\Controllers\Cita.php(35): view('cita/show', [...])
 6 SYSTEMPATH\CodeIgniter.php(933): App\Controllers\Cita->index()
 7 SYSTEMPATH\CodeIgniter.php(509): CodeIgniter\CodeIgniter->runController(Object(App\Controllers\Cita))
 8 SYSTEMPATH\CodeIgniter.php(355): CodeIgniter\CodeIgniter->handleRequest(null, Object(Config\Cache), false)
 9 SYSTEMPATH\Boot.php(325): CodeIgniter\CodeIgniter->run()
10 SYSTEMPATH\Boot.php(67): CodeIgniter\Boot::runCodeIgniter(Object(CodeIgniter\CodeIgniter))
11 FCPATH\index.php(56): CodeIgniter\Boot::bootWeb(Object(Config\Paths))
12 SYSTEMPATH\rewrite.php(44): require_once('C:\\xampp\\htdocs\\Consultorio\\public\\index.php')
CRITICAL - 2024-11-14 20:41:11 --> ErrorException: Undefined property: stdClass::$idCita
[Method: GET, Route: cita]
in APPPATH\Views\cita\show.php on line 23.
 1 APPPATH\Views\cita\show.php(23): CodeIgniter\Debug\Exceptions->errorHandler(2, 'Undefined property: stdClass::$idCita', 'C:\\xampp\\htdocs\\Consultorio\\app\\Views\\cita\\show.php', 23)
 2 SYSTEMPATH\View\View.php(234): include('C:\\xampp\\htdocs\\Consultorio\\app\\Views\\cita\\show.php')
 3 SYSTEMPATH\View\View.php(237): CodeIgniter\View\View->CodeIgniter\View\{closure}()
 4 SYSTEMPATH\Common.php(1169): CodeIgniter\View\View->render('cita/show', [], true)
 5 APPPATH\Controllers\Cita.php(35): view('cita/show', [...])
 6 SYSTEMPATH\CodeIgniter.php(933): App\Controllers\Cita->index()
 7 SYSTEMPATH\CodeIgniter.php(509): CodeIgniter\CodeIgniter->runController(Object(App\Controllers\Cita))
 8 SYSTEMPATH\CodeIgniter.php(355): CodeIgniter\CodeIgniter->handleRequest(null, Object(Config\Cache), false)
 9 SYSTEMPATH\Boot.php(325): CodeIgniter\CodeIgniter->run()
10 SYSTEMPATH\Boot.php(67): CodeIgniter\Boot::runCodeIgniter(Object(CodeIgniter\CodeIgniter))
11 FCPATH\index.php(56): CodeIgniter\Boot::bootWeb(Object(Config\Paths))
12 SYSTEMPATH\rewrite.php(44): require_once('C:\\xampp\\htdocs\\Consultorio\\public\\index.php')
CRITICAL - 2024-11-14 20:41:33 --> ErrorException: Undefined property: stdClass::$idCita
[Method: GET, Route: cita]
in APPPATH\Views\cita\show.php on line 23.
 1 APPPATH\Views\cita\show.php(23): CodeIgniter\Debug\Exceptions->errorHandler(2, 'Undefined property: stdClass::$idCita', 'C:\\xampp\\htdocs\\Consultorio\\app\\Views\\cita\\show.php', 23)
 2 SYSTEMPATH\View\View.php(234): include('C:\\xampp\\htdocs\\Consultorio\\app\\Views\\cita\\show.php')
 3 SYSTEMPATH\View\View.php(237): CodeIgniter\View\View->CodeIgniter\View\{closure}()
 4 SYSTEMPATH\Common.php(1169): CodeIgniter\View\View->render('cita/show', [], true)
 5 APPPATH\Controllers\Cita.php(35): view('cita/show', [...])
 6 SYSTEMPATH\CodeIgniter.php(933): App\Controllers\Cita->index()
 7 SYSTEMPATH\CodeIgniter.php(509): CodeIgniter\CodeIgniter->runController(Object(App\Controllers\Cita))
 8 SYSTEMPATH\CodeIgniter.php(355): CodeIgniter\CodeIgniter->handleRequest(null, Object(Config\Cache), false)
 9 SYSTEMPATH\Boot.php(325): CodeIgniter\CodeIgniter->run()
10 SYSTEMPATH\Boot.php(67): CodeIgniter\Boot::runCodeIgniter(Object(CodeIgniter\CodeIgniter))
11 FCPATH\index.php(56): CodeIgniter\Boot::bootWeb(Object(Config\Paths))
12 SYSTEMPATH\rewrite.php(44): require_once('C:\\xampp\\htdocs\\Consultorio\\public\\index.php')
CRITICAL - 2024-11-14 20:42:47 --> ErrorException: Undefined property: stdClass::$idCita
[Method: GET, Route: cita]
in APPPATH\Views\cita\show.php on line 23.
 1 APPPATH\Views\cita\show.php(23): CodeIgniter\Debug\Exceptions->errorHandler(2, 'Undefined property: stdClass::$idCita', 'C:\\xampp\\htdocs\\Consultorio\\app\\Views\\cita\\show.php', 23)
 2 SYSTEMPATH\View\View.php(234): include('C:\\xampp\\htdocs\\Consultorio\\app\\Views\\cita\\show.php')
 3 SYSTEMPATH\View\View.php(237): CodeIgniter\View\View->CodeIgniter\View\{closure}()
 4 SYSTEMPATH\Common.php(1169): CodeIgniter\View\View->render('cita/show', [], true)
 5 APPPATH\Controllers\Cita.php(35): view('cita/show', [...])
 6 SYSTEMPATH\CodeIgniter.php(933): App\Controllers\Cita->index()
 7 SYSTEMPATH\CodeIgniter.php(509): CodeIgniter\CodeIgniter->runController(Object(App\Controllers\Cita))
 8 SYSTEMPATH\CodeIgniter.php(355): CodeIgniter\CodeIgniter->handleRequest(null, Object(Config\Cache), false)
 9 SYSTEMPATH\Boot.php(325): CodeIgniter\CodeIgniter->run()
10 SYSTEMPATH\Boot.php(67): CodeIgniter\Boot::runCodeIgniter(Object(CodeIgniter\CodeIgniter))
11 FCPATH\index.php(56): CodeIgniter\Boot::bootWeb(Object(Config\Paths))
12 SYSTEMPATH\rewrite.php(44): require_once('C:\\xampp\\htdocs\\Consultorio\\public\\index.php')
